{"obj": {"type": "AssignString", "path": ["sys", "name"], "value": "Untitled"}, "version": 1}
{"obj": {"type": "AssignString", "path": ["sys", "description"], "value": ""}, "version": 2}
{"obj": {"type": "AssignString", "path": ["sys", "hostname"], "value": "0091fd39faba"}, "version": 3}
{"obj": {"type": "AssignBool", "path": ["sys", "failed"], "value": false}, "version": 4}
{"obj": {"type": "ClearStringLog", "path": ["monitoring", "stdout"]}, "version": 5}
{"obj": {"type": "ClearStringLog", "path": ["monitoring", "stderr"]}, "version": 6}
{"obj": {"type": "AssignString", "path": ["source_code", "entrypoint"], "value": "run.py"}, "version": 7}
{"obj": {"type": "UploadFileSet", "path": ["source_code", "files"], "file_globs": ["/content/drive/MyDrive/Colab Notebooks/partC/NBFNet/script/run.py"], "reset": "False"}, "version": 8}
{"obj": {"type": "ConfigFloatSeries", "path": ["monitoring", "cpu"], "min": 0.0, "max": 100.0, "unit": "%"}, "version": 9}
{"obj": {"type": "ClearFloatLog", "path": ["monitoring", "cpu"]}, "version": 10}
{"obj": {"type": "ConfigFloatSeries", "path": ["monitoring", "memory"], "min": 0.0, "max": 51.00008010864258, "unit": "GB"}, "version": 11}
{"obj": {"type": "ClearFloatLog", "path": ["monitoring", "memory"]}, "version": 12}
{"obj": {"type": "ConfigFloatSeries", "path": ["monitoring", "gpu"], "min": 0.0, "max": 100.0, "unit": "%"}, "version": 13}
{"obj": {"type": "ClearFloatLog", "path": ["monitoring", "gpu"]}, "version": 14}
{"obj": {"type": "ConfigFloatSeries", "path": ["monitoring", "gpu_memory"], "min": 0.0, "max": 15.78173828125, "unit": "GB"}, "version": 15}
{"obj": {"type": "ClearFloatLog", "path": ["monitoring", "gpu_memory"]}, "version": 16}
{"obj": {"type": "LogFloats", "path": ["monitoring", "cpu"], "values": [{"value": 11.0, "step": null, "ts": 1663875736.9316874}]}, "version": 17}
{"obj": {"type": "LogFloats", "path": ["monitoring", "memory"], "values": [{"value": 1.9029502868652344, "step": null, "ts": 1663875736.9316874}]}, "version": 18}
{"obj": {"type": "LogFloats", "path": ["monitoring", "gpu_memory"], "values": [{"value": 0.002685546875, "step": null, "ts": 1663875736.9316874}]}, "version": 19}
{"obj": {"type": "LogStrings", "path": ["monitoring", "stderr"], "values": [{"value": "\rLoading /root/datasets/homogeneous_graphs/cora.content:   0% 0/2708 [00:00<?, ?it/s]", "step": null, "ts": 1663875737.010143}]}, "version": 20}
{"obj": {"type": "LogStrings", "path": ["monitoring", "stderr"], "values": [{"value": "\rLoading /root/datasets/homogeneous_graphs/cora.content:   1% 19/2708 [00:00<00:14, 185.38it/s]", "step": null, "ts": 1663875737.1148012}]}, "version": 21}
{"obj": {"type": "LogStrings", "path": ["monitoring", "stderr"], "values": [{"value": "\rLoading /root/datasets/homogeneous_graphs/cora.content:   1% 38/2708 [00:00<00:14, 182.59it/s]", "step": null, "ts": 1663875737.2199051}]}, "version": 22}
{"obj": {"type": "LogStrings", "path": ["monitoring", "stderr"], "values": [{"value": "\rLoading /root/datasets/homogeneous_graphs/cora.content:   2% 57/2708 [00:00<00:14, 183.54it/s]", "step": null, "ts": 1663875737.3229916}]}, "version": 23}
{"obj": {"type": "LogStrings", "path": ["monitoring", "stderr"], "values": [{"value": "\rLoading /root/datasets/homogeneous_graphs/cora.content:   3% 77/2708 [00:00<00:14, 186.69it/s]", "step": null, "ts": 1663875737.4272523}]}, "version": 24}
{"obj": {"type": "LogStrings", "path": ["monitoring", "stderr"], "values": [{"value": "\rLoading /root/datasets/homogeneous_graphs/cora.content:   4% 96/2708 [00:00<00:14, 185.90it/s]", "step": null, "ts": 1663875737.5302558}]}, "version": 25}
{"obj": {"type": "LogStrings", "path": ["monitoring", "stderr"], "values": [{"value": "\rLoading /root/datasets/homogeneous_graphs/cora.content:   4% 115/2708 [00:00<00:13, 185.81it/s]", "step": null, "ts": 1663875737.6325834}]}, "version": 26}
{"obj": {"type": "LogStrings", "path": ["monitoring", "stderr"], "values": [{"value": "\rLoading /root/datasets/homogeneous_graphs/cora.content:   5% 135/2708 [00:00<00:13, 188.53it/s]", "step": null, "ts": 1663875737.7356226}]}, "version": 27}
{"obj": {"type": "LogStrings", "path": ["monitoring", "stderr"], "values": [{"value": "\rLoading /root/datasets/homogeneous_graphs/cora.content:   6% 154/2708 [00:00<00:13, 187.12it/s]", "step": null, "ts": 1663875737.8388157}]}, "version": 28}
{"obj": {"type": "LogStrings", "path": ["monitoring", "stderr"], "values": [{"value": "\rLoading /root/datasets/homogeneous_graphs/cora.content:   6% 174/2708 [00:00<00:13, 189.85it/s]", "step": null, "ts": 1663875737.9409108}]}, "version": 29}
{"obj": {"type": "LogStrings", "path": ["monitoring", "stderr"], "values": [{"value": "\rLoading /root/datasets/homogeneous_graphs/cora.content:   7% 194/2708 [00:01<00:13, 191.34it/s]", "step": null, "ts": 1663875738.0436492}]}, "version": 30}
{"obj": {"type": "LogStrings", "path": ["monitoring", "stderr"], "values": [{"value": "\rLoading /root/datasets/homogeneous_graphs/cora.content:   8% 214/2708 [00:01<00:13, 190.37it/s]", "step": null, "ts": 1663875738.1498961}]}, "version": 31}
{"obj": {"type": "LogStrings", "path": ["monitoring", "stderr"], "values": [{"value": "\rLoading /root/datasets/homogeneous_graphs/cora.content:   9% 234/2708 [00:01<00:13, 189.83it/s]", "step": null, "ts": 1663875738.2559297}]}, "version": 32}
{"obj": {"type": "LogStrings", "path": ["monitoring", "stderr"], "values": [{"value": "\rLoading /root/datasets/homogeneous_graphs/cora.content:   9% 254/2708 [00:01<00:12, 191.26it/s]", "step": null, "ts": 1663875738.358694}]}, "version": 33}
{"obj": {"type": "LogStrings", "path": ["monitoring", "stderr"], "values": [{"value": "\rLoading /root/datasets/homogeneous_graphs/cora.content:  10% 274/2708 [00:01<00:12, 191.01it/s]", "step": null, "ts": 1663875738.463734}]}, "version": 34}
{"obj": {"type": "LogStrings", "path": ["monitoring", "stderr"], "values": [{"value": "\rLoading /root/datasets/homogeneous_graphs/cora.content:  11% 294/2708 [00:01<00:12, 190.60it/s]", "step": null, "ts": 1663875738.5691748}]}, "version": 35}
{"obj": {"type": "LogStrings", "path": ["monitoring", "stderr"], "values": [{"value": "\rLoading /root/datasets/homogeneous_graphs/cora.content:  12% 314/2708 [00:01<00:12, 190.26it/s]", "step": null, "ts": 1663875738.674757}]}, "version": 36}
{"obj": {"type": "LogStrings", "path": ["monitoring", "stderr"], "values": [{"value": "\rLoading /root/datasets/homogeneous_graphs/cora.content:  12% 334/2708 [00:01<00:12, 190.58it/s]", "step": null, "ts": 1663875738.7792664}]}, "version": 37}
{"obj": {"type": "LogStrings", "path": ["monitoring", "stderr"], "values": [{"value": "\rLoading /root/datasets/homogeneous_graphs/cora.content:  13% 354/2708 [00:01<00:12, 190.51it/s]", "step": null, "ts": 1663875738.884337}]}, "version": 38}
{"obj": {"type": "LogStrings", "path": ["monitoring", "stderr"], "values": [{"value": "\rLoading /root/datasets/homogeneous_graphs/cora.content:  14% 374/2708 [00:01<00:12, 189.11it/s]", "step": null, "ts": 1663875738.991905}]}, "version": 39}
{"obj": {"type": "LogStrings", "path": ["monitoring", "stderr"], "values": [{"value": "\rLoading /root/datasets/homogeneous_graphs/cora.content:  15% 393/2708 [00:02<00:12, 189.32it/s]", "step": null, "ts": 1663875739.0920217}]}, "version": 40}
{"obj": {"type": "LogStrings", "path": ["monitoring", "stderr"], "values": [{"value": "\rLoading /root/datasets/homogeneous_graphs/cora.content:  15% 413/2708 [00:02<00:12, 190.82it/s]", "step": null, "ts": 1663875739.194916}]}, "version": 41}
{"obj": {"type": "LogStrings", "path": ["monitoring", "stderr"], "values": [{"value": "\rLoading /root/datasets/homogeneous_graphs/cora.content:  16% 433/2708 [00:02<00:12, 188.42it/s]", "step": null, "ts": 1663875739.3041084}]}, "version": 42}
{"obj": {"type": "LogStrings", "path": ["monitoring", "stderr"], "values": [{"value": "\rLoading /root/datasets/homogeneous_graphs/cora.content:  17% 453/2708 [00:02<00:11, 190.81it/s]", "step": null, "ts": 1663875739.405878}]}, "version": 43}
{"obj": {"type": "LogStrings", "path": ["monitoring", "stderr"], "values": [{"value": "\rLoading /root/datasets/homogeneous_graphs/cora.content:  17% 473/2708 [00:02<00:11, 190.91it/s]", "step": null, "ts": 1663875739.5104914}]}, "version": 44}
{"obj": {"type": "LogStrings", "path": ["monitoring", "stderr"], "values": [{"value": "\rLoading /root/datasets/homogeneous_graphs/cora.content:  18% 493/2708 [00:02<00:11, 189.42it/s]", "step": null, "ts": 1663875739.6180222}]}, "version": 45}
{"obj": {"type": "LogStrings", "path": ["monitoring", "stderr"], "values": [{"value": "\rLoading /root/datasets/homogeneous_graphs/cora.content:  19% 512/2708 [00:02<00:11, 189.31it/s]", "step": null, "ts": 1663875739.7184913}]}, "version": 46}
{"obj": {"type": "LogStrings", "path": ["monitoring", "stderr"], "values": [{"value": "\rLoading /root/datasets/homogeneous_graphs/cora.content:  20% 531/2708 [00:02<00:11, 188.38it/s]", "step": null, "ts": 1663875739.8205726}]}, "version": 47}
{"obj": {"type": "LogStrings", "path": ["monitoring", "stderr"], "values": [{"value": "\rLoading /root/datasets/homogeneous_graphs/cora.content:  20% 550/2708 [00:02<00:11, 188.71it/s]", "step": null, "ts": 1663875739.9208148}]}, "version": 48}
{"obj": {"type": "LogStrings", "path": ["monitoring", "stderr"], "values": [{"value": "\rLoading /root/datasets/homogeneous_graphs/cora.content:  21% 569/2708 [00:03<00:11, 188.74it/s]", "step": null, "ts": 1663875740.0214522}]}, "version": 49}
{"obj": {"type": "LogStrings", "path": ["monitoring", "stderr"], "values": [{"value": "\rLoading /root/datasets/homogeneous_graphs/cora.content:  22% 588/2708 [00:03<00:11, 180.38it/s]", "step": null, "ts": 1663875740.1378376}]}, "version": 50}
{"obj": {"type": "LogStrings", "path": ["monitoring", "stderr"], "values": [{"value": "\rLoading /root/datasets/homogeneous_graphs/cora.content:  22% 607/2708 [00:03<00:11, 182.99it/s]", "step": null, "ts": 1663875740.2381146}]}, "version": 51}
{"obj": {"type": "LogStrings", "path": ["monitoring", "stderr"], "values": [{"value": "\rLoading /root/datasets/homogeneous_graphs/cora.content:  23% 626/2708 [00:03<00:11, 185.02it/s]", "step": null, "ts": 1663875740.3381076}]}, "version": 52}
{"obj": {"type": "LogStrings", "path": ["monitoring", "stderr"], "values": [{"value": "\rLoading /root/datasets/homogeneous_graphs/cora.content:  24% 646/2708 [00:03<00:11, 186.91it/s]", "step": null, "ts": 1663875740.4426737}]}, "version": 53}
{"obj": {"type": "LogStrings", "path": ["monitoring", "stderr"], "values": [{"value": "\rLoading /root/datasets/homogeneous_graphs/cora.content:  25% 666/2708 [00:03<00:10, 188.57it/s]", "step": null, "ts": 1663875740.5466237}]}, "version": 54}
{"obj": {"type": "LogStrings", "path": ["monitoring", "stderr"], "values": [{"value": "\rLoading /root/datasets/homogeneous_graphs/cora.content:  25% 685/2708 [00:03<00:10, 187.37it/s]", "step": null, "ts": 1663875740.649577}]}, "version": 55}
{"obj": {"type": "LogStrings", "path": ["monitoring", "stderr"], "values": [{"value": "\rLoading /root/datasets/homogeneous_graphs/cora.content:  26% 704/2708 [00:03<00:10, 188.13it/s]", "step": null, "ts": 1663875740.749627}]}, "version": 56}
{"obj": {"type": "LogStrings", "path": ["monitoring", "stderr"], "values": [{"value": "\rLoading /root/datasets/homogeneous_graphs/cora.content:  27% 723/2708 [00:03<00:10, 186.83it/s]", "step": null, "ts": 1663875740.8529768}]}, "version": 57}
{"obj": {"type": "LogStrings", "path": ["monitoring", "stderr"], "values": [{"value": "\rLoading /root/datasets/homogeneous_graphs/cora.content:  27% 743/2708 [00:03<00:10, 187.91it/s]", "step": null, "ts": 1663875740.9580197}]}, "version": 58}
{"obj": {"type": "LogStrings", "path": ["monitoring", "stderr"], "values": [{"value": "\rLoading /root/datasets/homogeneous_graphs/cora.content:  28% 763/2708 [00:04<00:10, 188.93it/s]", "step": null, "ts": 1663875741.062579}]}, "version": 59}
{"obj": {"type": "LogStrings", "path": ["monitoring", "stderr"], "values": [{"value": "\rLoading /root/datasets/homogeneous_graphs/cora.content:  29% 782/2708 [00:04<00:10, 188.89it/s]", "step": null, "ts": 1663875741.1632245}]}, "version": 60}
{"obj": {"type": "LogStrings", "path": ["monitoring", "stderr"], "values": [{"value": "\rLoading /root/datasets/homogeneous_graphs/cora.content:  30% 802/2708 [00:04<00:10, 189.53it/s]", "step": null, "ts": 1663875741.2679574}]}, "version": 61}
{"obj": {"type": "LogStrings", "path": ["monitoring", "stderr"], "values": [{"value": "\rLoading /root/datasets/homogeneous_graphs/cora.content:  30% 821/2708 [00:04<00:13, 142.74it/s]", "step": null, "ts": 1663875741.4801357}]}, "version": 62}
{"obj": {"type": "LogStrings", "path": ["monitoring", "stderr"], "values": [{"value": "\rLoading /root/datasets/homogeneous_graphs/cora.content:  31% 840/2708 [00:04<00:12, 153.62it/s]", "step": null, "ts": 1663875741.5813437}]}, "version": 63}
{"obj": {"type": "LogStrings", "path": ["monitoring", "stderr"], "values": [{"value": "\rLoading /root/datasets/homogeneous_graphs/cora.content:  32% 860/2708 [00:04<00:11, 163.90it/s]", "step": null, "ts": 1663875741.6849952}]}, "version": 64}
{"obj": {"type": "LogStrings", "path": ["monitoring", "stderr"], "values": [{"value": "\rLoading /root/datasets/homogeneous_graphs/cora.content:  32% 880/2708 [00:04<00:10, 171.50it/s]", "step": null, "ts": 1663875741.7892997}]}, "version": 65}
{"obj": {"type": "LogStrings", "path": ["monitoring", "stderr"], "values": [{"value": "\rLoading /root/datasets/homogeneous_graphs/cora.content:  33% 900/2708 [00:04<00:10, 177.48it/s]", "step": null, "ts": 1663875741.892984}]}, "version": 66}
{"obj": {"type": "LogStrings", "path": ["monitoring", "stderr"], "values": [{"value": "\rLoading /root/datasets/homogeneous_graphs/cora.content:  34% 920/2708 [00:04<00:09, 181.02it/s]", "step": null, "ts": 1663875741.998415}]}, "version": 67}
{"obj": {"type": "LogStrings", "path": ["monitoring", "stderr"], "values": [{"value": "\rLoading /root/datasets/homogeneous_graphs/cora.content:  35% 939/2708 [00:05<00:09, 183.22it/s]", "step": null, "ts": 1663875742.0990038}]}, "version": 68}
{"obj": {"type": "LogStrings", "path": ["monitoring", "stderr"], "values": [{"value": "\rLoading /root/datasets/homogeneous_graphs/cora.content:  35% 959/2708 [00:05<00:09, 185.66it/s]", "step": null, "ts": 1663875742.2034798}]}, "version": 69}
{"obj": {"type": "LogStrings", "path": ["monitoring", "stderr"], "values": [{"value": "\rLoading /root/datasets/homogeneous_graphs/cora.content:  36% 979/2708 [00:05<00:09, 188.27it/s]", "step": null, "ts": 1663875742.3062618}]}, "version": 70}
{"obj": {"type": "LogStrings", "path": ["monitoring", "stderr"], "values": [{"value": "\rLoading /root/datasets/homogeneous_graphs/cora.content:  37% 999/2708 [00:05<00:09, 187.10it/s]", "step": null, "ts": 1663875742.4147131}]}, "version": 71}
{"obj": {"type": "LogStrings", "path": ["monitoring", "stderr"], "values": [{"value": "\rLoading /root/datasets/homogeneous_graphs/cora.content:  38% 1018/2708 [00:05<00:09, 187.37it/s]", "step": null, "ts": 1663875742.5157602}]}, "version": 72}
{"obj": {"type": "LogStrings", "path": ["monitoring", "stderr"], "values": [{"value": "\rLoading /root/datasets/homogeneous_graphs/cora.content:  38% 1038/2708 [00:05<00:08, 188.83it/s]", "step": null, "ts": 1663875742.6197731}]}, "version": 73}
{"obj": {"type": "LogStrings", "path": ["monitoring", "stderr"], "values": [{"value": "\rLoading /root/datasets/homogeneous_graphs/cora.content:  39% 1057/2708 [00:05<00:08, 187.50it/s]", "step": null, "ts": 1663875742.7228413}]}, "version": 74}
{"obj": {"type": "LogStrings", "path": ["monitoring", "stderr"], "values": [{"value": "\rLoading /root/datasets/homogeneous_graphs/cora.content:  40% 1076/2708 [00:05<00:08, 188.03it/s]", "step": null, "ts": 1663875742.8231978}]}, "version": 75}
{"obj": {"type": "LogStrings", "path": ["monitoring", "stderr"], "values": [{"value": "\rLoading /root/datasets/homogeneous_graphs/cora.content:  40% 1096/2708 [00:05<00:08, 188.99it/s]", "step": null, "ts": 1663875742.9277995}]}, "version": 76}
{"obj": {"type": "LogStrings", "path": ["monitoring", "stderr"], "values": [{"value": "\rLoading /root/datasets/homogeneous_graphs/cora.content:  41% 1115/2708 [00:06<00:08, 188.19it/s]", "step": null, "ts": 1663875743.029801}]}, "version": 77}
{"obj": {"type": "LogStrings", "path": ["monitoring", "stderr"], "values": [{"value": "\rLoading /root/datasets/homogeneous_graphs/cora.content:  42% 1134/2708 [00:06<00:08, 187.49it/s]", "step": null, "ts": 1663875743.1320431}]}, "version": 78}
{"obj": {"type": "LogStrings", "path": ["monitoring", "stderr"], "values": [{"value": "\rLoading /root/datasets/homogeneous_graphs/cora.content:  43% 1153/2708 [00:06<00:08, 187.62it/s]", "step": null, "ts": 1663875743.233165}]}, "version": 79}
{"obj": {"type": "LogStrings", "path": ["monitoring", "stderr"], "values": [{"value": "\rLoading /root/datasets/homogeneous_graphs/cora.content:  43% 1173/2708 [00:06<00:08, 188.81it/s]", "step": null, "ts": 1663875743.33757}]}, "version": 80}
{"obj": {"type": "LogStrings", "path": ["monitoring", "stderr"], "values": [{"value": "\rLoading /root/datasets/homogeneous_graphs/cora.content:  44% 1193/2708 [00:06<00:07, 190.88it/s]", "step": null, "ts": 1663875743.4397964}]}, "version": 81}
{"obj": {"type": "LogStrings", "path": ["monitoring", "stderr"], "values": [{"value": "\rLoading /root/datasets/homogeneous_graphs/cora.content:  45% 1213/2708 [00:06<00:07, 190.12it/s]", "step": null, "ts": 1663875743.5459137}]}, "version": 82}
{"obj": {"type": "LogStrings", "path": ["monitoring", "stderr"], "values": [{"value": "\rLoading /root/datasets/homogeneous_graphs/cora.content:  46% 1233/2708 [00:06<00:07, 187.61it/s]", "step": null, "ts": 1663875743.6557589}]}, "version": 83}
{"obj": {"type": "LogStrings", "path": ["monitoring", "stderr"], "values": [{"value": "\rLoading /root/datasets/homogeneous_graphs/cora.content:  46% 1252/2708 [00:06<00:07, 186.31it/s]", "step": null, "ts": 1663875743.759493}]}, "version": 84}
{"obj": {"type": "LogStrings", "path": ["monitoring", "stderr"], "values": [{"value": "\rLoading /root/datasets/homogeneous_graphs/cora.content:  47% 1272/2708 [00:06<00:07, 188.14it/s]", "step": null, "ts": 1663875743.8633785}]}, "version": 85}
{"obj": {"type": "LogStrings", "path": ["monitoring", "stderr"], "values": [{"value": "\rLoading /root/datasets/homogeneous_graphs/cora.content:  48% 1292/2708 [00:06<00:07, 189.47it/s]", "step": null, "ts": 1663875743.9672375}]}, "version": 86}
{"obj": {"type": "LogStrings", "path": ["monitoring", "stderr"], "values": [{"value": "\rLoading /root/datasets/homogeneous_graphs/cora.content:  48% 1311/2708 [00:07<00:07, 187.83it/s]", "step": null, "ts": 1663875744.0705497}]}, "version": 87}
{"obj": {"type": "LogStrings", "path": ["monitoring", "stderr"], "values": [{"value": "\rLoading /root/datasets/homogeneous_graphs/cora.content:  49% 1330/2708 [00:07<00:07, 188.04it/s]", "step": null, "ts": 1663875744.1712863}]}, "version": 88}
{"obj": {"type": "LogStrings", "path": ["monitoring", "stderr"], "values": [{"value": "\rLoading /root/datasets/homogeneous_graphs/cora.content:  50% 1350/2708 [00:07<00:07, 188.71it/s]", "step": null, "ts": 1663875744.2764268}]}, "version": 89}
{"obj": {"type": "LogStrings", "path": ["monitoring", "stderr"], "values": [{"value": "\rLoading /root/datasets/homogeneous_graphs/cora.content:  51% 1370/2708 [00:07<00:07, 190.19it/s]", "step": null, "ts": 1663875744.3797016}]}, "version": 90}
{"obj": {"type": "LogStrings", "path": ["monitoring", "stderr"], "values": [{"value": "\rLoading /root/datasets/homogeneous_graphs/cora.content:  51% 1390/2708 [00:07<00:06, 191.25it/s]", "step": null, "ts": 1663875744.4829266}]}, "version": 91}
{"obj": {"type": "LogStrings", "path": ["monitoring", "stderr"], "values": [{"value": "\rLoading /root/datasets/homogeneous_graphs/cora.content:  52% 1410/2708 [00:07<00:06, 189.88it/s]", "step": null, "ts": 1663875744.590015}]}, "version": 92}
{"obj": {"type": "LogStrings", "path": ["monitoring", "stderr"], "values": [{"value": "\rLoading /root/datasets/homogeneous_graphs/cora.content:  53% 1429/2708 [00:07<00:06, 189.29it/s]", "step": null, "ts": 1663875744.6911483}]}, "version": 93}
{"obj": {"type": "LogStrings", "path": ["monitoring", "stderr"], "values": [{"value": "\rLoading /root/datasets/homogeneous_graphs/cora.content:  53% 1448/2708 [00:07<00:06, 189.35it/s]", "step": null, "ts": 1663875744.791406}]}, "version": 94}
{"obj": {"type": "LogStrings", "path": ["monitoring", "stderr"], "values": [{"value": "\rLoading /root/datasets/homogeneous_graphs/cora.content:  54% 1467/2708 [00:07<00:06, 188.99it/s]", "step": null, "ts": 1663875744.8924375}]}, "version": 95}
{"obj": {"type": "LogStrings", "path": ["monitoring", "stderr"], "values": [{"value": "\rLoading /root/datasets/homogeneous_graphs/cora.content:  55% 1487/2708 [00:07<00:06, 189.60it/s]", "step": null, "ts": 1663875744.9971266}]}, "version": 96}
{"obj": {"type": "LogStrings", "path": ["monitoring", "stderr"], "values": [{"value": "\rLoading /root/datasets/homogeneous_graphs/cora.content:  56% 1506/2708 [00:08<00:06, 181.68it/s]", "step": null, "ts": 1663875745.1121893}]}, "version": 97}
{"obj": {"type": "LogStrings", "path": ["monitoring", "stderr"], "values": [{"value": "\rLoading /root/datasets/homogeneous_graphs/cora.content:  56% 1525/2708 [00:08<00:06, 181.42it/s]", "step": null, "ts": 1663875745.2172728}]}, "version": 98}
{"obj": {"type": "LogStrings", "path": ["monitoring", "stderr"], "values": [{"value": "\rLoading /root/datasets/homogeneous_graphs/cora.content:  57% 1544/2708 [00:08<00:06, 183.37it/s]", "step": null, "ts": 1663875745.3182423}]}, "version": 99}
{"obj": {"type": "LogStrings", "path": ["monitoring", "stderr"], "values": [{"value": "\rLoading /root/datasets/homogeneous_graphs/cora.content:  58% 1563/2708 [00:08<00:06, 184.85it/s]", "step": null, "ts": 1663875745.4190676}]}, "version": 100}
{"obj": {"type": "LogStrings", "path": ["monitoring", "stderr"], "values": [{"value": "\rLoading /root/datasets/homogeneous_graphs/cora.content:  58% 1582/2708 [00:08<00:06, 185.34it/s]", "step": null, "ts": 1663875745.520996}]}, "version": 101}
{"obj": {"type": "LogStrings", "path": ["monitoring", "stderr"], "values": [{"value": "\rLoading /root/datasets/homogeneous_graphs/cora.content:  59% 1601/2708 [00:08<00:05, 186.37it/s]", "step": null, "ts": 1663875745.621577}]}, "version": 102}
{"obj": {"type": "LogStrings", "path": ["monitoring", "stderr"], "values": [{"value": "\rLoading /root/datasets/homogeneous_graphs/cora.content:  60% 1620/2708 [00:08<00:05, 184.99it/s]", "step": null, "ts": 1663875745.7260754}]}, "version": 103}
{"obj": {"type": "LogStrings", "path": ["monitoring", "stderr"], "values": [{"value": "\rLoading /root/datasets/homogeneous_graphs/cora.content:  61% 1639/2708 [00:08<00:05, 184.29it/s]", "step": null, "ts": 1663875745.8301008}]}, "version": 104}
{"obj": {"type": "LogStrings", "path": ["monitoring", "stderr"], "values": [{"value": "\rLoading /root/datasets/homogeneous_graphs/cora.content:  61% 1658/2708 [00:08<00:05, 178.92it/s]", "step": null, "ts": 1663875745.943508}]}, "version": 105}
{"obj": {"type": "LogStrings", "path": ["monitoring", "stderr"], "values": [{"value": "\rLoading /root/datasets/homogeneous_graphs/cora.content:  62% 1676/2708 [00:09<00:05, 177.15it/s]", "step": null, "ts": 1663875746.0476036}]}, "version": 106}
{"obj": {"type": "LogStrings", "path": ["monitoring", "stderr"], "values": [{"value": "\rLoading /root/datasets/homogeneous_graphs/cora.content:  63% 1694/2708 [00:09<00:05, 177.50it/s]", "step": null, "ts": 1663875746.1485097}]}, "version": 107}
{"obj": {"type": "LogStrings", "path": ["monitoring", "stderr"], "values": [{"value": "\rLoading /root/datasets/homogeneous_graphs/cora.content:  63% 1713/2708 [00:09<00:05, 180.83it/s]", "step": null, "ts": 1663875746.2491143}]}, "version": 108}
{"obj": {"type": "LogStrings", "path": ["monitoring", "stderr"], "values": [{"value": "\rLoading /root/datasets/homogeneous_graphs/cora.content:  64% 1732/2708 [00:09<00:05, 182.95it/s]", "step": null, "ts": 1663875746.3501747}]}, "version": 109}
{"obj": {"type": "LogStrings", "path": ["monitoring", "stderr"], "values": [{"value": "\rLoading /root/datasets/homogeneous_graphs/cora.content:  65% 1752/2708 [00:09<00:05, 186.26it/s]", "step": null, "ts": 1663875746.4533205}]}, "version": 110}
{"obj": {"type": "LogStrings", "path": ["monitoring", "stderr"], "values": [{"value": "\rLoading /root/datasets/homogeneous_graphs/cora.content:  65% 1772/2708 [00:09<00:04, 187.99it/s]", "step": null, "ts": 1663875746.5574863}]}, "version": 111}
{"obj": {"type": "LogStrings", "path": ["monitoring", "stderr"], "values": [{"value": "\rLoading /root/datasets/homogeneous_graphs/cora.content:  66% 1792/2708 [00:09<00:04, 188.75it/s]", "step": null, "ts": 1663875746.6624877}]}, "version": 112}
{"obj": {"type": "LogStrings", "path": ["monitoring", "stderr"], "values": [{"value": "\rLoading /root/datasets/homogeneous_graphs/cora.content:  67% 1811/2708 [00:09<00:04, 189.06it/s]", "step": null, "ts": 1663875746.7625957}]}, "version": 113}
{"obj": {"type": "LogStrings", "path": ["monitoring", "stderr"], "values": [{"value": "\rLoading /root/datasets/homogeneous_graphs/cora.content:  68% 1831/2708 [00:09<00:04, 189.95it/s]", "step": null, "ts": 1663875746.8668063}]}, "version": 114}
{"obj": {"type": "LogStrings", "path": ["monitoring", "stderr"], "values": [{"value": "\rLoading /root/datasets/homogeneous_graphs/cora.content:  68% 1851/2708 [00:09<00:04, 190.87it/s]", "step": null, "ts": 1663875746.9704654}]}, "version": 115}
{"obj": {"type": "LogFloats", "path": ["monitoring", "cpu"], "values": [{"value": 13.6, "step": null, "ts": 1663875746.960143}]}, "version": 116}
{"obj": {"type": "LogFloats", "path": ["monitoring", "memory"], "values": [{"value": 1.9230422973632812, "step": null, "ts": 1663875746.960143}]}, "version": 117}
{"obj": {"type": "LogFloats", "path": ["monitoring", "gpu_memory"], "values": [{"value": 0.002685546875, "step": null, "ts": 1663875746.960143}]}, "version": 118}
{"obj": {"type": "LogStrings", "path": ["monitoring", "stderr"], "values": [{"value": "\rLoading /root/datasets/homogeneous_graphs/cora.content:  69% 1871/2708 [00:10<00:04, 188.33it/s]", "step": null, "ts": 1663875747.0798373}]}, "version": 119}
{"obj": {"type": "LogStrings", "path": ["monitoring", "stderr"], "values": [{"value": "\rLoading /root/datasets/homogeneous_graphs/cora.content:  70% 1891/2708 [00:10<00:04, 189.79it/s]", "step": null, "ts": 1663875747.183328}]}, "version": 120}
{"obj": {"type": "LogStrings", "path": ["monitoring", "stderr"], "values": [{"value": "\rLoading /root/datasets/homogeneous_graphs/cora.content:  71% 1910/2708 [00:10<00:04, 186.58it/s]", "step": null, "ts": 1663875747.2893744}]}, "version": 121}
{"obj": {"type": "LogStrings", "path": ["monitoring", "stderr"], "values": [{"value": "\rLoading /root/datasets/homogeneous_graphs/cora.content:  71% 1930/2708 [00:10<00:04, 188.12it/s]", "step": null, "ts": 1663875747.393667}]}, "version": 122}
{"obj": {"type": "LogStrings", "path": ["monitoring", "stderr"], "values": [{"value": "\rLoading /root/datasets/homogeneous_graphs/cora.content:  72% 1949/2708 [00:10<00:04, 187.83it/s]", "step": null, "ts": 1663875747.4952068}]}, "version": 123}
{"obj": {"type": "LogStrings", "path": ["monitoring", "stderr"], "values": [{"value": "\rLoading /root/datasets/homogeneous_graphs/cora.content:  73% 1968/2708 [00:10<00:03, 186.71it/s]", "step": null, "ts": 1663875747.5984514}]}, "version": 124}
{"obj": {"type": "LogStrings", "path": ["monitoring", "stderr"], "values": [{"value": "\rLoading /root/datasets/homogeneous_graphs/cora.content:  73% 1987/2708 [00:10<00:03, 185.64it/s]", "step": null, "ts": 1663875747.7021658}]}, "version": 125}
{"obj": {"type": "LogStrings", "path": ["monitoring", "stderr"], "values": [{"value": "\rLoading /root/datasets/homogeneous_graphs/cora.content:  74% 2006/2708 [00:10<00:03, 182.85it/s]", "step": null, "ts": 1663875747.809788}]}, "version": 126}
{"obj": {"type": "LogStrings", "path": ["monitoring", "stderr"], "values": [{"value": "\rLoading /root/datasets/homogeneous_graphs/cora.content:  75% 2025/2708 [00:10<00:03, 182.23it/s]", "step": null, "ts": 1663875747.9148786}]}, "version": 127}
{"obj": {"type": "LogStrings", "path": ["monitoring", "stderr"], "values": [{"value": "\rLoading /root/datasets/homogeneous_graphs/cora.content:  75% 2044/2708 [00:11<00:03, 182.51it/s]", "step": null, "ts": 1663875748.0186083}]}, "version": 128}
{"obj": {"type": "LogStrings", "path": ["monitoring", "stderr"], "values": [{"value": "\rLoading /root/datasets/homogeneous_graphs/cora.content:  76% 2063/2708 [00:11<00:03, 183.83it/s]", "step": null, "ts": 1663875748.1202087}]}, "version": 129}
{"obj": {"type": "LogStrings", "path": ["monitoring", "stderr"], "values": [{"value": "\rLoading /root/datasets/homogeneous_graphs/cora.content:  77% 2082/2708 [00:11<00:03, 185.41it/s]", "step": null, "ts": 1663875748.2206209}]}, "version": 130}
{"obj": {"type": "LogStrings", "path": ["monitoring", "stderr"], "values": [{"value": "\rLoading /root/datasets/homogeneous_graphs/cora.content:  78% 2101/2708 [00:11<00:03, 185.83it/s]", "step": null, "ts": 1663875748.3223424}]}, "version": 131}
{"obj": {"type": "LogStrings", "path": ["monitoring", "stderr"], "values": [{"value": "\rLoading /root/datasets/homogeneous_graphs/cora.content:  78% 2120/2708 [00:11<00:03, 183.77it/s]", "step": null, "ts": 1663875748.428492}]}, "version": 132}
{"obj": {"type": "LogStrings", "path": ["monitoring", "stderr"], "values": [{"value": "\rLoading /root/datasets/homogeneous_graphs/cora.content:  79% 2139/2708 [00:11<00:03, 183.84it/s]", "step": null, "ts": 1663875748.5316768}]}, "version": 133}
{"obj": {"type": "LogStrings", "path": ["monitoring", "stderr"], "values": [{"value": "\rLoading /root/datasets/homogeneous_graphs/cora.content:  80% 2158/2708 [00:11<00:02, 184.10it/s]", "step": null, "ts": 1663875748.6345272}]}, "version": 134}
{"obj": {"type": "LogStrings", "path": ["monitoring", "stderr"], "values": [{"value": "\rLoading /root/datasets/homogeneous_graphs/cora.content:  80% 2178/2708 [00:11<00:02, 186.18it/s]", "step": null, "ts": 1663875748.7392788}]}, "version": 135}
{"obj": {"type": "LogStrings", "path": ["monitoring", "stderr"], "values": [{"value": "\rLoading /root/datasets/homogeneous_graphs/cora.content:  81% 2197/2708 [00:11<00:02, 186.94it/s]", "step": null, "ts": 1663875748.8399096}]}, "version": 136}
{"obj": {"type": "LogStrings", "path": ["monitoring", "stderr"], "values": [{"value": "\rLoading /root/datasets/homogeneous_graphs/cora.content:  82% 2217/2708 [00:11<00:02, 188.33it/s]", "step": null, "ts": 1663875748.944384}]}, "version": 137}
{"obj": {"type": "LogStrings", "path": ["monitoring", "stderr"], "values": [{"value": "\rLoading /root/datasets/homogeneous_graphs/cora.content:  83% 2237/2708 [00:12<00:02, 189.39it/s]", "step": null, "ts": 1663875749.0486054}]}, "version": 138}
{"obj": {"type": "LogStrings", "path": ["monitoring", "stderr"], "values": [{"value": "\rLoading /root/datasets/homogeneous_graphs/cora.content:  83% 2257/2708 [00:12<00:02, 189.67it/s]", "step": null, "ts": 1663875749.1537085}]}, "version": 139}
{"obj": {"type": "LogStrings", "path": ["monitoring", "stderr"], "values": [{"value": "\rLoading /root/datasets/homogeneous_graphs/cora.content:  84% 2276/2708 [00:12<00:02, 186.89it/s]", "step": null, "ts": 1663875749.258973}]}, "version": 140}
{"obj": {"type": "LogStrings", "path": ["monitoring", "stderr"], "values": [{"value": "\rLoading /root/datasets/homogeneous_graphs/cora.content:  85% 2295/2708 [00:12<00:02, 184.32it/s]", "step": null, "ts": 1663875749.3654726}]}, "version": 141}
{"obj": {"type": "LogStrings", "path": ["monitoring", "stderr"], "values": [{"value": "\rLoading /root/datasets/homogeneous_graphs/cora.content:  85% 2314/2708 [00:12<00:02, 184.56it/s]", "step": null, "ts": 1663875749.468062}]}, "version": 142}
{"obj": {"type": "LogStrings", "path": ["monitoring", "stderr"], "values": [{"value": "\rLoading /root/datasets/homogeneous_graphs/cora.content:  86% 2333/2708 [00:12<00:02, 186.04it/s]", "step": null, "ts": 1663875749.5682647}]}, "version": 143}
{"obj": {"type": "LogStrings", "path": ["monitoring", "stderr"], "values": [{"value": "\rLoading /root/datasets/homogeneous_graphs/cora.content:  87% 2353/2708 [00:12<00:01, 187.39it/s]", "step": null, "ts": 1663875749.673272}]}, "version": 144}
{"obj": {"type": "LogStrings", "path": ["monitoring", "stderr"], "values": [{"value": "\rLoading /root/datasets/homogeneous_graphs/cora.content:  88% 2372/2708 [00:12<00:01, 180.01it/s]", "step": null, "ts": 1663875749.788717}]}, "version": 145}
{"obj": {"type": "LogStrings", "path": ["monitoring", "stderr"], "values": [{"value": "\rLoading /root/datasets/homogeneous_graphs/cora.content:  88% 2391/2708 [00:12<00:01, 182.10it/s]", "step": null, "ts": 1663875749.890199}]}, "version": 146}
{"obj": {"type": "LogStrings", "path": ["monitoring", "stderr"], "values": [{"value": "\rLoading /root/datasets/homogeneous_graphs/cora.content:  89% 2411/2708 [00:12<00:01, 185.28it/s]", "step": null, "ts": 1663875749.9939413}]}, "version": 147}
{"obj": {"type": "LogStrings", "path": ["monitoring", "stderr"], "values": [{"value": "\rLoading /root/datasets/homogeneous_graphs/cora.content:  90% 2430/2708 [00:13<00:01, 185.70it/s]", "step": null, "ts": 1663875750.0956964}]}, "version": 148}
{"obj": {"type": "LogStrings", "path": ["monitoring", "stderr"], "values": [{"value": "\rLoading /root/datasets/homogeneous_graphs/cora.content:  90% 2450/2708 [00:13<00:01, 188.25it/s]", "step": null, "ts": 1663875750.198654}]}, "version": 149}
{"obj": {"type": "LogStrings", "path": ["monitoring", "stderr"], "values": [{"value": "\rLoading /root/datasets/homogeneous_graphs/cora.content:  91% 2469/2708 [00:13<00:01, 186.89it/s]", "step": null, "ts": 1663875750.3021672}]}, "version": 150}
{"obj": {"type": "LogStrings", "path": ["monitoring", "stderr"], "values": [{"value": "\rLoading /root/datasets/homogeneous_graphs/cora.content:  92% 2489/2708 [00:13<00:01, 188.52it/s]", "step": null, "ts": 1663875750.4060862}]}, "version": 151}
{"obj": {"type": "LogStrings", "path": ["monitoring", "stderr"], "values": [{"value": "\rLoading /root/datasets/homogeneous_graphs/cora.content:  93% 2509/2708 [00:13<00:01, 189.49it/s]", "step": null, "ts": 1663875750.5103915}]}, "version": 152}
{"obj": {"type": "LogStrings", "path": ["monitoring", "stderr"], "values": [{"value": "\rLoading /root/datasets/homogeneous_graphs/cora.content:  93% 2528/2708 [00:13<00:00, 189.34it/s]", "step": null, "ts": 1663875750.6109483}]}, "version": 153}
{"obj": {"type": "LogStrings", "path": ["monitoring", "stderr"], "values": [{"value": "\rLoading /root/datasets/homogeneous_graphs/cora.content:  94% 2547/2708 [00:13<00:00, 188.46it/s]", "step": null, "ts": 1663875750.7128816}]}, "version": 154}
{"obj": {"type": "LogStrings", "path": ["monitoring", "stderr"], "values": [{"value": "\rLoading /root/datasets/homogeneous_graphs/cora.content:  95% 2566/2708 [00:13<00:00, 184.39it/s]", "step": null, "ts": 1663875750.8212128}]}, "version": 155}
{"obj": {"type": "LogStrings", "path": ["monitoring", "stderr"], "values": [{"value": "\rLoading /root/datasets/homogeneous_graphs/cora.content:  95% 2585/2708 [00:13<00:00, 182.69it/s]", "step": null, "ts": 1663875750.9275138}]}, "version": 156}
{"obj": {"type": "LogStrings", "path": ["monitoring", "stderr"], "values": [{"value": "\rLoading /root/datasets/homogeneous_graphs/cora.content:  96% 2604/2708 [00:14<00:00, 179.86it/s]", "step": null, "ts": 1663875751.0369556}]}, "version": 157}
{"obj": {"type": "LogStrings", "path": ["monitoring", "stderr"], "values": [{"value": "\rLoading /root/datasets/homogeneous_graphs/cora.content:  97% 2623/2708 [00:14<00:00, 179.79it/s]", "step": null, "ts": 1663875751.1427617}]}, "version": 158}
{"obj": {"type": "LogStrings", "path": ["monitoring", "stderr"], "values": [{"value": "\rLoading /root/datasets/homogeneous_graphs/cora.content:  98% 2641/2708 [00:14<00:00, 179.04it/s]", "step": null, "ts": 1663875751.2443163}]}, "version": 159}
{"obj": {"type": "LogStrings", "path": ["monitoring", "stderr"], "values": [{"value": "\rLoading /root/datasets/homogeneous_graphs/cora.content:  98% 2659/2708 [00:14<00:00, 179.24it/s]", "step": null, "ts": 1663875751.3445015}]}, "version": 160}
{"obj": {"type": "LogStrings", "path": ["monitoring", "stderr"], "values": [{"value": "\rLoading /root/datasets/homogeneous_graphs/cora.content:  99% 2678/2708 [00:14<00:00, 180.07it/s]", "step": null, "ts": 1663875751.4488902}]}, "version": 161}
{"obj": {"type": "LogStrings", "path": ["monitoring", "stderr"], "values": [{"value": "\rLoading /root/datasets/homogeneous_graphs/cora.content: 100% 2697/2708 [00:14<00:00, 182.39it/s]", "step": null, "ts": 1663875751.549985}]}, "version": 162}
{"obj": {"type": "LogStrings", "path": ["monitoring", "stderr"], "values": [{"value": "", "step": null, "ts": 1663875751.6105864}]}, "version": 163}
{"obj": {"type": "LogStrings", "path": ["monitoring", "stderr"], "values": [{"value": "\rLoading /root/datasets/homogeneous_graphs/cora.content: 100% 2708/2708 [00:14<00:00, 185.47it/s]", "step": null, "ts": 1663875751.6126933}]}, "version": 164}
{"obj": {"type": "LogStrings", "path": ["monitoring", "stderr"], "values": [{"value": "\n", "step": null, "ts": 1663875751.6140978}]}, "version": 165}
{"obj": {"type": "LogStrings", "path": ["monitoring", "stderr"], "values": [{"value": "\rLoading /root/datasets/homogeneous_graphs/cora.cites:   0% 0/5429 [00:00<?, ?it/s]", "step": null, "ts": 1663875751.616015}]}, "version": 166}
{"obj": {"type": "LogStrings", "path": ["monitoring", "stderr"], "values": [{"value": "", "step": null, "ts": 1663875751.6238837}]}, "version": 167}
{"obj": {"type": "LogStrings", "path": ["monitoring", "stderr"], "values": [{"value": "\rLoading /root/datasets/homogeneous_graphs/cora.cites: 100% 5429/5429 [00:00<00:00, 689650.39it/s]", "step": null, "ts": 1663875751.6253617}]}, "version": 168}
{"obj": {"type": "LogStrings", "path": ["monitoring", "stderr"], "values": [{"value": "\n", "step": null, "ts": 1663875751.6266062}]}, "version": 169}
{"obj": {"type": "LogStrings", "path": ["monitoring", "stdout"], "values": [{"value": "{'output_dir': '~/experiments/', 'dataset': {'class': 'CoraLinkPrediction', 'path': '~/datasets/homogeneous_graphs/'}, 'task': {'class': 'LinkPrediction', 'model': {'class': 'NBFNet', 'input_dim': 32, 'hidden_dims': [32, 32, 32, 32, 32, 32], 'message_func': 'distmult', 'aggregate_func': 'pna', 'short_cut': True, 'layer_norm': True, 'dependent': False, 'remove_one_hop': True, 'symmetric': True}, 'criterion': 'bce', 'num_negative': 1, 'strict_negative': True}, 'optimizer': {'class': 'Adam', 'lr': 0.005, 'params': <generator object Module.parameters at 0x7f5d99fef9d0>}, 'engine': {'gpus': [0], 'batch_size': 64}, 'train': {'num_epoch': 20}, 'metric': 'auroc'}", "step": null, "ts": 1663875755.4141579}]}, "version": 170}
{"obj": {"type": "LogStrings", "path": ["monitoring", "stdout"], "values": [{"value": "\n", "step": null, "ts": 1663875755.41616}]}, "version": 171}
{"obj": {"type": "LogStrings", "path": ["monitoring", "traceback"], "values": [{"value": "An uncaught exception occurred while run was active on worker 0091fd39faba.", "step": null, "ts": 1663875755.4181204}, {"value": "Marking run as failed", "step": null, "ts": 1663875755.4181204}, {"value": "Traceback:", "step": null, "ts": 1663875755.4181204}, {"value": "  File \"script/run.py\", line 77, in <module>\n", "step": null, "ts": 1663875755.4181204}, {"value": "'str' object has no attribute 'keys'", "step": null, "ts": 1663875755.4181204}]}, "version": 172}
{"obj": {"type": "AssignBool", "path": ["sys", "failed"], "value": true}, "version": 173}
{"obj": {"type": "LogStrings", "path": ["monitoring", "stderr"], "values": [{"value": "Traceback (most recent call last):\n", "step": null, "ts": 1663875755.4208233}]}, "version": 174}
{"obj": {"type": "LogStrings", "path": ["monitoring", "stderr"], "values": [{"value": "  File \"script/run.py\", line 77, in <module>\n", "step": null, "ts": 1663875755.4221058}]}, "version": 175}
{"obj": {"type": "LogStrings", "path": ["monitoring", "stderr"], "values": [{"value": "    ", "step": null, "ts": 1663875755.4244657}]}, "version": 176}
{"obj": {"type": "LogStrings", "path": ["monitoring", "stderr"], "values": [{"value": "for k in cfg[key].keys():", "step": null, "ts": 1663875755.4258256}]}, "version": 177}
{"obj": {"type": "LogStrings", "path": ["monitoring", "stderr"], "values": [{"value": "\n", "step": null, "ts": 1663875755.4272668}]}, "version": 178}
{"obj": {"type": "LogStrings", "path": ["monitoring", "stderr"], "values": [{"value": "AttributeError", "step": null, "ts": 1663875755.4287276}]}, "version": 179}
{"obj": {"type": "LogStrings", "path": ["monitoring", "stderr"], "values": [{"value": ": ", "step": null, "ts": 1663875755.4298356}]}, "version": 180}
{"obj": {"type": "LogStrings", "path": ["monitoring", "stderr"], "values": [{"value": "'str' object has no attribute 'keys'", "step": null, "ts": 1663875755.4309666}]}, "version": 181}
{"obj": {"type": "LogStrings", "path": ["monitoring", "stderr"], "values": [{"value": "\n", "step": null, "ts": 1663875755.432128}]}, "version": 182}
{"obj": {"type": "LogStrings", "path": ["monitoring", "stdout"], "values": [{"value": "Shutting down background jobs, please wait a moment...\n", "step": null, "ts": 1663875755.4336348}]}, "version": 183}
