{"obj": {"type": "AssignString", "path": ["sys", "name"], "value": "Untitled"}, "version": 1}
{"obj": {"type": "AssignString", "path": ["sys", "description"], "value": ""}, "version": 2}
{"obj": {"type": "AssignString", "path": ["sys", "hostname"], "value": "b7304c622974"}, "version": 3}
{"obj": {"type": "AssignBool", "path": ["sys", "failed"], "value": false}, "version": 4}
{"obj": {"type": "ClearStringLog", "path": ["monitoring", "stdout"]}, "version": 5}
{"obj": {"type": "ClearStringLog", "path": ["monitoring", "stderr"]}, "version": 6}
{"obj": {"type": "AssignString", "path": ["source_code", "entrypoint"], "value": "run.py"}, "version": 7}
{"obj": {"type": "UploadFileSet", "path": ["source_code", "files"], "file_globs": ["/content/drive/MyDrive/Colab Notebooks/partC/NBFNet/script/run.py"], "reset": "False"}, "version": 8}
{"obj": {"type": "ConfigFloatSeries", "path": ["monitoring", "cpu"], "min": 0.0, "max": 100.0, "unit": "%"}, "version": 9}
{"obj": {"type": "ClearFloatLog", "path": ["monitoring", "cpu"]}, "version": 10}
{"obj": {"type": "ConfigFloatSeries", "path": ["monitoring", "memory"], "min": 0.0, "max": 12.681224822998047, "unit": "GB"}, "version": 11}
{"obj": {"type": "ClearFloatLog", "path": ["monitoring", "memory"]}, "version": 12}
{"obj": {"type": "ConfigFloatSeries", "path": ["monitoring", "gpu"], "min": 0.0, "max": 100.0, "unit": "%"}, "version": 13}
{"obj": {"type": "ClearFloatLog", "path": ["monitoring", "gpu"]}, "version": 14}
{"obj": {"type": "ConfigFloatSeries", "path": ["monitoring", "gpu_memory"], "min": 0.0, "max": 14.755615234375, "unit": "GB"}, "version": 15}
{"obj": {"type": "ClearFloatLog", "path": ["monitoring", "gpu_memory"]}, "version": 16}
{"obj": {"type": "LogFloats", "path": ["monitoring", "cpu"], "values": [{"value": 23.9, "step": null, "ts": 1666307099.477873}]}, "version": 17}
{"obj": {"type": "LogFloats", "path": ["monitoring", "memory"], "values": [{"value": 1.4953651428222656, "step": null, "ts": 1666307099.477873}]}, "version": 18}
{"obj": {"type": "LogFloats", "path": ["monitoring", "gpu_memory"], "values": [{"value": 0.0029296875, "step": null, "ts": 1666307099.477873}]}, "version": 19}
{"obj": {"type": "LogStrings", "path": ["monitoring", "stderr"], "values": [{"value": "\rLoading /root/datasets/knowledge_graphs/wn18rr_v1_train.txt:   0% 0/5410 [00:00<?, ?it/s]", "step": null, "ts": 1666307099.8536909}]}, "version": 20}
{"obj": {"type": "LogStrings", "path": ["monitoring", "stderr"], "values": [{"value": "", "step": null, "ts": 1666307099.8659077}]}, "version": 21}
{"obj": {"type": "LogStrings", "path": ["monitoring", "stderr"], "values": [{"value": "\rLoading /root/datasets/knowledge_graphs/wn18rr_v1_train.txt: 100% 5410/5410 [00:00<00:00, 398888.74it/s]", "step": null, "ts": 1666307099.8691337}]}, "version": 22}
{"obj": {"type": "LogStrings", "path": ["monitoring", "stderr"], "values": [{"value": "\n", "step": null, "ts": 1666307099.8734066}]}, "version": 23}
{"obj": {"type": "LogStrings", "path": ["monitoring", "stderr"], "values": [{"value": "\rLoading /root/datasets/knowledge_graphs/wn18rr_v1_valid.txt:   0% 0/630 [00:00<?, ?it/s]", "step": null, "ts": 1666307099.8758774}]}, "version": 24}
{"obj": {"type": "LogStrings", "path": ["monitoring", "stderr"], "values": [{"value": "", "step": null, "ts": 1666307099.8784156}]}, "version": 25}
{"obj": {"type": "LogStrings", "path": ["monitoring", "stderr"], "values": [{"value": "\rLoading /root/datasets/knowledge_graphs/wn18rr_v1_valid.txt: 100% 630/630 [00:00<00:00, 269551.31it/s]", "step": null, "ts": 1666307099.8797734}]}, "version": 26}
{"obj": {"type": "LogStrings", "path": ["monitoring", "stderr"], "values": [{"value": "\n", "step": null, "ts": 1666307099.8810513}]}, "version": 27}
{"obj": {"type": "LogStrings", "path": ["monitoring", "stderr"], "values": [{"value": "\rLoading /root/datasets/knowledge_graphs/wn18rr_v1_ind_train.txt:   0% 0/1618 [00:00<?, ?it/s]", "step": null, "ts": 1666307099.8826501}]}, "version": 28}
{"obj": {"type": "LogStrings", "path": ["monitoring", "stderr"], "values": [{"value": "", "step": null, "ts": 1666307099.8864834}]}, "version": 29}
{"obj": {"type": "LogStrings", "path": ["monitoring", "stderr"], "values": [{"value": "\rLoading /root/datasets/knowledge_graphs/wn18rr_v1_ind_train.txt: 100% 1618/1618 [00:00<00:00, 421148.31it/s]", "step": null, "ts": 1666307099.8878531}]}, "version": 30}
{"obj": {"type": "LogStrings", "path": ["monitoring", "stderr"], "values": [{"value": "\n", "step": null, "ts": 1666307099.8891695}]}, "version": 31}
{"obj": {"type": "LogStrings", "path": ["monitoring", "stderr"], "values": [{"value": "\rLoading /root/datasets/knowledge_graphs/wn18rr_v1_ind_test.txt:   0% 0/188 [00:00<?, ?it/s]", "step": null, "ts": 1666307099.8906643}]}, "version": 32}
{"obj": {"type": "LogStrings", "path": ["monitoring", "stderr"], "values": [{"value": "", "step": null, "ts": 1666307099.8922307}]}, "version": 33}
{"obj": {"type": "LogStrings", "path": ["monitoring", "stderr"], "values": [{"value": "\rLoading /root/datasets/knowledge_graphs/wn18rr_v1_ind_test.txt: 100% 188/188 [00:00<00:00, 120625.54it/s]", "step": null, "ts": 1666307099.8935366}]}, "version": 34}
{"obj": {"type": "LogStrings", "path": ["monitoring", "stderr"], "values": [{"value": "\n", "step": null, "ts": 1666307099.8950005}]}, "version": 35}
{"obj": {"type": "LogStrings", "path": ["monitoring", "stdout"], "values": [{"value": "{'output_dir': '~/experiments/', 'dataset': {'class': 'WN18RRInductive', 'path': '~/datasets/knowledge_graphs/', 'version': 'v1'}, 'task': {'class': 'InductiveKnowledgeGraphCompletion', 'model': {'class': 'NBFNet', 'input_dim': 32, 'hidden_dims': [32, 32, 32, 32, 32, 32], 'message_func': 'distmult', 'aggregate_func': 'pna', 'short_cut': True, 'layer_norm': True, 'dependent': False, 'num_relation': tensor(9)}, 'criterion': 'bce', 'num_negative': 32, 'strict_negative': True, 'adversarial_temperature': 1, 'sample_weight': False}, 'optimizer': {'class': 'Adam', 'lr': 0.005, 'params': <generator object Module.parameters at 0x7fc50e621dd0>}, 'engine': {'gpus': [0], 'batch_size': 32}, 'train': {'num_epoch': 20}, 'metric': 'mrr'}", "step": null, "ts": 1666307104.0450103}]}, "version": 36}
{"obj": {"type": "LogStrings", "path": ["monitoring", "stdout"], "values": [{"value": "\n", "step": null, "ts": 1666307104.0470328}]}, "version": 37}
{"obj": {"type": "AssignString", "path": ["params", "dataset", "class"], "value": "WN18RRInductive"}, "version": 38}
{"obj": {"type": "AssignString", "path": ["params", "dataset", "path"], "value": "~/datasets/knowledge_graphs/"}, "version": 39}
{"obj": {"type": "AssignString", "path": ["params", "dataset", "version"], "value": "v1"}, "version": 40}
{"obj": {"type": "AssignString", "path": ["params", "engine", "gpus"], "value": "[0]"}, "version": 41}
{"obj": {"type": "AssignInt", "path": ["params", "engine", "batch_size"], "value": 32}, "version": 42}
{"obj": {"type": "AssignString", "path": ["params", "optimizer", "class"], "value": "Adam"}, "version": 43}
{"obj": {"type": "AssignFloat", "path": ["params", "optimizer", "lr"], "value": 0.005}, "version": 44}
{"obj": {"type": "AssignString", "path": ["params", "optimizer", "params"], "value": "<generator object Module.parameters at 0x7fc50e621dd0>"}, "version": 45}
{"obj": {"type": "AssignString", "path": ["params", "task", "class"], "value": "InductiveKnowledgeGraphCompletion"}, "version": 46}
{"obj": {"type": "AssignString", "path": ["params", "task", "model", "class"], "value": "NBFNet"}, "version": 47}
{"obj": {"type": "AssignInt", "path": ["params", "task", "model", "input_dim"], "value": 32}, "version": 48}
{"obj": {"type": "AssignString", "path": ["params", "task", "model", "hidden_dims"], "value": "[32, 32, 32, 32, 32, 32]"}, "version": 49}
{"obj": {"type": "AssignString", "path": ["params", "task", "model", "message_func"], "value": "distmult"}, "version": 50}
{"obj": {"type": "AssignString", "path": ["params", "task", "model", "aggregate_func"], "value": "pna"}, "version": 51}
{"obj": {"type": "AssignBool", "path": ["params", "task", "model", "short_cut"], "value": true}, "version": 52}
{"obj": {"type": "AssignBool", "path": ["params", "task", "model", "layer_norm"], "value": true}, "version": 53}
{"obj": {"type": "AssignBool", "path": ["params", "task", "model", "dependent"], "value": false}, "version": 54}
{"obj": {"type": "AssignFloat", "path": ["params", "task", "model", "num_relation"], "value": 9.0}, "version": 55}
{"obj": {"type": "AssignString", "path": ["params", "task", "criterion"], "value": "bce"}, "version": 56}
{"obj": {"type": "AssignInt", "path": ["params", "task", "num_negative"], "value": 32}, "version": 57}
{"obj": {"type": "AssignBool", "path": ["params", "task", "strict_negative"], "value": true}, "version": 58}
{"obj": {"type": "AssignInt", "path": ["params", "task", "adversarial_temperature"], "value": 1}, "version": 59}
{"obj": {"type": "AssignBool", "path": ["params", "task", "sample_weight"], "value": false}, "version": 60}
{"obj": {"type": "AssignInt", "path": ["params", "train", "num_epoch"], "value": 20}, "version": 61}
{"obj": {"type": "AssignString", "path": ["params", "metric"], "value": "mrr"}, "version": 62}
{"obj": {"type": "LogFloats", "path": ["monitoring", "cpu"], "values": [{"value": 51.9, "step": null, "ts": 1666307109.4946508}]}, "version": 63}
{"obj": {"type": "LogFloats", "path": ["monitoring", "memory"], "values": [{"value": 3.713764190673828, "step": null, "ts": 1666307109.4946508}]}, "version": 64}
{"obj": {"type": "LogFloats", "path": ["monitoring", "gpu_memory"], "values": [{"value": 1.15625, "step": null, "ts": 1666307109.4946508}]}, "version": 65}
{"obj": {"type": "LogFloats", "path": ["monitoring", "cpu"], "values": [{"value": 53.1, "step": null, "ts": 1666307119.5045452}]}, "version": 66}
{"obj": {"type": "LogFloats", "path": ["monitoring", "memory"], "values": [{"value": 4.263660430908203, "step": null, "ts": 1666307119.5045452}]}, "version": 67}
{"obj": {"type": "LogFloats", "path": ["monitoring", "gpu_memory"], "values": [{"value": 1.15625, "step": null, "ts": 1666307119.5045452}]}, "version": 68}
{"obj": {"type": "LogFloats", "path": ["monitoring", "cpu"], "values": [{"value": 94.8, "step": null, "ts": 1666307129.5166879}]}, "version": 69}
{"obj": {"type": "LogFloats", "path": ["monitoring", "memory"], "values": [{"value": 4.580406188964844, "step": null, "ts": 1666307129.5166879}]}, "version": 70}
{"obj": {"type": "LogFloats", "path": ["monitoring", "gpu_memory"], "values": [{"value": 1.15625, "step": null, "ts": 1666307129.5166879}]}, "version": 71}
{"obj": {"type": "LogFloats", "path": ["monitoring", "cpu"], "values": [{"value": 100.0, "step": null, "ts": 1666307139.5377758}]}, "version": 72}
{"obj": {"type": "LogFloats", "path": ["monitoring", "memory"], "values": [{"value": 6.10284423828125, "step": null, "ts": 1666307139.5377758}]}, "version": 73}
{"obj": {"type": "LogFloats", "path": ["monitoring", "gpu_memory"], "values": [{"value": 1.15625, "step": null, "ts": 1666307139.5377758}]}, "version": 74}
{"obj": {"type": "LogFloats", "path": ["monitoring", "cpu"], "values": [{"value": 100.0, "step": null, "ts": 1666307149.5506709}]}, "version": 75}
{"obj": {"type": "LogFloats", "path": ["monitoring", "memory"], "values": [{"value": 7.192325592041016, "step": null, "ts": 1666307149.5506709}]}, "version": 76}
{"obj": {"type": "LogFloats", "path": ["monitoring", "gpu_memory"], "values": [{"value": 1.15625, "step": null, "ts": 1666307149.5506709}]}, "version": 77}
{"obj": {"type": "LogFloats", "path": ["monitoring", "cpu"], "values": [{"value": 100.0, "step": null, "ts": 1666307159.5780027}]}, "version": 78}
{"obj": {"type": "LogFloats", "path": ["monitoring", "memory"], "values": [{"value": 7.36505126953125, "step": null, "ts": 1666307159.5780027}]}, "version": 79}
{"obj": {"type": "LogFloats", "path": ["monitoring", "gpu_memory"], "values": [{"value": 1.15625, "step": null, "ts": 1666307159.5780027}]}, "version": 80}
{"obj": {"type": "LogFloats", "path": ["monitoring", "cpu"], "values": [{"value": 100.0, "step": null, "ts": 1666307169.6004016}]}, "version": 81}
{"obj": {"type": "LogFloats", "path": ["monitoring", "memory"], "values": [{"value": 3.6344375610351562, "step": null, "ts": 1666307169.6004016}]}, "version": 82}
{"obj": {"type": "LogFloats", "path": ["monitoring", "gpu_memory"], "values": [{"value": 1.15625, "step": null, "ts": 1666307169.6004016}]}, "version": 83}
{"obj": {"type": "LogFloats", "path": ["monitoring", "cpu"], "values": [{"value": 100.0, "step": null, "ts": 1666307179.6073594}]}, "version": 84}
{"obj": {"type": "LogFloats", "path": ["monitoring", "memory"], "values": [{"value": 5.625865936279297, "step": null, "ts": 1666307179.6073594}]}, "version": 85}
{"obj": {"type": "LogFloats", "path": ["monitoring", "gpu_memory"], "values": [{"value": 1.15625, "step": null, "ts": 1666307179.6073594}]}, "version": 86}
{"obj": {"type": "LogFloats", "path": ["monitoring", "cpu"], "values": [{"value": 100.0, "step": null, "ts": 1666307189.6249044}]}, "version": 87}
{"obj": {"type": "LogFloats", "path": ["monitoring", "memory"], "values": [{"value": 5.374790191650391, "step": null, "ts": 1666307189.6249044}]}, "version": 88}
{"obj": {"type": "LogFloats", "path": ["monitoring", "gpu_memory"], "values": [{"value": 1.15625, "step": null, "ts": 1666307189.6249044}]}, "version": 89}
{"obj": {"type": "LogFloats", "path": ["monitoring", "cpu"], "values": [{"value": 100.0, "step": null, "ts": 1666307199.637225}]}, "version": 90}
{"obj": {"type": "LogFloats", "path": ["monitoring", "memory"], "values": [{"value": 4.007549285888672, "step": null, "ts": 1666307199.637225}]}, "version": 91}
{"obj": {"type": "LogFloats", "path": ["monitoring", "gpu_memory"], "values": [{"value": 1.15625, "step": null, "ts": 1666307199.637225}]}, "version": 92}
{"obj": {"type": "LogFloats", "path": ["monitoring", "cpu"], "values": [{"value": 100.0, "step": null, "ts": 1666307209.6481416}]}, "version": 93}
{"obj": {"type": "LogFloats", "path": ["monitoring", "memory"], "values": [{"value": 5.067039489746094, "step": null, "ts": 1666307209.6481416}]}, "version": 94}
{"obj": {"type": "LogFloats", "path": ["monitoring", "gpu_memory"], "values": [{"value": 1.15625, "step": null, "ts": 1666307209.6481416}]}, "version": 95}
{"obj": {"type": "LogFloats", "path": ["monitoring", "cpu"], "values": [{"value": 58.9, "step": null, "ts": 1666307219.663525}]}, "version": 96}
{"obj": {"type": "LogFloats", "path": ["monitoring", "memory"], "values": [{"value": 3.5282325744628906, "step": null, "ts": 1666307219.663525}]}, "version": 97}
{"obj": {"type": "LogFloats", "path": ["monitoring", "gpu_memory"], "values": [{"value": 1.15625, "step": null, "ts": 1666307219.663525}]}, "version": 98}
{"obj": {"type": "LogFloats", "path": ["monitoring", "cpu"], "values": [{"value": 52.3, "step": null, "ts": 1666307229.6707122}]}, "version": 99}
{"obj": {"type": "LogFloats", "path": ["monitoring", "memory"], "values": [{"value": 4.22119140625, "step": null, "ts": 1666307229.6707122}]}, "version": 100}
{"obj": {"type": "LogFloats", "path": ["monitoring", "gpu_memory"], "values": [{"value": 1.15625, "step": null, "ts": 1666307229.6707122}]}, "version": 101}
{"obj": {"type": "LogFloats", "path": ["monitoring", "cpu"], "values": [{"value": 49.5, "step": null, "ts": 1666307239.682059}]}, "version": 102}
{"obj": {"type": "LogFloats", "path": ["monitoring", "memory"], "values": [{"value": 3.090709686279297, "step": null, "ts": 1666307239.682059}]}, "version": 103}
{"obj": {"type": "LogFloats", "path": ["monitoring", "gpu"], "values": [{"value": 85.0, "step": null, "ts": 1666307239.682059}]}, "version": 104}
{"obj": {"type": "LogFloats", "path": ["monitoring", "gpu_memory"], "values": [{"value": 3.197265625, "step": null, "ts": 1666307239.682059}]}, "version": 105}
{"obj": {"type": "LogFloats", "path": ["monitoring", "cpu"], "values": [{"value": 52.7, "step": null, "ts": 1666307249.6978095}]}, "version": 106}
{"obj": {"type": "LogFloats", "path": ["monitoring", "memory"], "values": [{"value": 3.0906600952148438, "step": null, "ts": 1666307249.6978095}]}, "version": 107}
{"obj": {"type": "LogFloats", "path": ["monitoring", "gpu"], "values": [{"value": 86.0, "step": null, "ts": 1666307249.6978095}]}, "version": 108}
{"obj": {"type": "LogFloats", "path": ["monitoring", "gpu_memory"], "values": [{"value": 3.197265625, "step": null, "ts": 1666307249.6978095}]}, "version": 109}
{"obj": {"type": "LogFloats", "path": ["monitoring", "cpu"], "values": [{"value": 52.7, "step": null, "ts": 1666307259.707721}]}, "version": 110}
{"obj": {"type": "LogFloats", "path": ["monitoring", "memory"], "values": [{"value": 3.0917282104492188, "step": null, "ts": 1666307259.707721}]}, "version": 111}
{"obj": {"type": "LogFloats", "path": ["monitoring", "gpu"], "values": [{"value": 87.0, "step": null, "ts": 1666307259.707721}]}, "version": 112}
{"obj": {"type": "LogFloats", "path": ["monitoring", "gpu_memory"], "values": [{"value": 3.197265625, "step": null, "ts": 1666307259.707721}]}, "version": 113}
{"obj": {"type": "LogStrings", "path": ["monitoring", "traceback"], "values": [{"value": "An uncaught exception occurred while run was active on worker b7304c622974.", "step": null, "ts": 1666307269.2457361}, {"value": "Marking run as failed", "step": null, "ts": 1666307269.2457361}, {"value": "Traceback:", "step": null, "ts": 1666307269.2457361}, {"value": "  File \"script/run.py\", line 88, in <module>\n", "step": null, "ts": 1666307269.2457361}, {"value": "  File \"script/run.py\", line 32, in train_and_validate\n", "step": null, "ts": 1666307269.2457361}, {"value": "  File \"/usr/local/lib/python3.7/dist-packages/torchdrug/core/engine.py\", line 155, in train\n    loss, metric = model(batch)\n", "step": null, "ts": 1666307269.2457361}, {"value": "  File \"/usr/local/lib/python3.7/dist-packages/torch/nn/modules/module.py\", line 889, in _call_impl\n    result = self.forward(*input, **kwargs)\n", "step": null, "ts": 1666307269.2457361}, {"value": "  File \"/usr/local/lib/python3.7/dist-packages/torchdrug/tasks/reasoning.py\", line 85, in forward\n    pred = self.predict(batch, all_loss, metric)\n", "step": null, "ts": 1666307269.2457361}, {"value": "  File \"/content/drive/MyDrive/Colab Notebooks/partC/NBFNet/nbfnet/task.py\", line 288, in predict\n    pred = self.model(graph, h_index, t_index, r_index, all_loss=all_loss, metric=metric)\n", "step": null, "ts": 1666307269.2457361}, {"value": "  File \"/usr/local/lib/python3.7/dist-packages/torch/nn/modules/module.py\", line 889, in _call_impl\n    result = self.forward(*input, **kwargs)\n", "step": null, "ts": 1666307269.2457361}]}, "version": 114}
{"obj": {"type": "LogStrings", "path": ["monitoring", "traceback"], "values": [{"value": "  File \"/content/drive/MyDrive/Colab Notebooks/partC/NBFNet/nbfnet/model.py\", line 149, in forward\n    output = self.bellmanford(graph, h_index[:, 0], r_index[:, 0])\n", "step": null, "ts": 1666307269.2457361}, {"value": "  File \"<decorator-gen-308>\", line 2, in bellmanford\n", "step": null, "ts": 1666307269.2457361}, {"value": "  File \"/usr/local/lib/python3.7/dist-packages/torchdrug/utils/decorator.py\", line 137, in wrapper\n    return forward(self, *args, **kwargs)\n", "step": null, "ts": 1666307269.2457361}, {"value": "  File \"/content/drive/MyDrive/Colab Notebooks/partC/NBFNet/nbfnet/model.py\", line 115, in bellmanford\n    hidden = layer(step_graph, layer_input)\n", "step": null, "ts": 1666307269.2457361}, {"value": "  File \"/usr/local/lib/python3.7/dist-packages/torch/nn/modules/module.py\", line 889, in _call_impl\n    result = self.forward(*input, **kwargs)\n", "step": null, "ts": 1666307269.2457361}, {"value": "  File \"/usr/local/lib/python3.7/dist-packages/torchdrug/layers/conv.py\", line 91, in forward\n    update = self.message_and_aggregate(graph, input)\n", "step": null, "ts": 1666307269.2457361}, {"value": "  File \"/content/drive/MyDrive/Colab Notebooks/partC/NBFNet/nbfnet/layer.py\", line 112, in message_and_aggregate\n    assert graph.num_relation == self.num_relation\n", "step": null, "ts": 1666307269.2457361}, {"value": "", "step": null, "ts": 1666307269.2457361}]}, "version": 115}
{"obj": {"type": "AssignBool", "path": ["sys", "failed"], "value": true}, "version": 116}
{"obj": {"type": "LogStrings", "path": ["monitoring", "stderr"], "values": [{"value": "Traceback (most recent call last):\n", "step": null, "ts": 1666307269.2504246}]}, "version": 117}
{"obj": {"type": "LogStrings", "path": ["monitoring", "stderr"], "values": [{"value": "  File \"script/run.py\", line 88, in <module>\n", "step": null, "ts": 1666307269.251884}]}, "version": 118}
{"obj": {"type": "LogStrings", "path": ["monitoring", "stderr"], "values": [{"value": "    ", "step": null, "ts": 1666307269.2542443}]}, "version": 119}
{"obj": {"type": "LogStrings", "path": ["monitoring", "stderr"], "values": [{"value": "train_and_validate(cfg, solver)", "step": null, "ts": 1666307269.2556732}]}, "version": 120}
{"obj": {"type": "LogStrings", "path": ["monitoring", "stderr"], "values": [{"value": "\n", "step": null, "ts": 1666307269.25708}]}, "version": 121}
{"obj": {"type": "LogStrings", "path": ["monitoring", "stderr"], "values": [{"value": "  File \"script/run.py\", line 32, in train_and_validate\n", "step": null, "ts": 1666307269.2584243}]}, "version": 122}
{"obj": {"type": "LogStrings", "path": ["monitoring", "stderr"], "values": [{"value": "    ", "step": null, "ts": 1666307269.2606385}]}, "version": 123}
{"obj": {"type": "LogStrings", "path": ["monitoring", "stderr"], "values": [{"value": "solver.train(**kwargs)", "step": null, "ts": 1666307269.2619438}]}, "version": 124}
{"obj": {"type": "LogStrings", "path": ["monitoring", "stderr"], "values": [{"value": "\n", "step": null, "ts": 1666307269.2632706}]}, "version": 125}
{"obj": {"type": "LogStrings", "path": ["monitoring", "stderr"], "values": [{"value": "  File \"/usr/local/lib/python3.7/dist-packages/torchdrug/core/engine.py\", line 155, in train\n", "step": null, "ts": 1666307269.2646008}]}, "version": 126}
{"obj": {"type": "LogStrings", "path": ["monitoring", "stderr"], "values": [{"value": "    ", "step": null, "ts": 1666307269.2659578}]}, "version": 127}
{"obj": {"type": "LogStrings", "path": ["monitoring", "stderr"], "values": [{"value": "loss, metric = model(batch)", "step": null, "ts": 1666307269.2671924}]}, "version": 128}
{"obj": {"type": "LogStrings", "path": ["monitoring", "stderr"], "values": [{"value": "\n", "step": null, "ts": 1666307269.2684252}]}, "version": 129}
{"obj": {"type": "LogStrings", "path": ["monitoring", "stderr"], "values": [{"value": "  File \"/usr/local/lib/python3.7/dist-packages/torch/nn/modules/module.py\", line 889, in _call_impl\n", "step": null, "ts": 1666307269.2696776}]}, "version": 130}
{"obj": {"type": "LogStrings", "path": ["monitoring", "stderr"], "values": [{"value": "    ", "step": null, "ts": 1666307269.2714806}]}, "version": 131}
{"obj": {"type": "LogStrings", "path": ["monitoring", "stderr"], "values": [{"value": "result = self.forward(*input, **kwargs)", "step": null, "ts": 1666307269.2727365}]}, "version": 132}
{"obj": {"type": "LogStrings", "path": ["monitoring", "stderr"], "values": [{"value": "\n", "step": null, "ts": 1666307269.2739933}]}, "version": 133}
{"obj": {"type": "LogStrings", "path": ["monitoring", "stderr"], "values": [{"value": "  File \"/usr/local/lib/python3.7/dist-packages/torchdrug/tasks/reasoning.py\", line 85, in forward\n", "step": null, "ts": 1666307269.2752569}]}, "version": 134}
{"obj": {"type": "LogStrings", "path": ["monitoring", "stderr"], "values": [{"value": "    ", "step": null, "ts": 1666307269.2766201}]}, "version": 135}
{"obj": {"type": "LogStrings", "path": ["monitoring", "stderr"], "values": [{"value": "pred = self.predict(batch, all_loss, metric)", "step": null, "ts": 1666307269.2779136}]}, "version": 136}
{"obj": {"type": "LogStrings", "path": ["monitoring", "stderr"], "values": [{"value": "\n", "step": null, "ts": 1666307269.279195}]}, "version": 137}
{"obj": {"type": "LogStrings", "path": ["monitoring", "stderr"], "values": [{"value": "  File \"/content/drive/MyDrive/Colab Notebooks/partC/NBFNet/nbfnet/task.py\", line 288, in predict\n", "step": null, "ts": 1666307269.2804754}]}, "version": 138}
{"obj": {"type": "LogStrings", "path": ["monitoring", "stderr"], "values": [{"value": "    ", "step": null, "ts": 1666307269.2827227}]}, "version": 139}
{"obj": {"type": "LogStrings", "path": ["monitoring", "stderr"], "values": [{"value": "pred = self.model(graph, h_index, t_index, r_index, all_loss=all_loss, metric=metric)", "step": null, "ts": 1666307269.2841225}]}, "version": 140}
{"obj": {"type": "LogStrings", "path": ["monitoring", "stderr"], "values": [{"value": "\n", "step": null, "ts": 1666307269.2854693}]}, "version": 141}
{"obj": {"type": "LogStrings", "path": ["monitoring", "stderr"], "values": [{"value": "  File \"/usr/local/lib/python3.7/dist-packages/torch/nn/modules/module.py\", line 889, in _call_impl\n", "step": null, "ts": 1666307269.286778}]}, "version": 142}
{"obj": {"type": "LogStrings", "path": ["monitoring", "stderr"], "values": [{"value": "    ", "step": null, "ts": 1666307269.2884848}]}, "version": 143}
{"obj": {"type": "LogStrings", "path": ["monitoring", "stderr"], "values": [{"value": "result = self.forward(*input, **kwargs)", "step": null, "ts": 1666307269.2898858}]}, "version": 144}
{"obj": {"type": "LogStrings", "path": ["monitoring", "stderr"], "values": [{"value": "\n", "step": null, "ts": 1666307269.291246}]}, "version": 145}
{"obj": {"type": "LogStrings", "path": ["monitoring", "stderr"], "values": [{"value": "  File \"/content/drive/MyDrive/Colab Notebooks/partC/NBFNet/nbfnet/model.py\", line 149, in forward\n", "step": null, "ts": 1666307269.3206055}]}, "version": 146}
{"obj": {"type": "LogStrings", "path": ["monitoring", "stderr"], "values": [{"value": "    ", "step": null, "ts": 1666307269.3228188}]}, "version": 147}
{"obj": {"type": "LogStrings", "path": ["monitoring", "stderr"], "values": [{"value": "output = self.bellmanford(graph, h_index[:, 0], r_index[:, 0])", "step": null, "ts": 1666307269.3241212}]}, "version": 148}
{"obj": {"type": "LogStrings", "path": ["monitoring", "stderr"], "values": [{"value": "\n", "step": null, "ts": 1666307269.325418}]}, "version": 149}
{"obj": {"type": "LogStrings", "path": ["monitoring", "stderr"], "values": [{"value": "  File \"<decorator-gen-308>\", line 2, in bellmanford\n", "step": null, "ts": 1666307269.326931}]}, "version": 150}
{"obj": {"type": "LogStrings", "path": ["monitoring", "stderr"], "values": [{"value": "  File \"/usr/local/lib/python3.7/dist-packages/torchdrug/utils/decorator.py\", line 137, in wrapper\n", "step": null, "ts": 1666307269.3287165}]}, "version": 151}
{"obj": {"type": "LogStrings", "path": ["monitoring", "stderr"], "values": [{"value": "    ", "step": null, "ts": 1666307269.330114}]}, "version": 152}
{"obj": {"type": "LogStrings", "path": ["monitoring", "stderr"], "values": [{"value": "return forward(self, *args, **kwargs)", "step": null, "ts": 1666307269.3314695}]}, "version": 153}
{"obj": {"type": "LogStrings", "path": ["monitoring", "stderr"], "values": [{"value": "\n", "step": null, "ts": 1666307269.3327606}]}, "version": 154}
{"obj": {"type": "LogStrings", "path": ["monitoring", "stderr"], "values": [{"value": "  File \"/content/drive/MyDrive/Colab Notebooks/partC/NBFNet/nbfnet/model.py\", line 115, in bellmanford\n", "step": null, "ts": 1666307269.3340702}]}, "version": 155}
{"obj": {"type": "LogStrings", "path": ["monitoring", "stderr"], "values": [{"value": "    ", "step": null, "ts": 1666307269.3365083}]}, "version": 156}
{"obj": {"type": "LogStrings", "path": ["monitoring", "stderr"], "values": [{"value": "hidden = layer(step_graph, layer_input)", "step": null, "ts": 1666307269.3383822}]}, "version": 157}
{"obj": {"type": "LogStrings", "path": ["monitoring", "stderr"], "values": [{"value": "\n", "step": null, "ts": 1666307269.3397002}]}, "version": 158}
{"obj": {"type": "LogStrings", "path": ["monitoring", "stderr"], "values": [{"value": "  File \"/usr/local/lib/python3.7/dist-packages/torch/nn/modules/module.py\", line 889, in _call_impl\n", "step": null, "ts": 1666307269.34106}]}, "version": 159}
{"obj": {"type": "LogStrings", "path": ["monitoring", "stderr"], "values": [{"value": "    ", "step": null, "ts": 1666307269.3426325}]}, "version": 160}
{"obj": {"type": "LogStrings", "path": ["monitoring", "stderr"], "values": [{"value": "result = self.forward(*input, **kwargs)", "step": null, "ts": 1666307269.3439326}]}, "version": 161}
{"obj": {"type": "LogStrings", "path": ["monitoring", "stderr"], "values": [{"value": "\n", "step": null, "ts": 1666307269.345394}]}, "version": 162}
{"obj": {"type": "LogStrings", "path": ["monitoring", "stderr"], "values": [{"value": "  File \"/usr/local/lib/python3.7/dist-packages/torchdrug/layers/conv.py\", line 91, in forward\n", "step": null, "ts": 1666307269.3490627}]}, "version": 163}
{"obj": {"type": "LogStrings", "path": ["monitoring", "stderr"], "values": [{"value": "    ", "step": null, "ts": 1666307269.3504567}]}, "version": 164}
{"obj": {"type": "LogStrings", "path": ["monitoring", "stderr"], "values": [{"value": "update = self.message_and_aggregate(graph, input)", "step": null, "ts": 1666307269.351764}]}, "version": 165}
{"obj": {"type": "LogStrings", "path": ["monitoring", "stderr"], "values": [{"value": "\n", "step": null, "ts": 1666307269.3530984}]}, "version": 166}
{"obj": {"type": "LogStrings", "path": ["monitoring", "stderr"], "values": [{"value": "  File \"/content/drive/MyDrive/Colab Notebooks/partC/NBFNet/nbfnet/layer.py\", line 112, in message_and_aggregate\n", "step": null, "ts": 1666307269.354391}]}, "version": 167}
{"obj": {"type": "LogStrings", "path": ["monitoring", "stderr"], "values": [{"value": "    ", "step": null, "ts": 1666307269.3565373}]}, "version": 168}
{"obj": {"type": "LogStrings", "path": ["monitoring", "stderr"], "values": [{"value": "assert graph.num_relation == self.num_relation", "step": null, "ts": 1666307269.3578913}]}, "version": 169}
{"obj": {"type": "LogStrings", "path": ["monitoring", "stderr"], "values": [{"value": "\n", "step": null, "ts": 1666307269.3591964}]}, "version": 170}
{"obj": {"type": "LogStrings", "path": ["monitoring", "stderr"], "values": [{"value": "KeyboardInterrupt", "step": null, "ts": 1666307269.3605146}]}, "version": 171}
{"obj": {"type": "LogStrings", "path": ["monitoring", "stderr"], "values": [{"value": "", "step": null, "ts": 1666307269.3618097}]}, "version": 172}
{"obj": {"type": "LogStrings", "path": ["monitoring", "stderr"], "values": [{"value": "\n", "step": null, "ts": 1666307269.3632286}]}, "version": 173}
{"obj": {"type": "LogStrings", "path": ["monitoring", "stdout"], "values": [{"value": "Shutting down background jobs, please wait a moment...\n", "step": null, "ts": 1666307269.3650446}]}, "version": 174}
