{"obj": {"type": "AssignString", "path": ["sys", "name"], "value": "Untitled"}, "version": 1}
{"obj": {"type": "AssignString", "path": ["sys", "description"], "value": ""}, "version": 2}
{"obj": {"type": "AssignString", "path": ["sys", "hostname"], "value": "0091fd39faba"}, "version": 3}
{"obj": {"type": "AssignBool", "path": ["sys", "failed"], "value": false}, "version": 4}
{"obj": {"type": "ClearStringLog", "path": ["monitoring", "stdout"]}, "version": 5}
{"obj": {"type": "ClearStringLog", "path": ["monitoring", "stderr"]}, "version": 6}
{"obj": {"type": "AssignString", "path": ["source_code", "entrypoint"], "value": "run.py"}, "version": 7}
{"obj": {"type": "UploadFileSet", "path": ["source_code", "files"], "file_globs": ["/content/drive/MyDrive/Colab Notebooks/partC/NBFNet/script/run.py"], "reset": "False"}, "version": 8}
{"obj": {"type": "ConfigFloatSeries", "path": ["monitoring", "cpu"], "min": 0.0, "max": 100.0, "unit": "%"}, "version": 9}
{"obj": {"type": "ClearFloatLog", "path": ["monitoring", "cpu"]}, "version": 10}
{"obj": {"type": "ConfigFloatSeries", "path": ["monitoring", "memory"], "min": 0.0, "max": 51.00008010864258, "unit": "GB"}, "version": 11}
{"obj": {"type": "ClearFloatLog", "path": ["monitoring", "memory"]}, "version": 12}
{"obj": {"type": "ConfigFloatSeries", "path": ["monitoring", "gpu"], "min": 0.0, "max": 100.0, "unit": "%"}, "version": 13}
{"obj": {"type": "ClearFloatLog", "path": ["monitoring", "gpu"]}, "version": 14}
{"obj": {"type": "ConfigFloatSeries", "path": ["monitoring", "gpu_memory"], "min": 0.0, "max": 15.78173828125, "unit": "GB"}, "version": 15}
{"obj": {"type": "ClearFloatLog", "path": ["monitoring", "gpu_memory"]}, "version": 16}
{"obj": {"type": "LogFloats", "path": ["monitoring", "cpu"], "values": [{"value": 10.9, "step": null, "ts": 1663878953.5080938}]}, "version": 17}
{"obj": {"type": "LogFloats", "path": ["monitoring", "memory"], "values": [{"value": 1.9600753784179688, "step": null, "ts": 1663878953.5080938}]}, "version": 18}
{"obj": {"type": "LogFloats", "path": ["monitoring", "gpu_memory"], "values": [{"value": 0.002685546875, "step": null, "ts": 1663878953.5080938}]}, "version": 19}
{"obj": {"type": "LogStrings", "path": ["monitoring", "stderr"], "values": [{"value": "\rLoading /root/datasets/homogeneous_graphs/cora.content:   0% 0/2708 [00:00<?, ?it/s]", "step": null, "ts": 1663878953.5913043}]}, "version": 20}
{"obj": {"type": "LogStrings", "path": ["monitoring", "stderr"], "values": [{"value": "\rLoading /root/datasets/homogeneous_graphs/cora.content:   1% 17/2708 [00:00<00:15, 169.51it/s]", "step": null, "ts": 1663878953.6936903}]}, "version": 21}
{"obj": {"type": "LogStrings", "path": ["monitoring", "stderr"], "values": [{"value": "\rLoading /root/datasets/homogeneous_graphs/cora.content:   1% 35/2708 [00:00<00:15, 171.56it/s]", "step": null, "ts": 1663878953.7978017}]}, "version": 22}
{"obj": {"type": "LogStrings", "path": ["monitoring", "stderr"], "values": [{"value": "\rLoading /root/datasets/homogeneous_graphs/cora.content:   2% 53/2708 [00:00<00:15, 170.18it/s]", "step": null, "ts": 1663878953.9047558}]}, "version": 23}
{"obj": {"type": "LogStrings", "path": ["monitoring", "stderr"], "values": [{"value": "\rLoading /root/datasets/homogeneous_graphs/cora.content:   3% 71/2708 [00:00<00:15, 171.46it/s]", "step": null, "ts": 1663878954.008365}]}, "version": 24}
{"obj": {"type": "LogStrings", "path": ["monitoring", "stderr"], "values": [{"value": "\rLoading /root/datasets/homogeneous_graphs/cora.content:   3% 89/2708 [00:00<00:15, 171.98it/s]", "step": null, "ts": 1663878954.1124518}]}, "version": 25}
{"obj": {"type": "LogStrings", "path": ["monitoring", "stderr"], "values": [{"value": "\rLoading /root/datasets/homogeneous_graphs/cora.content:   4% 107/2708 [00:00<00:15, 173.36it/s]", "step": null, "ts": 1663878954.2147026}]}, "version": 26}
{"obj": {"type": "LogStrings", "path": ["monitoring", "stderr"], "values": [{"value": "\rLoading /root/datasets/homogeneous_graphs/cora.content:   5% 125/2708 [00:00<00:14, 172.23it/s]", "step": null, "ts": 1663878954.3206139}]}, "version": 27}
{"obj": {"type": "LogStrings", "path": ["monitoring", "stderr"], "values": [{"value": "\rLoading /root/datasets/homogeneous_graphs/cora.content:   5% 143/2708 [00:00<00:14, 171.90it/s]", "step": null, "ts": 1663878954.42575}]}, "version": 28}
{"obj": {"type": "LogStrings", "path": ["monitoring", "stderr"], "values": [{"value": "\rLoading /root/datasets/homogeneous_graphs/cora.content:   6% 161/2708 [00:00<00:14, 171.72it/s]", "step": null, "ts": 1663878954.5308313}]}, "version": 29}
{"obj": {"type": "LogStrings", "path": ["monitoring", "stderr"], "values": [{"value": "\rLoading /root/datasets/homogeneous_graphs/cora.content:   7% 179/2708 [00:01<00:14, 172.52it/s]", "step": null, "ts": 1663878954.634069}]}, "version": 30}
{"obj": {"type": "LogStrings", "path": ["monitoring", "stderr"], "values": [{"value": "\rLoading /root/datasets/homogeneous_graphs/cora.content:   7% 197/2708 [00:01<00:14, 174.59it/s]", "step": null, "ts": 1663878954.734362}]}, "version": 31}
{"obj": {"type": "LogStrings", "path": ["monitoring", "stderr"], "values": [{"value": "\rLoading /root/datasets/homogeneous_graphs/cora.content:   8% 215/2708 [00:01<00:14, 172.82it/s]", "step": null, "ts": 1663878954.840956}]}, "version": 32}
{"obj": {"type": "LogStrings", "path": ["monitoring", "stderr"], "values": [{"value": "\rLoading /root/datasets/homogeneous_graphs/cora.content:   9% 233/2708 [00:01<00:14, 172.79it/s]", "step": null, "ts": 1663878954.9451642}]}, "version": 33}
{"obj": {"type": "LogStrings", "path": ["monitoring", "stderr"], "values": [{"value": "\rLoading /root/datasets/homogeneous_graphs/cora.content:   9% 251/2708 [00:01<00:15, 160.76it/s]", "step": null, "ts": 1663878955.0751421}]}, "version": 34}
{"obj": {"type": "LogStrings", "path": ["monitoring", "stderr"], "values": [{"value": "\rLoading /root/datasets/homogeneous_graphs/cora.content:  10% 269/2708 [00:01<00:14, 163.70it/s]", "step": null, "ts": 1663878955.1804395}]}, "version": 35}
{"obj": {"type": "LogStrings", "path": ["monitoring", "stderr"], "values": [{"value": "\rLoading /root/datasets/homogeneous_graphs/cora.content:  11% 287/2708 [00:01<00:14, 166.34it/s]", "step": null, "ts": 1663878955.284587}]}, "version": 36}
{"obj": {"type": "LogStrings", "path": ["monitoring", "stderr"], "values": [{"value": "\rLoading /root/datasets/homogeneous_graphs/cora.content:  11% 305/2708 [00:01<00:14, 168.45it/s]", "step": null, "ts": 1663878955.3883157}]}, "version": 37}
{"obj": {"type": "LogStrings", "path": ["monitoring", "stderr"], "values": [{"value": "\rLoading /root/datasets/homogeneous_graphs/cora.content:  12% 323/2708 [00:01<00:14, 169.48it/s]", "step": null, "ts": 1663878955.4930117}]}, "version": 38}
{"obj": {"type": "LogStrings", "path": ["monitoring", "stderr"], "values": [{"value": "\rLoading /root/datasets/homogeneous_graphs/cora.content:  13% 341/2708 [00:02<00:14, 168.62it/s]", "step": null, "ts": 1663878955.6010172}]}, "version": 39}
{"obj": {"type": "LogStrings", "path": ["monitoring", "stderr"], "values": [{"value": "\rLoading /root/datasets/homogeneous_graphs/cora.content:  13% 358/2708 [00:02<00:13, 168.83it/s]", "step": null, "ts": 1663878955.7014127}]}, "version": 40}
{"obj": {"type": "LogStrings", "path": ["monitoring", "stderr"], "values": [{"value": "\rLoading /root/datasets/homogeneous_graphs/cora.content:  14% 375/2708 [00:02<00:13, 168.34it/s]", "step": null, "ts": 1663878955.803092}]}, "version": 41}
{"obj": {"type": "LogStrings", "path": ["monitoring", "stderr"], "values": [{"value": "\rLoading /root/datasets/homogeneous_graphs/cora.content:  14% 392/2708 [00:02<00:13, 168.46it/s]", "step": null, "ts": 1663878955.9038622}]}, "version": 42}
{"obj": {"type": "LogStrings", "path": ["monitoring", "stderr"], "values": [{"value": "\rLoading /root/datasets/homogeneous_graphs/cora.content:  15% 409/2708 [00:02<00:13, 167.92it/s]", "step": null, "ts": 1663878956.0058692}]}, "version": 43}
{"obj": {"type": "LogStrings", "path": ["monitoring", "stderr"], "values": [{"value": "\rLoading /root/datasets/homogeneous_graphs/cora.content:  16% 426/2708 [00:02<00:13, 167.04it/s]", "step": null, "ts": 1663878956.1089096}]}, "version": 44}
{"obj": {"type": "LogStrings", "path": ["monitoring", "stderr"], "values": [{"value": "\rLoading /root/datasets/homogeneous_graphs/cora.content:  16% 443/2708 [00:02<00:13, 167.03it/s]", "step": null, "ts": 1663878956.2106955}]}, "version": 45}
{"obj": {"type": "LogStrings", "path": ["monitoring", "stderr"], "values": [{"value": "\rLoading /root/datasets/homogeneous_graphs/cora.content:  17% 460/2708 [00:02<00:13, 166.95it/s]", "step": null, "ts": 1663878956.3126452}]}, "version": 46}
{"obj": {"type": "LogStrings", "path": ["monitoring", "stderr"], "values": [{"value": "\rLoading /root/datasets/homogeneous_graphs/cora.content:  18% 477/2708 [00:02<00:13, 167.45it/s]", "step": null, "ts": 1663878956.413458}]}, "version": 47}
{"obj": {"type": "LogStrings", "path": ["monitoring", "stderr"], "values": [{"value": "\rLoading /root/datasets/homogeneous_graphs/cora.content:  18% 495/2708 [00:02<00:13, 168.57it/s]", "step": null, "ts": 1663878956.518652}]}, "version": 48}
{"obj": {"type": "LogStrings", "path": ["monitoring", "stderr"], "values": [{"value": "\rLoading /root/datasets/homogeneous_graphs/cora.content:  19% 513/2708 [00:03<00:12, 170.08it/s]", "step": null, "ts": 1663878956.6223323}]}, "version": 49}
{"obj": {"type": "LogStrings", "path": ["monitoring", "stderr"], "values": [{"value": "\rLoading /root/datasets/homogeneous_graphs/cora.content:  20% 531/2708 [00:03<00:12, 169.48it/s]", "step": null, "ts": 1663878956.7294118}]}, "version": 50}
{"obj": {"type": "LogStrings", "path": ["monitoring", "stderr"], "values": [{"value": "\rLoading /root/datasets/homogeneous_graphs/cora.content:  20% 548/2708 [00:03<00:12, 169.39it/s]", "step": null, "ts": 1663878956.829924}]}, "version": 51}
{"obj": {"type": "LogStrings", "path": ["monitoring", "stderr"], "values": [{"value": "\rLoading /root/datasets/homogeneous_graphs/cora.content:  21% 565/2708 [00:03<00:12, 168.76it/s]", "step": null, "ts": 1663878956.9315212}]}, "version": 52}
{"obj": {"type": "LogStrings", "path": ["monitoring", "stderr"], "values": [{"value": "\rLoading /root/datasets/homogeneous_graphs/cora.content:  21% 582/2708 [00:03<00:12, 168.92it/s]", "step": null, "ts": 1663878957.0319734}]}, "version": 53}
{"obj": {"type": "LogStrings", "path": ["monitoring", "stderr"], "values": [{"value": "\rLoading /root/datasets/homogeneous_graphs/cora.content:  22% 599/2708 [00:03<00:12, 169.03it/s]", "step": null, "ts": 1663878957.1323962}]}, "version": 54}
{"obj": {"type": "LogStrings", "path": ["monitoring", "stderr"], "values": [{"value": "\rLoading /root/datasets/homogeneous_graphs/cora.content:  23% 616/2708 [00:03<00:12, 168.99it/s]", "step": null, "ts": 1663878957.2330282}]}, "version": 55}
{"obj": {"type": "LogStrings", "path": ["monitoring", "stderr"], "values": [{"value": "\rLoading /root/datasets/homogeneous_graphs/cora.content:  23% 633/2708 [00:03<00:12, 168.78it/s]", "step": null, "ts": 1663878957.3340733}]}, "version": 56}
{"obj": {"type": "LogStrings", "path": ["monitoring", "stderr"], "values": [{"value": "\rLoading /root/datasets/homogeneous_graphs/cora.content:  24% 651/2708 [00:03<00:12, 169.80it/s]", "step": null, "ts": 1663878957.4386163}]}, "version": 57}
{"obj": {"type": "LogStrings", "path": ["monitoring", "stderr"], "values": [{"value": "\rLoading /root/datasets/homogeneous_graphs/cora.content:  25% 669/2708 [00:03<00:11, 170.83it/s]", "step": null, "ts": 1663878957.542563}]}, "version": 58}
{"obj": {"type": "LogStrings", "path": ["monitoring", "stderr"], "values": [{"value": "\rLoading /root/datasets/homogeneous_graphs/cora.content:  25% 687/2708 [00:04<00:11, 169.77it/s]", "step": null, "ts": 1663878957.6501}]}, "version": 59}
{"obj": {"type": "LogStrings", "path": ["monitoring", "stderr"], "values": [{"value": "\rLoading /root/datasets/homogeneous_graphs/cora.content:  26% 705/2708 [00:04<00:11, 170.21it/s]", "step": null, "ts": 1663878957.755229}]}, "version": 60}
{"obj": {"type": "LogStrings", "path": ["monitoring", "stderr"], "values": [{"value": "\rLoading /root/datasets/homogeneous_graphs/cora.content:  27% 723/2708 [00:04<00:11, 170.73it/s]", "step": null, "ts": 1663878957.8599188}]}, "version": 61}
{"obj": {"type": "LogStrings", "path": ["monitoring", "stderr"], "values": [{"value": "\rLoading /root/datasets/homogeneous_graphs/cora.content:  27% 741/2708 [00:04<00:11, 170.58it/s]", "step": null, "ts": 1663878957.9656606}]}, "version": 62}
{"obj": {"type": "LogStrings", "path": ["monitoring", "stderr"], "values": [{"value": "\rLoading /root/datasets/homogeneous_graphs/cora.content:  28% 759/2708 [00:04<00:11, 170.64it/s]", "step": null, "ts": 1663878958.0710657}]}, "version": 63}
{"obj": {"type": "LogStrings", "path": ["monitoring", "stderr"], "values": [{"value": "\rLoading /root/datasets/homogeneous_graphs/cora.content:  29% 777/2708 [00:04<00:11, 171.03it/s]", "step": null, "ts": 1663878958.1757584}]}, "version": 64}
{"obj": {"type": "LogStrings", "path": ["monitoring", "stderr"], "values": [{"value": "\rLoading /root/datasets/homogeneous_graphs/cora.content:  29% 795/2708 [00:04<00:11, 171.12it/s]", "step": null, "ts": 1663878958.2808173}]}, "version": 65}
{"obj": {"type": "LogStrings", "path": ["monitoring", "stderr"], "values": [{"value": "\rLoading /root/datasets/homogeneous_graphs/cora.content:  30% 813/2708 [00:04<00:11, 171.16it/s]", "step": null, "ts": 1663878958.3859448}]}, "version": 66}
{"obj": {"type": "LogStrings", "path": ["monitoring", "stderr"], "values": [{"value": "\rLoading /root/datasets/homogeneous_graphs/cora.content:  31% 831/2708 [00:05<00:14, 128.35it/s]", "step": null, "ts": 1663878958.6079164}]}, "version": 67}
{"obj": {"type": "LogStrings", "path": ["monitoring", "stderr"], "values": [{"value": "\rLoading /root/datasets/homogeneous_graphs/cora.content:  31% 848/2708 [00:05<00:13, 137.56it/s]", "step": null, "ts": 1663878958.7095842}]}, "version": 68}
{"obj": {"type": "LogStrings", "path": ["monitoring", "stderr"], "values": [{"value": "\rLoading /root/datasets/homogeneous_graphs/cora.content:  32% 866/2708 [00:05<00:12, 148.01it/s]", "step": null, "ts": 1663878958.8100486}]}, "version": 69}
{"obj": {"type": "LogStrings", "path": ["monitoring", "stderr"], "values": [{"value": "\rLoading /root/datasets/homogeneous_graphs/cora.content:  33% 884/2708 [00:05<00:11, 154.04it/s]", "step": null, "ts": 1663878958.9159024}]}, "version": 70}
{"obj": {"type": "LogStrings", "path": ["monitoring", "stderr"], "values": [{"value": "\rLoading /root/datasets/homogeneous_graphs/cora.content:  33% 901/2708 [00:05<00:11, 157.24it/s]", "step": null, "ts": 1663878959.018527}]}, "version": 71}
{"obj": {"type": "LogStrings", "path": ["monitoring", "stderr"], "values": [{"value": "\rLoading /root/datasets/homogeneous_graphs/cora.content:  34% 919/2708 [00:05<00:11, 161.27it/s]", "step": null, "ts": 1663878959.1236062}]}, "version": 72}
{"obj": {"type": "LogStrings", "path": ["monitoring", "stderr"], "values": [{"value": "\rLoading /root/datasets/homogeneous_graphs/cora.content:  35% 937/2708 [00:05<00:10, 165.02it/s]", "step": null, "ts": 1663878959.2268856}]}, "version": 73}
{"obj": {"type": "LogStrings", "path": ["monitoring", "stderr"], "values": [{"value": "\rLoading /root/datasets/homogeneous_graphs/cora.content:  35% 955/2708 [00:05<00:10, 166.76it/s]", "step": null, "ts": 1663878959.3321614}]}, "version": 74}
{"obj": {"type": "LogStrings", "path": ["monitoring", "stderr"], "values": [{"value": "\rLoading /root/datasets/homogeneous_graphs/cora.content:  36% 973/2708 [00:05<00:10, 168.10it/s]", "step": null, "ts": 1663878959.4372702}]}, "version": 75}
{"obj": {"type": "LogStrings", "path": ["monitoring", "stderr"], "values": [{"value": "\rLoading /root/datasets/homogeneous_graphs/cora.content:  37% 991/2708 [00:05<00:10, 170.25it/s]", "step": null, "ts": 1663878959.5398943}]}, "version": 76}
{"obj": {"type": "LogStrings", "path": ["monitoring", "stderr"], "values": [{"value": "\rLoading /root/datasets/homogeneous_graphs/cora.content:  37% 1009/2708 [00:06<00:09, 171.94it/s]", "step": null, "ts": 1663878959.6421275}]}, "version": 77}
{"obj": {"type": "LogStrings", "path": ["monitoring", "stderr"], "values": [{"value": "\rLoading /root/datasets/homogeneous_graphs/cora.content:  38% 1027/2708 [00:06<00:09, 172.44it/s]", "step": null, "ts": 1663878959.7458043}]}, "version": 78}
{"obj": {"type": "LogStrings", "path": ["monitoring", "stderr"], "values": [{"value": "\rLoading /root/datasets/homogeneous_graphs/cora.content:  39% 1045/2708 [00:06<00:09, 172.60it/s]", "step": null, "ts": 1663878959.8498814}]}, "version": 79}
{"obj": {"type": "LogStrings", "path": ["monitoring", "stderr"], "values": [{"value": "\rLoading /root/datasets/homogeneous_graphs/cora.content:  39% 1063/2708 [00:06<00:09, 172.48it/s]", "step": null, "ts": 1663878959.954439}]}, "version": 80}
{"obj": {"type": "LogStrings", "path": ["monitoring", "stderr"], "values": [{"value": "\rLoading /root/datasets/homogeneous_graphs/cora.content:  40% 1081/2708 [00:06<00:09, 163.48it/s]", "step": null, "ts": 1663878960.0779328}]}, "version": 81}
{"obj": {"type": "LogStrings", "path": ["monitoring", "stderr"], "values": [{"value": "\rLoading /root/datasets/homogeneous_graphs/cora.content:  41% 1099/2708 [00:06<00:09, 167.10it/s]", "step": null, "ts": 1663878960.180058}]}, "version": 82}
{"obj": {"type": "LogStrings", "path": ["monitoring", "stderr"], "values": [{"value": "\rLoading /root/datasets/homogeneous_graphs/cora.content:  41% 1117/2708 [00:06<00:09, 170.09it/s]", "step": null, "ts": 1663878960.281484}]}, "version": 83}
{"obj": {"type": "LogStrings", "path": ["monitoring", "stderr"], "values": [{"value": "\rLoading /root/datasets/homogeneous_graphs/cora.content:  42% 1135/2708 [00:06<00:09, 169.96it/s]", "step": null, "ts": 1663878960.3875825}]}, "version": 84}
{"obj": {"type": "LogStrings", "path": ["monitoring", "stderr"], "values": [{"value": "\rLoading /root/datasets/homogeneous_graphs/cora.content:  43% 1153/2708 [00:06<00:09, 169.72it/s]", "step": null, "ts": 1663878960.4939828}]}, "version": 85}
{"obj": {"type": "LogStrings", "path": ["monitoring", "stderr"], "values": [{"value": "\rLoading /root/datasets/homogeneous_graphs/cora.content:  43% 1171/2708 [00:07<00:09, 168.70it/s]", "step": null, "ts": 1663878960.602189}]}, "version": 86}
{"obj": {"type": "LogStrings", "path": ["monitoring", "stderr"], "values": [{"value": "\rLoading /root/datasets/homogeneous_graphs/cora.content:  44% 1189/2708 [00:07<00:08, 169.93it/s]", "step": null, "ts": 1663878960.706292}]}, "version": 87}
{"obj": {"type": "LogStrings", "path": ["monitoring", "stderr"], "values": [{"value": "\rLoading /root/datasets/homogeneous_graphs/cora.content:  45% 1207/2708 [00:07<00:08, 170.64it/s]", "step": null, "ts": 1663878960.810775}]}, "version": 88}
{"obj": {"type": "LogStrings", "path": ["monitoring", "stderr"], "values": [{"value": "\rLoading /root/datasets/homogeneous_graphs/cora.content:  45% 1225/2708 [00:07<00:08, 171.69it/s]", "step": null, "ts": 1663878960.9141066}]}, "version": 89}
{"obj": {"type": "LogStrings", "path": ["monitoring", "stderr"], "values": [{"value": "\rLoading /root/datasets/homogeneous_graphs/cora.content:  46% 1243/2708 [00:07<00:08, 171.83it/s]", "step": null, "ts": 1663878961.0186582}]}, "version": 90}
{"obj": {"type": "LogStrings", "path": ["monitoring", "stderr"], "values": [{"value": "\rLoading /root/datasets/homogeneous_graphs/cora.content:  47% 1261/2708 [00:07<00:08, 171.55it/s]", "step": null, "ts": 1663878961.1239963}]}, "version": 91}
{"obj": {"type": "LogStrings", "path": ["monitoring", "stderr"], "values": [{"value": "\rLoading /root/datasets/homogeneous_graphs/cora.content:  47% 1279/2708 [00:07<00:08, 171.42it/s]", "step": null, "ts": 1663878961.229171}]}, "version": 92}
{"obj": {"type": "LogStrings", "path": ["monitoring", "stderr"], "values": [{"value": "\rLoading /root/datasets/homogeneous_graphs/cora.content:  48% 1297/2708 [00:07<00:08, 170.89it/s]", "step": null, "ts": 1663878961.335282}]}, "version": 93}
{"obj": {"type": "LogStrings", "path": ["monitoring", "stderr"], "values": [{"value": "\rLoading /root/datasets/homogeneous_graphs/cora.content:  49% 1315/2708 [00:07<00:08, 171.17it/s]", "step": null, "ts": 1663878961.4400125}]}, "version": 94}
{"obj": {"type": "LogStrings", "path": ["monitoring", "stderr"], "values": [{"value": "\rLoading /root/datasets/homogeneous_graphs/cora.content:  49% 1333/2708 [00:07<00:08, 170.84it/s]", "step": null, "ts": 1663878961.545855}]}, "version": 95}
{"obj": {"type": "LogStrings", "path": ["monitoring", "stderr"], "values": [{"value": "\rLoading /root/datasets/homogeneous_graphs/cora.content:  50% 1351/2708 [00:08<00:07, 171.14it/s]", "step": null, "ts": 1663878961.6506026}]}, "version": 96}
{"obj": {"type": "LogStrings", "path": ["monitoring", "stderr"], "values": [{"value": "\rLoading /root/datasets/homogeneous_graphs/cora.content:  51% 1369/2708 [00:08<00:07, 171.34it/s]", "step": null, "ts": 1663878961.7554023}]}, "version": 97}
{"obj": {"type": "LogStrings", "path": ["monitoring", "stderr"], "values": [{"value": "\rLoading /root/datasets/homogeneous_graphs/cora.content:  51% 1387/2708 [00:08<00:07, 170.86it/s]", "step": null, "ts": 1663878961.8614173}]}, "version": 98}
{"obj": {"type": "LogStrings", "path": ["monitoring", "stderr"], "values": [{"value": "\rLoading /root/datasets/homogeneous_graphs/cora.content:  52% 1405/2708 [00:08<00:07, 170.68it/s]", "step": null, "ts": 1663878961.9671245}]}, "version": 99}
{"obj": {"type": "LogStrings", "path": ["monitoring", "stderr"], "values": [{"value": "\rLoading /root/datasets/homogeneous_graphs/cora.content:  53% 1423/2708 [00:08<00:07, 171.19it/s]", "step": null, "ts": 1663878962.0715468}]}, "version": 100}
{"obj": {"type": "LogStrings", "path": ["monitoring", "stderr"], "values": [{"value": "\rLoading /root/datasets/homogeneous_graphs/cora.content:  53% 1441/2708 [00:08<00:07, 171.43it/s]", "step": null, "ts": 1663878962.1762133}]}, "version": 101}
{"obj": {"type": "LogStrings", "path": ["monitoring", "stderr"], "values": [{"value": "\rLoading /root/datasets/homogeneous_graphs/cora.content:  54% 1459/2708 [00:08<00:07, 171.09it/s]", "step": null, "ts": 1663878962.2819185}]}, "version": 102}
{"obj": {"type": "LogStrings", "path": ["monitoring", "stderr"], "values": [{"value": "\rLoading /root/datasets/homogeneous_graphs/cora.content:  55% 1477/2708 [00:08<00:07, 171.56it/s]", "step": null, "ts": 1663878962.3861763}]}, "version": 103}
{"obj": {"type": "LogStrings", "path": ["monitoring", "stderr"], "values": [{"value": "\rLoading /root/datasets/homogeneous_graphs/cora.content:  55% 1495/2708 [00:08<00:07, 172.33it/s]", "step": null, "ts": 1663878962.4895082}]}, "version": 104}
{"obj": {"type": "LogStrings", "path": ["monitoring", "stderr"], "values": [{"value": "\rLoading /root/datasets/homogeneous_graphs/cora.content:  56% 1513/2708 [00:09<00:06, 171.47it/s]", "step": null, "ts": 1663878962.595747}]}, "version": 105}
{"obj": {"type": "LogStrings", "path": ["monitoring", "stderr"], "values": [{"value": "\rLoading /root/datasets/homogeneous_graphs/cora.content:  57% 1531/2708 [00:09<00:06, 171.20it/s]", "step": null, "ts": 1663878962.7012897}]}, "version": 106}
{"obj": {"type": "LogStrings", "path": ["monitoring", "stderr"], "values": [{"value": "\rLoading /root/datasets/homogeneous_graphs/cora.content:  57% 1549/2708 [00:09<00:06, 171.33it/s]", "step": null, "ts": 1663878962.8061163}]}, "version": 107}
{"obj": {"type": "LogStrings", "path": ["monitoring", "stderr"], "values": [{"value": "\rLoading /root/datasets/homogeneous_graphs/cora.content:  58% 1567/2708 [00:09<00:06, 171.30it/s]", "step": null, "ts": 1663878962.9112556}]}, "version": 108}
{"obj": {"type": "LogStrings", "path": ["monitoring", "stderr"], "values": [{"value": "\rLoading /root/datasets/homogeneous_graphs/cora.content:  59% 1585/2708 [00:09<00:06, 171.17it/s]", "step": null, "ts": 1663878963.016615}]}, "version": 109}
{"obj": {"type": "LogStrings", "path": ["monitoring", "stderr"], "values": [{"value": "\rLoading /root/datasets/homogeneous_graphs/cora.content:  59% 1603/2708 [00:09<00:06, 171.03it/s]", "step": null, "ts": 1663878963.1220481}]}, "version": 110}
{"obj": {"type": "LogStrings", "path": ["monitoring", "stderr"], "values": [{"value": "\rLoading /root/datasets/homogeneous_graphs/cora.content:  60% 1621/2708 [00:09<00:06, 170.95it/s]", "step": null, "ts": 1663878963.2274652}]}, "version": 111}
{"obj": {"type": "LogStrings", "path": ["monitoring", "stderr"], "values": [{"value": "\rLoading /root/datasets/homogeneous_graphs/cora.content:  61% 1639/2708 [00:09<00:06, 171.58it/s]", "step": null, "ts": 1663878963.3314903}]}, "version": 112}
{"obj": {"type": "LogStrings", "path": ["monitoring", "stderr"], "values": [{"value": "\rLoading /root/datasets/homogeneous_graphs/cora.content:  61% 1657/2708 [00:09<00:06, 171.72it/s]", "step": null, "ts": 1663878963.4360774}]}, "version": 113}
{"obj": {"type": "LogStrings", "path": ["monitoring", "stderr"], "values": [{"value": "\rLoading /root/datasets/homogeneous_graphs/cora.content:  62% 1675/2708 [00:09<00:06, 171.37it/s]", "step": null, "ts": 1663878963.5416179}]}, "version": 114}
{"obj": {"type": "LogFloats", "path": ["monitoring", "cpu"], "values": [{"value": 13.6, "step": null, "ts": 1663878963.5369291}]}, "version": 115}
{"obj": {"type": "LogFloats", "path": ["monitoring", "memory"], "values": [{"value": 1.97454833984375, "step": null, "ts": 1663878963.5369291}]}, "version": 116}
{"obj": {"type": "LogFloats", "path": ["monitoring", "gpu_memory"], "values": [{"value": 0.002685546875, "step": null, "ts": 1663878963.5369291}]}, "version": 117}
{"obj": {"type": "LogStrings", "path": ["monitoring", "stderr"], "values": [{"value": "\rLoading /root/datasets/homogeneous_graphs/cora.content:  63% 1693/2708 [00:10<00:06, 167.80it/s]", "step": null, "ts": 1663878963.6541111}]}, "version": 118}
{"obj": {"type": "LogStrings", "path": ["monitoring", "stderr"], "values": [{"value": "\rLoading /root/datasets/homogeneous_graphs/cora.content:  63% 1710/2708 [00:10<00:05, 167.84it/s]", "step": null, "ts": 1663878963.7553513}]}, "version": 119}
{"obj": {"type": "LogStrings", "path": ["monitoring", "stderr"], "values": [{"value": "\rLoading /root/datasets/homogeneous_graphs/cora.content:  64% 1727/2708 [00:10<00:05, 167.87it/s]", "step": null, "ts": 1663878963.8565712}]}, "version": 120}
{"obj": {"type": "LogStrings", "path": ["monitoring", "stderr"], "values": [{"value": "\rLoading /root/datasets/homogeneous_graphs/cora.content:  64% 1744/2708 [00:10<00:05, 168.29it/s]", "step": null, "ts": 1663878963.95701}]}, "version": 121}
{"obj": {"type": "LogStrings", "path": ["monitoring", "stderr"], "values": [{"value": "\rLoading /root/datasets/homogeneous_graphs/cora.content:  65% 1762/2708 [00:10<00:05, 168.99it/s]", "step": null, "ts": 1663878964.0625288}]}, "version": 122}
{"obj": {"type": "LogStrings", "path": ["monitoring", "stderr"], "values": [{"value": "\rLoading /root/datasets/homogeneous_graphs/cora.content:  66% 1780/2708 [00:10<00:05, 170.19it/s]", "step": null, "ts": 1663878964.1665802}]}, "version": 123}
{"obj": {"type": "LogStrings", "path": ["monitoring", "stderr"], "values": [{"value": "\rLoading /root/datasets/homogeneous_graphs/cora.content:  66% 1798/2708 [00:10<00:05, 170.86it/s]", "step": null, "ts": 1663878964.2710102}]}, "version": 124}
{"obj": {"type": "LogStrings", "path": ["monitoring", "stderr"], "values": [{"value": "\rLoading /root/datasets/homogeneous_graphs/cora.content:  67% 1816/2708 [00:10<00:05, 167.60it/s]", "step": null, "ts": 1663878964.3831089}]}, "version": 125}
{"obj": {"type": "LogStrings", "path": ["monitoring", "stderr"], "values": [{"value": "\rLoading /root/datasets/homogeneous_graphs/cora.content:  68% 1834/2708 [00:10<00:05, 169.49it/s]", "step": null, "ts": 1663878964.4865084}]}, "version": 126}
{"obj": {"type": "LogStrings", "path": ["monitoring", "stderr"], "values": [{"value": "\rLoading /root/datasets/homogeneous_graphs/cora.content:  68% 1851/2708 [00:10<00:05, 167.97it/s]", "step": null, "ts": 1663878964.5899477}]}, "version": 127}
{"obj": {"type": "LogStrings", "path": ["monitoring", "stderr"], "values": [{"value": "\rLoading /root/datasets/homogeneous_graphs/cora.content:  69% 1868/2708 [00:11<00:04, 168.19it/s]", "step": null, "ts": 1663878964.69072}]}, "version": 128}
{"obj": {"type": "LogStrings", "path": ["monitoring", "stderr"], "values": [{"value": "\rLoading /root/datasets/homogeneous_graphs/cora.content:  70% 1885/2708 [00:11<00:05, 160.84it/s]", "step": null, "ts": 1663878964.8074849}]}, "version": 129}
{"obj": {"type": "LogStrings", "path": ["monitoring", "stderr"], "values": [{"value": "\rLoading /root/datasets/homogeneous_graphs/cora.content:  70% 1903/2708 [00:11<00:04, 164.08it/s]", "step": null, "ts": 1663878964.912258}]}, "version": 130}
{"obj": {"type": "LogStrings", "path": ["monitoring", "stderr"], "values": [{"value": "\rLoading /root/datasets/homogeneous_graphs/cora.content:  71% 1921/2708 [00:11<00:04, 166.48it/s]", "step": null, "ts": 1663878965.0167613}]}, "version": 131}
{"obj": {"type": "LogStrings", "path": ["monitoring", "stderr"], "values": [{"value": "\rLoading /root/datasets/homogeneous_graphs/cora.content:  72% 1939/2708 [00:11<00:04, 168.12it/s]", "step": null, "ts": 1663878965.1214135}]}, "version": 132}
{"obj": {"type": "LogStrings", "path": ["monitoring", "stderr"], "values": [{"value": "\rLoading /root/datasets/homogeneous_graphs/cora.content:  72% 1957/2708 [00:11<00:04, 170.23it/s]", "step": null, "ts": 1663878965.2241185}]}, "version": 133}
{"obj": {"type": "LogStrings", "path": ["monitoring", "stderr"], "values": [{"value": "\rLoading /root/datasets/homogeneous_graphs/cora.content:  73% 1975/2708 [00:11<00:04, 170.37it/s]", "step": null, "ts": 1663878965.3295577}]}, "version": 134}
{"obj": {"type": "LogStrings", "path": ["monitoring", "stderr"], "values": [{"value": "\rLoading /root/datasets/homogeneous_graphs/cora.content:  74% 1993/2708 [00:11<00:04, 170.75it/s]", "step": null, "ts": 1663878965.4344537}]}, "version": 135}
{"obj": {"type": "LogStrings", "path": ["monitoring", "stderr"], "values": [{"value": "\rLoading /root/datasets/homogeneous_graphs/cora.content:  74% 2011/2708 [00:11<00:04, 170.30it/s]", "step": null, "ts": 1663878965.540799}]}, "version": 136}
{"obj": {"type": "LogStrings", "path": ["monitoring", "stderr"], "values": [{"value": "\rLoading /root/datasets/homogeneous_graphs/cora.content:  75% 2029/2708 [00:12<00:03, 169.90it/s]", "step": null, "ts": 1663878965.6473243}]}, "version": 137}
{"obj": {"type": "LogStrings", "path": ["monitoring", "stderr"], "values": [{"value": "\rLoading /root/datasets/homogeneous_graphs/cora.content:  76% 2046/2708 [00:12<00:03, 169.89it/s]", "step": null, "ts": 1663878965.7473738}]}, "version": 138}
{"obj": {"type": "LogStrings", "path": ["monitoring", "stderr"], "values": [{"value": "\rLoading /root/datasets/homogeneous_graphs/cora.content:  76% 2064/2708 [00:12<00:03, 170.14it/s]", "step": null, "ts": 1663878965.8528636}]}, "version": 139}
{"obj": {"type": "LogStrings", "path": ["monitoring", "stderr"], "values": [{"value": "\rLoading /root/datasets/homogeneous_graphs/cora.content:  77% 2082/2708 [00:12<00:03, 170.96it/s]", "step": null, "ts": 1663878965.9569755}]}, "version": 140}
{"obj": {"type": "LogStrings", "path": ["monitoring", "stderr"], "values": [{"value": "\rLoading /root/datasets/homogeneous_graphs/cora.content:  78% 2100/2708 [00:12<00:03, 170.21it/s]", "step": null, "ts": 1663878966.063804}]}, "version": 141}
{"obj": {"type": "LogStrings", "path": ["monitoring", "stderr"], "values": [{"value": "\rLoading /root/datasets/homogeneous_graphs/cora.content:  78% 2118/2708 [00:12<00:03, 170.65it/s]", "step": null, "ts": 1663878966.1686323}]}, "version": 142}
{"obj": {"type": "LogStrings", "path": ["monitoring", "stderr"], "values": [{"value": "\rLoading /root/datasets/homogeneous_graphs/cora.content:  79% 2136/2708 [00:12<00:03, 169.83it/s]", "step": null, "ts": 1663878966.275816}]}, "version": 143}
{"obj": {"type": "LogStrings", "path": ["monitoring", "stderr"], "values": [{"value": "\rLoading /root/datasets/homogeneous_graphs/cora.content:  80% 2154/2708 [00:12<00:03, 170.95it/s]", "step": null, "ts": 1663878966.3794768}]}, "version": 144}
{"obj": {"type": "LogStrings", "path": ["monitoring", "stderr"], "values": [{"value": "\rLoading /root/datasets/homogeneous_graphs/cora.content:  80% 2172/2708 [00:12<00:03, 171.23it/s]", "step": null, "ts": 1663878966.4842288}]}, "version": 145}
{"obj": {"type": "LogStrings", "path": ["monitoring", "stderr"], "values": [{"value": "\rLoading /root/datasets/homogeneous_graphs/cora.content:  81% 2190/2708 [00:12<00:03, 171.21it/s]", "step": null, "ts": 1663878966.5893743}]}, "version": 146}
{"obj": {"type": "LogStrings", "path": ["monitoring", "stderr"], "values": [{"value": "\rLoading /root/datasets/homogeneous_graphs/cora.content:  82% 2208/2708 [00:13<00:02, 170.40it/s]", "step": null, "ts": 1663878966.6961565}]}, "version": 147}
{"obj": {"type": "LogStrings", "path": ["monitoring", "stderr"], "values": [{"value": "\rLoading /root/datasets/homogeneous_graphs/cora.content:  82% 2226/2708 [00:13<00:02, 170.02it/s]", "step": null, "ts": 1663878966.8025444}]}, "version": 148}
{"obj": {"type": "LogStrings", "path": ["monitoring", "stderr"], "values": [{"value": "\rLoading /root/datasets/homogeneous_graphs/cora.content:  83% 2244/2708 [00:13<00:02, 169.97it/s]", "step": null, "ts": 1663878966.9085486}]}, "version": 149}
{"obj": {"type": "LogStrings", "path": ["monitoring", "stderr"], "values": [{"value": "\rLoading /root/datasets/homogeneous_graphs/cora.content:  83% 2261/2708 [00:13<00:02, 169.42it/s]", "step": null, "ts": 1663878967.0096922}]}, "version": 150}
{"obj": {"type": "LogStrings", "path": ["monitoring", "stderr"], "values": [{"value": "\rLoading /root/datasets/homogeneous_graphs/cora.content:  84% 2278/2708 [00:13<00:02, 167.89it/s]", "step": null, "ts": 1663878967.1131675}]}, "version": 151}
{"obj": {"type": "LogStrings", "path": ["monitoring", "stderr"], "values": [{"value": "\rLoading /root/datasets/homogeneous_graphs/cora.content:  85% 2295/2708 [00:13<00:02, 167.41it/s]", "step": null, "ts": 1663878967.2155232}]}, "version": 152}
{"obj": {"type": "LogStrings", "path": ["monitoring", "stderr"], "values": [{"value": "\rLoading /root/datasets/homogeneous_graphs/cora.content:  85% 2312/2708 [00:13<00:02, 167.71it/s]", "step": null, "ts": 1663878967.3163724}]}, "version": 153}
{"obj": {"type": "LogStrings", "path": ["monitoring", "stderr"], "values": [{"value": "\rLoading /root/datasets/homogeneous_graphs/cora.content:  86% 2330/2708 [00:13<00:02, 170.38it/s]", "step": null, "ts": 1663878967.4182327}]}, "version": 154}
{"obj": {"type": "LogStrings", "path": ["monitoring", "stderr"], "values": [{"value": "\rLoading /root/datasets/homogeneous_graphs/cora.content:  87% 2348/2708 [00:13<00:02, 170.65it/s]", "step": null, "ts": 1663878967.5233703}]}, "version": 155}
{"obj": {"type": "LogStrings", "path": ["monitoring", "stderr"], "values": [{"value": "\rLoading /root/datasets/homogeneous_graphs/cora.content:  87% 2366/2708 [00:14<00:01, 171.09it/s]", "step": null, "ts": 1663878967.627948}]}, "version": 156}
{"obj": {"type": "LogStrings", "path": ["monitoring", "stderr"], "values": [{"value": "\rLoading /root/datasets/homogeneous_graphs/cora.content:  88% 2384/2708 [00:14<00:01, 171.56it/s]", "step": null, "ts": 1663878967.7322474}]}, "version": 157}
{"obj": {"type": "LogStrings", "path": ["monitoring", "stderr"], "values": [{"value": "\rLoading /root/datasets/homogeneous_graphs/cora.content:  89% 2402/2708 [00:14<00:01, 172.12it/s]", "step": null, "ts": 1663878967.8359907}]}, "version": 158}
{"obj": {"type": "LogStrings", "path": ["monitoring", "stderr"], "values": [{"value": "\rLoading /root/datasets/homogeneous_graphs/cora.content:  89% 2420/2708 [00:14<00:01, 172.30it/s]", "step": null, "ts": 1663878967.9402287}]}, "version": 159}
{"obj": {"type": "LogStrings", "path": ["monitoring", "stderr"], "values": [{"value": "\rLoading /root/datasets/homogeneous_graphs/cora.content:  90% 2438/2708 [00:14<00:01, 170.15it/s]", "step": null, "ts": 1663878968.0490632}]}, "version": 160}
{"obj": {"type": "LogStrings", "path": ["monitoring", "stderr"], "values": [{"value": "\rLoading /root/datasets/homogeneous_graphs/cora.content:  91% 2456/2708 [00:14<00:01, 170.07it/s]", "step": null, "ts": 1663878968.1550224}]}, "version": 161}
{"obj": {"type": "LogStrings", "path": ["monitoring", "stderr"], "values": [{"value": "\rLoading /root/datasets/homogeneous_graphs/cora.content:  91% 2474/2708 [00:14<00:01, 172.02it/s]", "step": null, "ts": 1663878968.2568731}]}, "version": 162}
{"obj": {"type": "LogStrings", "path": ["monitoring", "stderr"], "values": [{"value": "\rLoading /root/datasets/homogeneous_graphs/cora.content:  92% 2492/2708 [00:14<00:01, 172.72it/s]", "step": null, "ts": 1663878968.360107}]}, "version": 163}
{"obj": {"type": "LogStrings", "path": ["monitoring", "stderr"], "values": [{"value": "\rLoading /root/datasets/homogeneous_graphs/cora.content:  93% 2510/2708 [00:14<00:01, 172.90it/s]", "step": null, "ts": 1663878968.4639556}]}, "version": 164}
{"obj": {"type": "LogStrings", "path": ["monitoring", "stderr"], "values": [{"value": "\rLoading /root/datasets/homogeneous_graphs/cora.content:  93% 2528/2708 [00:14<00:01, 173.39it/s]", "step": null, "ts": 1663878968.5670836}]}, "version": 165}
{"obj": {"type": "LogStrings", "path": ["monitoring", "stderr"], "values": [{"value": "\rLoading /root/datasets/homogeneous_graphs/cora.content:  94% 2546/2708 [00:15<00:00, 173.79it/s]", "step": null, "ts": 1663878968.670094}]}, "version": 166}
{"obj": {"type": "LogStrings", "path": ["monitoring", "stderr"], "values": [{"value": "\rLoading /root/datasets/homogeneous_graphs/cora.content:  95% 2564/2708 [00:15<00:00, 174.69it/s]", "step": null, "ts": 1663878968.7719398}]}, "version": 167}
{"obj": {"type": "LogStrings", "path": ["monitoring", "stderr"], "values": [{"value": "\rLoading /root/datasets/homogeneous_graphs/cora.content:  95% 2582/2708 [00:15<00:00, 173.85it/s]", "step": null, "ts": 1663878968.8766143}]}, "version": 168}
{"obj": {"type": "LogStrings", "path": ["monitoring", "stderr"], "values": [{"value": "\rLoading /root/datasets/homogeneous_graphs/cora.content:  96% 2600/2708 [00:15<00:00, 173.47it/s]", "step": null, "ts": 1663878968.9808943}]}, "version": 169}
{"obj": {"type": "LogStrings", "path": ["monitoring", "stderr"], "values": [{"value": "\rLoading /root/datasets/homogeneous_graphs/cora.content:  97% 2618/2708 [00:15<00:00, 172.20it/s]", "step": null, "ts": 1663878969.087229}]}, "version": 170}
{"obj": {"type": "LogStrings", "path": ["monitoring", "stderr"], "values": [{"value": "\rLoading /root/datasets/homogeneous_graphs/cora.content:  97% 2636/2708 [00:15<00:00, 172.38it/s]", "step": null, "ts": 1663878969.191402}]}, "version": 171}
{"obj": {"type": "LogStrings", "path": ["monitoring", "stderr"], "values": [{"value": "\rLoading /root/datasets/homogeneous_graphs/cora.content:  98% 2654/2708 [00:15<00:00, 172.63it/s]", "step": null, "ts": 1663878969.2953184}]}, "version": 172}
{"obj": {"type": "LogStrings", "path": ["monitoring", "stderr"], "values": [{"value": "\rLoading /root/datasets/homogeneous_graphs/cora.content:  99% 2672/2708 [00:15<00:00, 171.78it/s]", "step": null, "ts": 1663878969.4012866}]}, "version": 173}
{"obj": {"type": "LogStrings", "path": ["monitoring", "stderr"], "values": [{"value": "\rLoading /root/datasets/homogeneous_graphs/cora.content:  99% 2690/2708 [00:15<00:00, 171.82it/s]", "step": null, "ts": 1663878969.5060444}]}, "version": 174}
{"obj": {"type": "LogStrings", "path": ["monitoring", "stderr"], "values": [{"value": "\rLoading /root/datasets/homogeneous_graphs/cora.content: 100% 2708/2708 [00:16<00:00, 168.53it/s]", "step": null, "ts": 1663878969.6175373}]}, "version": 175}
{"obj": {"type": "LogStrings", "path": ["monitoring", "stderr"], "values": [{"value": "", "step": null, "ts": 1663878969.6196196}]}, "version": 176}
{"obj": {"type": "LogStrings", "path": ["monitoring", "stderr"], "values": [{"value": "\rLoading /root/datasets/homogeneous_graphs/cora.content: 100% 2708/2708 [00:16<00:00, 168.96it/s]", "step": null, "ts": 1663878969.6210685}]}, "version": 177}
{"obj": {"type": "LogStrings", "path": ["monitoring", "stderr"], "values": [{"value": "\n", "step": null, "ts": 1663878969.6414104}]}, "version": 178}
{"obj": {"type": "LogStrings", "path": ["monitoring", "stderr"], "values": [{"value": "\rLoading /root/datasets/homogeneous_graphs/cora.cites:   0% 0/5429 [00:00<?, ?it/s]", "step": null, "ts": 1663878969.6435437}]}, "version": 179}
{"obj": {"type": "LogStrings", "path": ["monitoring", "stderr"], "values": [{"value": "", "step": null, "ts": 1663878969.6513767}]}, "version": 180}
{"obj": {"type": "LogStrings", "path": ["monitoring", "stderr"], "values": [{"value": "\rLoading /root/datasets/homogeneous_graphs/cora.cites: 100% 5429/5429 [00:00<00:00, 684406.13it/s]", "step": null, "ts": 1663878969.6530302}]}, "version": 181}
{"obj": {"type": "LogStrings", "path": ["monitoring", "stderr"], "values": [{"value": "\n", "step": null, "ts": 1663878969.654407}]}, "version": 182}
{"obj": {"type": "LogStrings", "path": ["monitoring", "stdout"], "values": [{"value": "{'output_dir': '~/experiments/', 'dataset': {'class': 'CoraLinkPrediction', 'path': '~/datasets/homogeneous_graphs/'}, 'task': {'class': 'LinkPrediction', 'model': {'class': 'NBFNet', 'input_dim': 32, 'hidden_dims': [32, 32, 32, 32, 32, 32], 'message_func': 'distmult', 'aggregate_func': 'pna', 'short_cut': True, 'layer_norm': True, 'dependent': False, 'remove_one_hop': True, 'symmetric': True}, 'criterion': 'bce', 'num_negative': 1, 'strict_negative': True}, 'optimizer': {'class': 'Adam', 'lr': 0.005, 'params': <generator object Module.parameters at 0x7f555a9bcbd0>}, 'engine': {'gpus': [0], 'batch_size': 64}, 'train': {'num_epoch': 20}, 'metric': 'auroc'}", "step": null, "ts": 1663878973.5451953}]}, "version": 183}
{"obj": {"type": "LogStrings", "path": ["monitoring", "stdout"], "values": [{"value": "\n", "step": null, "ts": 1663878973.5470464}]}, "version": 184}
{"obj": {"type": "AssignString", "path": ["params", "dataset", "class"], "value": "CoraLinkPrediction"}, "version": 185}
{"obj": {"type": "AssignString", "path": ["params", "dataset", "path"], "value": "~/datasets/homogeneous_graphs/"}, "version": 186}
{"obj": {"type": "AssignString", "path": ["params", "engine", "gpus"], "value": "[0]"}, "version": 187}
{"obj": {"type": "AssignInt", "path": ["params", "engine", "batch_size"], "value": 64}, "version": 188}
{"obj": {"type": "AssignString", "path": ["params", "optimizer", "class"], "value": "Adam"}, "version": 189}
{"obj": {"type": "AssignFloat", "path": ["params", "optimizer", "lr"], "value": 0.005}, "version": 190}
{"obj": {"type": "AssignString", "path": ["params", "optimizer", "params"], "value": "<generator object Module.parameters at 0x7f555a9bcbd0>"}, "version": 191}
{"obj": {"type": "AssignString", "path": ["params", "task", "class"], "value": "LinkPrediction"}, "version": 192}
{"obj": {"type": "AssignString", "path": ["params", "task", "model", "class"], "value": "NBFNet"}, "version": 193}
{"obj": {"type": "AssignInt", "path": ["params", "task", "model", "input_dim"], "value": 32}, "version": 194}
{"obj": {"type": "AssignString", "path": ["params", "task", "model", "hidden_dims"], "value": "[32, 32, 32, 32, 32, 32]"}, "version": 195}
{"obj": {"type": "AssignString", "path": ["params", "task", "model", "message_func"], "value": "distmult"}, "version": 196}
{"obj": {"type": "AssignString", "path": ["params", "task", "model", "aggregate_func"], "value": "pna"}, "version": 197}
{"obj": {"type": "AssignBool", "path": ["params", "task", "model", "short_cut"], "value": true}, "version": 198}
{"obj": {"type": "AssignBool", "path": ["params", "task", "model", "layer_norm"], "value": true}, "version": 199}
{"obj": {"type": "AssignBool", "path": ["params", "task", "model", "dependent"], "value": false}, "version": 200}
{"obj": {"type": "AssignBool", "path": ["params", "task", "model", "remove_one_hop"], "value": true}, "version": 201}
{"obj": {"type": "AssignBool", "path": ["params", "task", "model", "symmetric"], "value": true}, "version": 202}
{"obj": {"type": "AssignString", "path": ["params", "task", "criterion"], "value": "bce"}, "version": 203}
{"obj": {"type": "AssignInt", "path": ["params", "task", "num_negative"], "value": 1}, "version": 204}
{"obj": {"type": "AssignBool", "path": ["params", "task", "strict_negative"], "value": true}, "version": 205}
{"obj": {"type": "AssignInt", "path": ["params", "train", "num_epoch"], "value": 20}, "version": 206}
{"obj": {"type": "AssignString", "path": ["params", "metric"], "value": "auroc"}, "version": 207}
{"obj": {"type": "LogFloats", "path": ["monitoring", "cpu"], "values": [{"value": 13.4, "step": null, "ts": 1663878973.645785}]}, "version": 208}
{"obj": {"type": "LogFloats", "path": ["monitoring", "memory"], "values": [{"value": 3.519245147705078, "step": null, "ts": 1663878973.645785}]}, "version": 209}
{"obj": {"type": "LogFloats", "path": ["monitoring", "gpu"], "values": [{"value": 7.0, "step": null, "ts": 1663878973.645785}]}, "version": 210}
{"obj": {"type": "LogFloats", "path": ["monitoring", "gpu_memory"], "values": [{"value": 1.511474609375, "step": null, "ts": 1663878973.645785}]}, "version": 211}
{"obj": {"type": "LogFloats", "path": ["monitoring", "cpu"], "values": [{"value": 24.7, "step": null, "ts": 1663878983.6575987}]}, "version": 212}
{"obj": {"type": "LogFloats", "path": ["monitoring", "memory"], "values": [{"value": 6.626152038574219, "step": null, "ts": 1663878983.6575987}]}, "version": 213}
{"obj": {"type": "LogFloats", "path": ["monitoring", "gpu_memory"], "values": [{"value": 1.513427734375, "step": null, "ts": 1663878983.6575987}]}, "version": 214}
{"obj": {"type": "LogFloats", "path": ["monitoring", "cpu"], "values": [{"value": 25.8, "step": null, "ts": 1663878993.6644857}]}, "version": 215}
{"obj": {"type": "LogFloats", "path": ["monitoring", "memory"], "values": [{"value": 7.464702606201172, "step": null, "ts": 1663878993.6644857}]}, "version": 216}
{"obj": {"type": "LogFloats", "path": ["monitoring", "gpu_memory"], "values": [{"value": 1.513427734375, "step": null, "ts": 1663878993.6644857}]}, "version": 217}
{"obj": {"type": "LogFloats", "path": ["monitoring", "cpu"], "values": [{"value": 25.7, "step": null, "ts": 1663879003.6732962}]}, "version": 218}
{"obj": {"type": "LogFloats", "path": ["monitoring", "memory"], "values": [{"value": 4.876224517822266, "step": null, "ts": 1663879003.6732962}]}, "version": 219}
{"obj": {"type": "LogFloats", "path": ["monitoring", "gpu_memory"], "values": [{"value": 1.513427734375, "step": null, "ts": 1663879003.6732962}]}, "version": 220}
{"obj": {"type": "LogFloats", "path": ["monitoring", "cpu"], "values": [{"value": 25.7, "step": null, "ts": 1663879013.6841486}]}, "version": 221}
{"obj": {"type": "LogFloats", "path": ["monitoring", "memory"], "values": [{"value": 4.1307830810546875, "step": null, "ts": 1663879013.6841486}]}, "version": 222}
{"obj": {"type": "LogFloats", "path": ["monitoring", "gpu_memory"], "values": [{"value": 1.513427734375, "step": null, "ts": 1663879013.6841486}]}, "version": 223}
{"obj": {"type": "LogFloats", "path": ["monitoring", "cpu"], "values": [{"value": 25.8, "step": null, "ts": 1663879023.6961596}]}, "version": 224}
{"obj": {"type": "LogFloats", "path": ["monitoring", "memory"], "values": [{"value": 5.512672424316406, "step": null, "ts": 1663879023.6961596}]}, "version": 225}
{"obj": {"type": "LogFloats", "path": ["monitoring", "gpu_memory"], "values": [{"value": 1.513427734375, "step": null, "ts": 1663879023.6961596}]}, "version": 226}
{"obj": {"type": "LogFloats", "path": ["monitoring", "cpu"], "values": [{"value": 18.9, "step": null, "ts": 1663879033.7065244}]}, "version": 227}
{"obj": {"type": "LogFloats", "path": ["monitoring", "memory"], "values": [{"value": 3.5216598510742188, "step": null, "ts": 1663879033.7065244}]}, "version": 228}
{"obj": {"type": "LogFloats", "path": ["monitoring", "gpu"], "values": [{"value": 100.0, "step": null, "ts": 1663879033.7065244}]}, "version": 229}
{"obj": {"type": "LogFloats", "path": ["monitoring", "gpu_memory"], "values": [{"value": 15.253662109375, "step": null, "ts": 1663879033.7065244}]}, "version": 230}
{"obj": {"type": "LogFloats", "path": ["monitoring", "cpu"], "values": [{"value": 13.2, "step": null, "ts": 1663879043.7184138}]}, "version": 231}
{"obj": {"type": "LogFloats", "path": ["monitoring", "memory"], "values": [{"value": 3.5196685791015625, "step": null, "ts": 1663879043.7184138}]}, "version": 232}
{"obj": {"type": "LogFloats", "path": ["monitoring", "gpu"], "values": [{"value": 100.0, "step": null, "ts": 1663879043.7184138}]}, "version": 233}
{"obj": {"type": "LogFloats", "path": ["monitoring", "gpu_memory"], "values": [{"value": 15.253662109375, "step": null, "ts": 1663879043.7184138}]}, "version": 234}
{"obj": {"type": "LogFloats", "path": ["monitoring", "cpu"], "values": [{"value": 13.1, "step": null, "ts": 1663879053.7259781}]}, "version": 235}
{"obj": {"type": "LogFloats", "path": ["monitoring", "memory"], "values": [{"value": 3.520488739013672, "step": null, "ts": 1663879053.7259781}]}, "version": 236}
{"obj": {"type": "LogFloats", "path": ["monitoring", "gpu"], "values": [{"value": 100.0, "step": null, "ts": 1663879053.7259781}]}, "version": 237}
{"obj": {"type": "LogFloats", "path": ["monitoring", "gpu_memory"], "values": [{"value": 15.253662109375, "step": null, "ts": 1663879053.7259781}]}, "version": 238}
{"obj": {"type": "LogFloats", "path": ["monitoring", "cpu"], "values": [{"value": 18.6, "step": null, "ts": 1663879063.7340107}]}, "version": 239}
{"obj": {"type": "LogFloats", "path": ["monitoring", "memory"], "values": [{"value": 3.521495819091797, "step": null, "ts": 1663879063.7340107}]}, "version": 240}
{"obj": {"type": "LogFloats", "path": ["monitoring", "gpu"], "values": [{"value": 100.0, "step": null, "ts": 1663879063.7340107}]}, "version": 241}
{"obj": {"type": "LogFloats", "path": ["monitoring", "gpu_memory"], "values": [{"value": 15.253662109375, "step": null, "ts": 1663879063.7340107}]}, "version": 242}
{"obj": {"type": "LogFloats", "path": ["monitoring", "cpu"], "values": [{"value": 13.0, "step": null, "ts": 1663879073.7435343}]}, "version": 243}
{"obj": {"type": "LogFloats", "path": ["monitoring", "memory"], "values": [{"value": 3.5218048095703125, "step": null, "ts": 1663879073.7435343}]}, "version": 244}
{"obj": {"type": "LogFloats", "path": ["monitoring", "gpu"], "values": [{"value": 100.0, "step": null, "ts": 1663879073.7435343}]}, "version": 245}
{"obj": {"type": "LogFloats", "path": ["monitoring", "gpu_memory"], "values": [{"value": 15.253662109375, "step": null, "ts": 1663879073.7435343}]}, "version": 246}
{"obj": {"type": "LogFloats", "path": ["monitoring", "cpu"], "values": [{"value": 13.0, "step": null, "ts": 1663879083.7522776}]}, "version": 247}
{"obj": {"type": "LogFloats", "path": ["monitoring", "memory"], "values": [{"value": 3.5214805603027344, "step": null, "ts": 1663879083.7522776}]}, "version": 248}
{"obj": {"type": "LogFloats", "path": ["monitoring", "gpu"], "values": [{"value": 97.0, "step": null, "ts": 1663879083.7522776}]}, "version": 249}
{"obj": {"type": "LogFloats", "path": ["monitoring", "gpu_memory"], "values": [{"value": 15.253662109375, "step": null, "ts": 1663879083.7522776}]}, "version": 250}
{"obj": {"type": "LogFloats", "path": ["monitoring", "cpu"], "values": [{"value": 13.2, "step": null, "ts": 1663879093.7608194}]}, "version": 251}
{"obj": {"type": "LogFloats", "path": ["monitoring", "memory"], "values": [{"value": 3.5201492309570312, "step": null, "ts": 1663879093.7608194}]}, "version": 252}
{"obj": {"type": "LogFloats", "path": ["monitoring", "gpu"], "values": [{"value": 78.0, "step": null, "ts": 1663879093.7608194}]}, "version": 253}
{"obj": {"type": "LogFloats", "path": ["monitoring", "gpu_memory"], "values": [{"value": 15.255615234375, "step": null, "ts": 1663879093.7608194}]}, "version": 254}
{"obj": {"type": "LogFloats", "path": ["monitoring", "cpu"], "values": [{"value": 13.0, "step": null, "ts": 1663879103.7712932}]}, "version": 255}
{"obj": {"type": "LogFloats", "path": ["monitoring", "memory"], "values": [{"value": 3.5222702026367188, "step": null, "ts": 1663879103.7712932}]}, "version": 256}
{"obj": {"type": "LogFloats", "path": ["monitoring", "gpu"], "values": [{"value": 84.0, "step": null, "ts": 1663879103.7712932}]}, "version": 257}
{"obj": {"type": "LogFloats", "path": ["monitoring", "gpu_memory"], "values": [{"value": 15.255615234375, "step": null, "ts": 1663879103.7712932}]}, "version": 258}
{"obj": {"type": "LogFloats", "path": ["monitoring", "cpu"], "values": [{"value": 13.1, "step": null, "ts": 1663879113.780651}]}, "version": 259}
{"obj": {"type": "LogFloats", "path": ["monitoring", "memory"], "values": [{"value": 3.5201377868652344, "step": null, "ts": 1663879113.780651}]}, "version": 260}
{"obj": {"type": "LogFloats", "path": ["monitoring", "gpu"], "values": [{"value": 100.0, "step": null, "ts": 1663879113.780651}]}, "version": 261}
{"obj": {"type": "LogFloats", "path": ["monitoring", "gpu_memory"], "values": [{"value": 15.255615234375, "step": null, "ts": 1663879113.780651}]}, "version": 262}
{"obj": {"type": "LogFloats", "path": ["monitoring", "cpu"], "values": [{"value": 13.1, "step": null, "ts": 1663879123.790915}]}, "version": 263}
{"obj": {"type": "LogFloats", "path": ["monitoring", "memory"], "values": [{"value": 3.520580291748047, "step": null, "ts": 1663879123.790915}]}, "version": 264}
{"obj": {"type": "LogFloats", "path": ["monitoring", "gpu"], "values": [{"value": 100.0, "step": null, "ts": 1663879123.790915}]}, "version": 265}
{"obj": {"type": "LogFloats", "path": ["monitoring", "gpu_memory"], "values": [{"value": 15.255615234375, "step": null, "ts": 1663879123.790915}]}, "version": 266}
{"obj": {"type": "LogFloats", "path": ["monitoring", "cpu"], "values": [{"value": 13.0, "step": null, "ts": 1663879133.7997894}]}, "version": 267}
{"obj": {"type": "LogFloats", "path": ["monitoring", "memory"], "values": [{"value": 3.52044677734375, "step": null, "ts": 1663879133.7997894}]}, "version": 268}
{"obj": {"type": "LogFloats", "path": ["monitoring", "gpu"], "values": [{"value": 100.0, "step": null, "ts": 1663879133.7997894}]}, "version": 269}
{"obj": {"type": "LogFloats", "path": ["monitoring", "gpu_memory"], "values": [{"value": 15.255615234375, "step": null, "ts": 1663879133.7997894}]}, "version": 270}
{"obj": {"type": "LogStrings", "path": ["monitoring", "traceback"], "values": [{"value": "An uncaught exception occurred while run was active on worker 0091fd39faba.", "step": null, "ts": 1663879142.0504994}, {"value": "Marking run as failed", "step": null, "ts": 1663879142.0504994}, {"value": "Traceback:", "step": null, "ts": 1663879142.0504994}, {"value": "  File \"script/run.py\", line 88, in <module>\n", "step": null, "ts": 1663879142.0504994}, {"value": "  File \"script/run.py\", line 38, in train_and_validate\n", "step": null, "ts": 1663879142.0504994}, {"value": "too many indices for tensor of dimension 0", "step": null, "ts": 1663879142.0504994}]}, "version": 271}
{"obj": {"type": "AssignBool", "path": ["sys", "failed"], "value": true}, "version": 272}
{"obj": {"type": "LogStrings", "path": ["monitoring", "stderr"], "values": [{"value": "Traceback (most recent call last):\n", "step": null, "ts": 1663879142.05358}]}, "version": 273}
{"obj": {"type": "LogStrings", "path": ["monitoring", "stderr"], "values": [{"value": "  File \"script/run.py\", line 88, in <module>\n", "step": null, "ts": 1663879142.0549006}]}, "version": 274}
{"obj": {"type": "LogStrings", "path": ["monitoring", "stderr"], "values": [{"value": "    ", "step": null, "ts": 1663879142.0570295}]}, "version": 275}
{"obj": {"type": "LogStrings", "path": ["monitoring", "stderr"], "values": [{"value": "train_and_validate(cfg, solver)", "step": null, "ts": 1663879142.0581117}]}, "version": 276}
{"obj": {"type": "LogStrings", "path": ["monitoring", "stderr"], "values": [{"value": "\n", "step": null, "ts": 1663879142.0591652}]}, "version": 277}
{"obj": {"type": "LogStrings", "path": ["monitoring", "stderr"], "values": [{"value": "  File \"script/run.py\", line 38, in train_and_validate\n", "step": null, "ts": 1663879142.0602393}]}, "version": 278}
{"obj": {"type": "LogStrings", "path": ["monitoring", "stderr"], "values": [{"value": "    ", "step": null, "ts": 1663879142.0714107}]}, "version": 279}
{"obj": {"type": "LogStrings", "path": ["monitoring", "stderr"], "values": [{"value": "run[f\"test/{key}\"] = result[key]", "step": null, "ts": 1663879142.0745044}]}, "version": 280}
{"obj": {"type": "LogStrings", "path": ["monitoring", "stderr"], "values": [{"value": "\n", "step": null, "ts": 1663879142.0758502}]}, "version": 281}
{"obj": {"type": "LogStrings", "path": ["monitoring", "stderr"], "values": [{"value": "IndexError", "step": null, "ts": 1663879142.077117}]}, "version": 282}
{"obj": {"type": "LogStrings", "path": ["monitoring", "stderr"], "values": [{"value": ": ", "step": null, "ts": 1663879142.0782423}]}, "version": 283}
{"obj": {"type": "LogStrings", "path": ["monitoring", "stderr"], "values": [{"value": "too many indices for tensor of dimension 0", "step": null, "ts": 1663879142.0793397}]}, "version": 284}
{"obj": {"type": "LogStrings", "path": ["monitoring", "stderr"], "values": [{"value": "\n", "step": null, "ts": 1663879142.080561}]}, "version": 285}
{"obj": {"type": "LogStrings", "path": ["monitoring", "stdout"], "values": [{"value": "Shutting down background jobs, please wait a moment...\n", "step": null, "ts": 1663879142.082009}]}, "version": 286}
