{"obj": {"type": "AssignString", "path": ["sys", "name"], "value": "Untitled"}, "version": 1}
{"obj": {"type": "AssignString", "path": ["sys", "description"], "value": ""}, "version": 2}
{"obj": {"type": "AssignString", "path": ["sys", "hostname"], "value": "0091fd39faba"}, "version": 3}
{"obj": {"type": "AssignBool", "path": ["sys", "failed"], "value": false}, "version": 4}
{"obj": {"type": "ClearStringLog", "path": ["monitoring", "stdout"]}, "version": 5}
{"obj": {"type": "ClearStringLog", "path": ["monitoring", "stderr"]}, "version": 6}
{"obj": {"type": "AssignString", "path": ["source_code", "entrypoint"], "value": "run.py"}, "version": 7}
{"obj": {"type": "UploadFileSet", "path": ["source_code", "files"], "file_globs": ["/content/drive/MyDrive/Colab Notebooks/partC/NBFNet/script/run.py"], "reset": "False"}, "version": 8}
{"obj": {"type": "ConfigFloatSeries", "path": ["monitoring", "cpu"], "min": 0.0, "max": 100.0, "unit": "%"}, "version": 9}
{"obj": {"type": "ClearFloatLog", "path": ["monitoring", "cpu"]}, "version": 10}
{"obj": {"type": "ConfigFloatSeries", "path": ["monitoring", "memory"], "min": 0.0, "max": 51.00008010864258, "unit": "GB"}, "version": 11}
{"obj": {"type": "ClearFloatLog", "path": ["monitoring", "memory"]}, "version": 12}
{"obj": {"type": "ConfigFloatSeries", "path": ["monitoring", "gpu"], "min": 0.0, "max": 100.0, "unit": "%"}, "version": 13}
{"obj": {"type": "ClearFloatLog", "path": ["monitoring", "gpu"]}, "version": 14}
{"obj": {"type": "ConfigFloatSeries", "path": ["monitoring", "gpu_memory"], "min": 0.0, "max": 15.78173828125, "unit": "GB"}, "version": 15}
{"obj": {"type": "ClearFloatLog", "path": ["monitoring", "gpu_memory"]}, "version": 16}
{"obj": {"type": "LogFloats", "path": ["monitoring", "cpu"], "values": [{"value": 10.6, "step": null, "ts": 1663878778.1698947}]}, "version": 17}
{"obj": {"type": "LogFloats", "path": ["monitoring", "memory"], "values": [{"value": 1.9280242919921875, "step": null, "ts": 1663878778.1698947}]}, "version": 18}
{"obj": {"type": "LogFloats", "path": ["monitoring", "gpu_memory"], "values": [{"value": 0.002685546875, "step": null, "ts": 1663878778.1698947}]}, "version": 19}
{"obj": {"type": "LogStrings", "path": ["monitoring", "stderr"], "values": [{"value": "\rLoading /root/datasets/homogeneous_graphs/Pubmed-Diabetes.NODE.paper.tab:   0% 0/19719 [00:00<?, ?it/s]", "step": null, "ts": 1663878778.828757}]}, "version": 20}
{"obj": {"type": "LogStrings", "path": ["monitoring", "stderr"], "values": [{"value": "\rLoading /root/datasets/homogeneous_graphs/Pubmed-Diabetes.NODE.paper.tab:   1% 289/19719 [00:00<00:06, 2883.12it/s]", "step": null, "ts": 1663878778.9530506}]}, "version": 21}
{"obj": {"type": "LogStrings", "path": ["monitoring", "stderr"], "values": [{"value": "\rLoading /root/datasets/homogeneous_graphs/Pubmed-Diabetes.NODE.paper.tab:   3% 578/19719 [00:00<00:06, 2859.66it/s]", "step": null, "ts": 1663878779.0546691}]}, "version": 22}
{"obj": {"type": "LogStrings", "path": ["monitoring", "stderr"], "values": [{"value": "\rLoading /root/datasets/homogeneous_graphs/Pubmed-Diabetes.NODE.paper.tab:   4% 870/19719 [00:00<00:06, 2882.29it/s]", "step": null, "ts": 1663878779.1550548}]}, "version": 23}
{"obj": {"type": "LogStrings", "path": ["monitoring", "stderr"], "values": [{"value": "\rLoading /root/datasets/homogeneous_graphs/Pubmed-Diabetes.NODE.paper.tab:   6% 1167/19719 [00:00<00:06, 2914.26it/s]", "step": null, "ts": 1663878779.2552748}]}, "version": 24}
{"obj": {"type": "LogStrings", "path": ["monitoring", "stderr"], "values": [{"value": "\rLoading /root/datasets/homogeneous_graphs/Pubmed-Diabetes.NODE.paper.tab:   7% 1464/19719 [00:00<00:06, 2929.07it/s]", "step": null, "ts": 1663878779.3557737}]}, "version": 25}
{"obj": {"type": "LogStrings", "path": ["monitoring", "stderr"], "values": [{"value": "\rLoading /root/datasets/homogeneous_graphs/Pubmed-Diabetes.NODE.paper.tab:   9% 1757/19719 [00:00<00:06, 2912.38it/s]", "step": null, "ts": 1663878779.457504}]}, "version": 26}
{"obj": {"type": "LogStrings", "path": ["monitoring", "stderr"], "values": [{"value": "\rLoading /root/datasets/homogeneous_graphs/Pubmed-Diabetes.NODE.paper.tab:  10% 2049/19719 [00:00<00:06, 2860.16it/s]", "step": null, "ts": 1663878779.5634155}]}, "version": 27}
{"obj": {"type": "LogStrings", "path": ["monitoring", "stderr"], "values": [{"value": "\rLoading /root/datasets/homogeneous_graphs/Pubmed-Diabetes.NODE.paper.tab:  12% 2336/19719 [00:00<00:06, 2852.87it/s]", "step": null, "ts": 1663878779.6645446}]}, "version": 28}
{"obj": {"type": "LogStrings", "path": ["monitoring", "stderr"], "values": [{"value": "\rLoading /root/datasets/homogeneous_graphs/Pubmed-Diabetes.NODE.paper.tab:  13% 2633/19719 [00:00<00:05, 2888.42it/s]", "step": null, "ts": 1663878779.7646234}]}, "version": 29}
{"obj": {"type": "LogStrings", "path": ["monitoring", "stderr"], "values": [{"value": "\rLoading /root/datasets/homogeneous_graphs/Pubmed-Diabetes.NODE.paper.tab:  15% 2930/19719 [00:01<00:05, 2911.24it/s]", "step": null, "ts": 1663878779.8648567}]}, "version": 30}
{"obj": {"type": "LogStrings", "path": ["monitoring", "stderr"], "values": [{"value": "\rLoading /root/datasets/homogeneous_graphs/Pubmed-Diabetes.NODE.paper.tab:  16% 3224/19719 [00:01<00:05, 2918.10it/s]", "step": null, "ts": 1663878779.9650745}]}, "version": 31}
{"obj": {"type": "LogStrings", "path": ["monitoring", "stderr"], "values": [{"value": "\rLoading /root/datasets/homogeneous_graphs/Pubmed-Diabetes.NODE.paper.tab:  18% 3516/19719 [00:01<00:05, 2895.31it/s]", "step": null, "ts": 1663878780.0677755}]}, "version": 32}
{"obj": {"type": "LogStrings", "path": ["monitoring", "traceback"], "values": [{"value": "An uncaught exception occurred while run was active on worker 0091fd39faba.", "step": null, "ts": 1663878780.1712923}, {"value": "Marking run as failed", "step": null, "ts": 1663878780.1712923}, {"value": "Traceback:", "step": null, "ts": 1663878780.1712923}, {"value": "  File \"script/run.py\", line 71, in <module>\n", "step": null, "ts": 1663878780.1712923}, {"value": "  File \"/usr/local/lib/python3.7/dist-packages/torchdrug/core/core.py\", line 269, in load_config_dict\n    return cls(**new_config)\n", "step": null, "ts": 1663878780.1712923}, {"value": "  File \"<decorator-gen-278>\", line 2, in __init__\n", "step": null, "ts": 1663878780.1712923}, {"value": "  File \"/usr/local/lib/python3.7/dist-packages/torchdrug/core/core.py\", line 288, in wrapper\n    return init(self, *args, **kwargs)\n", "step": null, "ts": 1663878780.1712923}, {"value": "  File \"/content/drive/MyDrive/Colab Notebooks/partC/NBFNet/nbfnet/dataset.py\", line 151, in __init__\n    super(PubMedLinkPrediction, self).__init__(**kwargs)\n", "step": null, "ts": 1663878780.1712923}, {"value": "  File \"<decorator-gen-271>\", line 2, in __init__\n", "step": null, "ts": 1663878780.1712923}, {"value": "  File \"/usr/local/lib/python3.7/dist-packages/torchdrug/core/core.py\", line 288, in wrapper\n    return init(self, *args, **kwargs)\n", "step": null, "ts": 1663878780.1712923}]}, "version": 33}
{"obj": {"type": "LogStrings", "path": ["monitoring", "traceback"], "values": [{"value": "  File \"/usr/local/lib/python3.7/dist-packages/torchdrug/datasets/pubmed.py\", line 70, in __init__\n    feature[inv_feature_vocab[feature_token]] = utils.literal_eval(value)\n", "step": null, "ts": 1663878780.1712923}, {"value": "  File \"/usr/local/lib/python3.7/dist-packages/torchdrug/utils/io.py\", line 31, in literal_eval\n    return ast.literal_eval(string)\n", "step": null, "ts": 1663878780.1712923}, {"value": "  File \"/usr/lib/python3.7/ast.py\", line 46, in literal_eval\n    node_or_string = parse(node_or_string, mode='eval')\n", "step": null, "ts": 1663878780.1712923}, {"value": "  File \"/usr/lib/python3.7/ast.py\", line 35, in parse\n    return compile(source, filename, mode, PyCF_ONLY_AST)\n", "step": null, "ts": 1663878780.1712923}, {"value": "", "step": null, "ts": 1663878780.1712923}]}, "version": 34}
{"obj": {"type": "AssignBool", "path": ["sys", "failed"], "value": true}, "version": 35}
{"obj": {"type": "LogStrings", "path": ["monitoring", "stderr"], "values": [{"value": "Traceback (most recent call last):\n", "step": null, "ts": 1663878780.1752665}]}, "version": 36}
{"obj": {"type": "LogStrings", "path": ["monitoring", "stderr"], "values": [{"value": "  File \"script/run.py\", line 71, in <module>\n", "step": null, "ts": 1663878780.176527}]}, "version": 37}
{"obj": {"type": "LogStrings", "path": ["monitoring", "stderr"], "values": [{"value": "    ", "step": null, "ts": 1663878780.178818}]}, "version": 38}
{"obj": {"type": "LogStrings", "path": ["monitoring", "stderr"], "values": [{"value": "dataset = core.Configurable.load_config_dict(cfg.dataset)", "step": null, "ts": 1663878780.1800005}]}, "version": 39}
{"obj": {"type": "LogStrings", "path": ["monitoring", "stderr"], "values": [{"value": "\n", "step": null, "ts": 1663878780.1812007}]}, "version": 40}
{"obj": {"type": "LogStrings", "path": ["monitoring", "stderr"], "values": [{"value": "  File \"/usr/local/lib/python3.7/dist-packages/torchdrug/core/core.py\", line 269, in load_config_dict\n", "step": null, "ts": 1663878780.1823537}]}, "version": 41}
{"obj": {"type": "LogStrings", "path": ["monitoring", "stderr"], "values": [{"value": "    ", "step": null, "ts": 1663878780.1836221}]}, "version": 42}
{"obj": {"type": "LogStrings", "path": ["monitoring", "stderr"], "values": [{"value": "return cls(**new_config)", "step": null, "ts": 1663878780.1847885}]}, "version": 43}
{"obj": {"type": "LogStrings", "path": ["monitoring", "stderr"], "values": [{"value": "\n", "step": null, "ts": 1663878780.1858354}]}, "version": 44}
{"obj": {"type": "LogStrings", "path": ["monitoring", "stderr"], "values": [{"value": "  File \"<decorator-gen-278>\", line 2, in __init__\n", "step": null, "ts": 1663878780.1869943}]}, "version": 45}
{"obj": {"type": "LogStrings", "path": ["monitoring", "stderr"], "values": [{"value": "  File \"/usr/local/lib/python3.7/dist-packages/torchdrug/core/core.py\", line 288, in wrapper\n", "step": null, "ts": 1663878780.188649}]}, "version": 46}
{"obj": {"type": "LogStrings", "path": ["monitoring", "stderr"], "values": [{"value": "    ", "step": null, "ts": 1663878780.1899474}]}, "version": 47}
{"obj": {"type": "LogStrings", "path": ["monitoring", "stderr"], "values": [{"value": "return init(self, *args, **kwargs)", "step": null, "ts": 1663878780.1910896}]}, "version": 48}
{"obj": {"type": "LogStrings", "path": ["monitoring", "stderr"], "values": [{"value": "\n", "step": null, "ts": 1663878780.1921895}]}, "version": 49}
{"obj": {"type": "LogStrings", "path": ["monitoring", "stderr"], "values": [{"value": "  File \"/content/drive/MyDrive/Colab Notebooks/partC/NBFNet/nbfnet/dataset.py\", line 151, in __init__\n", "step": null, "ts": 1663878780.1932924}]}, "version": 50}
{"obj": {"type": "LogStrings", "path": ["monitoring", "stderr"], "values": [{"value": "    ", "step": null, "ts": 1663878780.1953802}]}, "version": 51}
{"obj": {"type": "LogStrings", "path": ["monitoring", "stderr"], "values": [{"value": "super(PubMedLinkPrediction, self).__init__(**kwargs)", "step": null, "ts": 1663878780.1965387}]}, "version": 52}
{"obj": {"type": "LogStrings", "path": ["monitoring", "stderr"], "values": [{"value": "\n", "step": null, "ts": 1663878780.197644}]}, "version": 53}
{"obj": {"type": "LogStrings", "path": ["monitoring", "stderr"], "values": [{"value": "  File \"<decorator-gen-271>\", line 2, in __init__\n", "step": null, "ts": 1663878780.19886}]}, "version": 54}
{"obj": {"type": "LogStrings", "path": ["monitoring", "stderr"], "values": [{"value": "  File \"/usr/local/lib/python3.7/dist-packages/torchdrug/core/core.py\", line 288, in wrapper\n", "step": null, "ts": 1663878780.2005355}]}, "version": 55}
{"obj": {"type": "LogStrings", "path": ["monitoring", "stderr"], "values": [{"value": "    ", "step": null, "ts": 1663878780.2021077}]}, "version": 56}
{"obj": {"type": "LogStrings", "path": ["monitoring", "stderr"], "values": [{"value": "return init(self, *args, **kwargs)", "step": null, "ts": 1663878780.203799}]}, "version": 57}
{"obj": {"type": "LogStrings", "path": ["monitoring", "stderr"], "values": [{"value": "\n", "step": null, "ts": 1663878780.2052867}]}, "version": 58}
{"obj": {"type": "LogStrings", "path": ["monitoring", "stderr"], "values": [{"value": "  File \"/usr/local/lib/python3.7/dist-packages/torchdrug/datasets/pubmed.py\", line 70, in __init__\n", "step": null, "ts": 1663878780.2065194}]}, "version": 59}
{"obj": {"type": "LogStrings", "path": ["monitoring", "stderr"], "values": [{"value": "    ", "step": null, "ts": 1663878780.2078016}]}, "version": 60}
{"obj": {"type": "LogStrings", "path": ["monitoring", "stderr"], "values": [{"value": "feature[inv_feature_vocab[feature_token]] = utils.literal_eval(value)", "step": null, "ts": 1663878780.2092366}]}, "version": 61}
{"obj": {"type": "LogStrings", "path": ["monitoring", "stderr"], "values": [{"value": "\n", "step": null, "ts": 1663878780.210595}]}, "version": 62}
{"obj": {"type": "LogStrings", "path": ["monitoring", "stderr"], "values": [{"value": "  File \"/usr/local/lib/python3.7/dist-packages/torchdrug/utils/io.py\", line 31, in literal_eval\n", "step": null, "ts": 1663878780.2118661}]}, "version": 63}
{"obj": {"type": "LogStrings", "path": ["monitoring", "stderr"], "values": [{"value": "    ", "step": null, "ts": 1663878780.213337}]}, "version": 64}
{"obj": {"type": "LogStrings", "path": ["monitoring", "stderr"], "values": [{"value": "return ast.literal_eval(string)", "step": null, "ts": 1663878780.2145598}]}, "version": 65}
{"obj": {"type": "LogStrings", "path": ["monitoring", "stderr"], "values": [{"value": "\n", "step": null, "ts": 1663878780.215703}]}, "version": 66}
{"obj": {"type": "LogStrings", "path": ["monitoring", "stderr"], "values": [{"value": "  File \"/usr/lib/python3.7/ast.py\", line 46, in literal_eval\n", "step": null, "ts": 1663878780.2170897}]}, "version": 67}
{"obj": {"type": "LogStrings", "path": ["monitoring", "stderr"], "values": [{"value": "    ", "step": null, "ts": 1663878780.2183971}]}, "version": 68}
{"obj": {"type": "LogStrings", "path": ["monitoring", "stderr"], "values": [{"value": "node_or_string = parse(node_or_string, mode='eval')", "step": null, "ts": 1663878780.2196193}]}, "version": 69}
{"obj": {"type": "LogStrings", "path": ["monitoring", "stderr"], "values": [{"value": "\n", "step": null, "ts": 1663878780.2207222}]}, "version": 70}
{"obj": {"type": "LogStrings", "path": ["monitoring", "stderr"], "values": [{"value": "  File \"/usr/lib/python3.7/ast.py\", line 35, in parse\n", "step": null, "ts": 1663878780.2385416}]}, "version": 71}
{"obj": {"type": "LogStrings", "path": ["monitoring", "stderr"], "values": [{"value": "    ", "step": null, "ts": 1663878780.2399778}]}, "version": 72}
{"obj": {"type": "LogStrings", "path": ["monitoring", "stderr"], "values": [{"value": "return compile(source, filename, mode, PyCF_ONLY_AST)", "step": null, "ts": 1663878780.241221}]}, "version": 73}
{"obj": {"type": "LogStrings", "path": ["monitoring", "stderr"], "values": [{"value": "\n", "step": null, "ts": 1663878780.2423818}]}, "version": 74}
{"obj": {"type": "LogStrings", "path": ["monitoring", "stderr"], "values": [{"value": "KeyboardInterrupt", "step": null, "ts": 1663878780.2435837}]}, "version": 75}
{"obj": {"type": "LogStrings", "path": ["monitoring", "stderr"], "values": [{"value": "", "step": null, "ts": 1663878780.2447505}]}, "version": 76}
{"obj": {"type": "LogStrings", "path": ["monitoring", "stderr"], "values": [{"value": "\n", "step": null, "ts": 1663878780.2458375}]}, "version": 77}
{"obj": {"type": "LogStrings", "path": ["monitoring", "stdout"], "values": [{"value": "Shutting down background jobs, please wait a moment...\n", "step": null, "ts": 1663878780.2472215}]}, "version": 78}
