{"obj": {"type": "AssignString", "path": ["sys", "name"], "value": "Untitled"}, "version": 1}
{"obj": {"type": "AssignString", "path": ["sys", "description"], "value": ""}, "version": 2}
{"obj": {"type": "AssignString", "path": ["sys", "hostname"], "value": "0091fd39faba"}, "version": 3}
{"obj": {"type": "AssignBool", "path": ["sys", "failed"], "value": false}, "version": 4}
{"obj": {"type": "ClearStringLog", "path": ["monitoring", "stdout"]}, "version": 5}
{"obj": {"type": "ClearStringLog", "path": ["monitoring", "stderr"]}, "version": 6}
{"obj": {"type": "AssignString", "path": ["source_code", "entrypoint"], "value": "run.py"}, "version": 7}
{"obj": {"type": "UploadFileSet", "path": ["source_code", "files"], "file_globs": ["/content/drive/MyDrive/Colab Notebooks/partC/NBFNet/script/run.py"], "reset": "False"}, "version": 8}
{"obj": {"type": "ConfigFloatSeries", "path": ["monitoring", "cpu"], "min": 0.0, "max": 100.0, "unit": "%"}, "version": 9}
{"obj": {"type": "ClearFloatLog", "path": ["monitoring", "cpu"]}, "version": 10}
{"obj": {"type": "ConfigFloatSeries", "path": ["monitoring", "memory"], "min": 0.0, "max": 51.00008010864258, "unit": "GB"}, "version": 11}
{"obj": {"type": "ClearFloatLog", "path": ["monitoring", "memory"]}, "version": 12}
{"obj": {"type": "ConfigFloatSeries", "path": ["monitoring", "gpu"], "min": 0.0, "max": 100.0, "unit": "%"}, "version": 13}
{"obj": {"type": "ClearFloatLog", "path": ["monitoring", "gpu"]}, "version": 14}
{"obj": {"type": "ConfigFloatSeries", "path": ["monitoring", "gpu_memory"], "min": 0.0, "max": 15.78173828125, "unit": "GB"}, "version": 15}
{"obj": {"type": "ClearFloatLog", "path": ["monitoring", "gpu_memory"]}, "version": 16}
{"obj": {"type": "LogFloats", "path": ["monitoring", "cpu"], "values": [{"value": 1.5, "step": null, "ts": 1663875638.927219}]}, "version": 17}
{"obj": {"type": "LogFloats", "path": ["monitoring", "memory"], "values": [{"value": 1.824493408203125, "step": null, "ts": 1663875638.927219}]}, "version": 18}
{"obj": {"type": "LogFloats", "path": ["monitoring", "gpu_memory"], "values": [{"value": 0.002685546875, "step": null, "ts": 1663875638.927219}]}, "version": 19}
{"obj": {"type": "LogStrings", "path": ["monitoring", "stderr"], "values": [{"value": "\rLoading /root/datasets/homogeneous_graphs/cora.content:   0% 0/2708 [00:00<?, ?it/s]", "step": null, "ts": 1663875640.4770772}]}, "version": 20}
{"obj": {"type": "LogStrings", "path": ["monitoring", "stderr"], "values": [{"value": "\rLoading /root/datasets/homogeneous_graphs/cora.content:   1% 19/2708 [00:00<00:14, 189.67it/s]", "step": null, "ts": 1663875640.5794365}]}, "version": 21}
{"obj": {"type": "LogStrings", "path": ["monitoring", "stderr"], "values": [{"value": "\rLoading /root/datasets/homogeneous_graphs/cora.content:   1% 39/2708 [00:00<00:13, 191.00it/s]", "step": null, "ts": 1663875640.6836019}]}, "version": 22}
{"obj": {"type": "LogStrings", "path": ["monitoring", "stderr"], "values": [{"value": "\rLoading /root/datasets/homogeneous_graphs/cora.content:   2% 59/2708 [00:00<00:13, 190.66it/s]", "step": null, "ts": 1663875640.7887487}]}, "version": 23}
{"obj": {"type": "LogStrings", "path": ["monitoring", "stderr"], "values": [{"value": "\rLoading /root/datasets/homogeneous_graphs/cora.content:   3% 79/2708 [00:00<00:13, 190.82it/s]", "step": null, "ts": 1663875640.8934484}]}, "version": 24}
{"obj": {"type": "LogStrings", "path": ["monitoring", "stderr"], "values": [{"value": "\rLoading /root/datasets/homogeneous_graphs/cora.content:   4% 99/2708 [00:00<00:13, 189.06it/s]", "step": null, "ts": 1663875641.0009325}]}, "version": 25}
{"obj": {"type": "LogStrings", "path": ["monitoring", "stderr"], "values": [{"value": "\rLoading /root/datasets/homogeneous_graphs/cora.content:   4% 118/2708 [00:00<00:13, 186.94it/s]", "step": null, "ts": 1663875641.1049228}]}, "version": 26}
{"obj": {"type": "LogStrings", "path": ["monitoring", "stderr"], "values": [{"value": "\rLoading /root/datasets/homogeneous_graphs/cora.content:   5% 137/2708 [00:00<00:13, 185.32it/s]", "step": null, "ts": 1663875641.2093284}]}, "version": 27}
{"obj": {"type": "LogStrings", "path": ["monitoring", "stderr"], "values": [{"value": "\rLoading /root/datasets/homogeneous_graphs/cora.content:   6% 156/2708 [00:00<00:13, 185.43it/s]", "step": null, "ts": 1663875641.3116598}]}, "version": 28}
{"obj": {"type": "LogStrings", "path": ["monitoring", "stderr"], "values": [{"value": "\rLoading /root/datasets/homogeneous_graphs/cora.content:   6% 175/2708 [00:00<00:13, 184.59it/s]", "step": null, "ts": 1663875641.4156227}]}, "version": 29}
{"obj": {"type": "LogStrings", "path": ["monitoring", "stderr"], "values": [{"value": "\rLoading /root/datasets/homogeneous_graphs/cora.content:   7% 194/2708 [00:01<00:13, 185.25it/s]", "step": null, "ts": 1663875641.517372}]}, "version": 30}
{"obj": {"type": "LogStrings", "path": ["monitoring", "stderr"], "values": [{"value": "\rLoading /root/datasets/homogeneous_graphs/cora.content:   8% 213/2708 [00:01<00:13, 183.08it/s]", "step": null, "ts": 1663875641.6239305}]}, "version": 31}
{"obj": {"type": "LogStrings", "path": ["monitoring", "stderr"], "values": [{"value": "\rLoading /root/datasets/homogeneous_graphs/cora.content:   9% 232/2708 [00:01<00:13, 181.92it/s]", "step": null, "ts": 1663875641.7298934}]}, "version": 32}
{"obj": {"type": "LogStrings", "path": ["monitoring", "stderr"], "values": [{"value": "\rLoading /root/datasets/homogeneous_graphs/cora.content:   9% 251/2708 [00:01<00:14, 172.17it/s]", "step": null, "ts": 1663875641.8539152}]}, "version": 33}
{"obj": {"type": "LogStrings", "path": ["monitoring", "stderr"], "values": [{"value": "\rLoading /root/datasets/homogeneous_graphs/cora.content:  10% 269/2708 [00:01<00:14, 173.31it/s]", "step": null, "ts": 1663875641.9561105}]}, "version": 34}
{"obj": {"type": "LogStrings", "path": ["monitoring", "stderr"], "values": [{"value": "\rLoading /root/datasets/homogeneous_graphs/cora.content:  11% 288/2708 [00:01<00:13, 175.26it/s]", "step": null, "ts": 1663875642.0617025}]}, "version": 35}
{"obj": {"type": "LogStrings", "path": ["monitoring", "stderr"], "values": [{"value": "\rLoading /root/datasets/homogeneous_graphs/cora.content:  11% 306/2708 [00:01<00:13, 176.49it/s]", "step": null, "ts": 1663875642.1619697}]}, "version": 36}
{"obj": {"type": "LogStrings", "path": ["monitoring", "stderr"], "values": [{"value": "\rLoading /root/datasets/homogeneous_graphs/cora.content:  12% 324/2708 [00:01<00:13, 177.20it/s]", "step": null, "ts": 1663875642.2625659}]}, "version": 37}
{"obj": {"type": "LogStrings", "path": ["monitoring", "stderr"], "values": [{"value": "\rLoading /root/datasets/homogeneous_graphs/cora.content:  13% 343/2708 [00:01<00:13, 178.55it/s]", "step": null, "ts": 1663875642.3671362}]}, "version": 38}
{"obj": {"type": "LogStrings", "path": ["monitoring", "stderr"], "values": [{"value": "\rLoading /root/datasets/homogeneous_graphs/cora.content:  13% 362/2708 [00:01<00:12, 180.50it/s]", "step": null, "ts": 1663875642.4697766}]}, "version": 39}
{"obj": {"type": "LogStrings", "path": ["monitoring", "stderr"], "values": [{"value": "\rLoading /root/datasets/homogeneous_graphs/cora.content:  14% 381/2708 [00:02<00:12, 180.19it/s]", "step": null, "ts": 1663875642.575659}]}, "version": 40}
{"obj": {"type": "LogStrings", "path": ["monitoring", "stderr"], "values": [{"value": "\rLoading /root/datasets/homogeneous_graphs/cora.content:  15% 400/2708 [00:02<00:12, 180.75it/s]", "step": null, "ts": 1663875642.6800187}]}, "version": 41}
{"obj": {"type": "LogStrings", "path": ["monitoring", "stderr"], "values": [{"value": "\rLoading /root/datasets/homogeneous_graphs/cora.content:  15% 419/2708 [00:02<00:12, 182.78it/s]", "step": null, "ts": 1663875642.7812688}]}, "version": 42}
{"obj": {"type": "LogStrings", "path": ["monitoring", "stderr"], "values": [{"value": "\rLoading /root/datasets/homogeneous_graphs/cora.content:  16% 438/2708 [00:02<00:12, 181.66it/s]", "step": null, "ts": 1663875642.8873618}]}, "version": 43}
{"obj": {"type": "LogStrings", "path": ["monitoring", "stderr"], "values": [{"value": "\rLoading /root/datasets/homogeneous_graphs/cora.content:  17% 457/2708 [00:02<00:12, 183.02it/s]", "step": null, "ts": 1663875642.9893641}]}, "version": 44}
{"obj": {"type": "LogStrings", "path": ["monitoring", "stderr"], "values": [{"value": "\rLoading /root/datasets/homogeneous_graphs/cora.content:  18% 476/2708 [00:02<00:12, 182.43it/s]", "step": null, "ts": 1663875643.0943213}]}, "version": 45}
{"obj": {"type": "LogStrings", "path": ["monitoring", "stderr"], "values": [{"value": "\rLoading /root/datasets/homogeneous_graphs/cora.content:  18% 495/2708 [00:02<00:12, 180.67it/s]", "step": null, "ts": 1663875643.2018104}]}, "version": 46}
{"obj": {"type": "LogStrings", "path": ["monitoring", "stderr"], "values": [{"value": "\rLoading /root/datasets/homogeneous_graphs/cora.content:  19% 514/2708 [00:02<00:12, 180.31it/s]", "step": null, "ts": 1663875643.3076584}]}, "version": 47}
{"obj": {"type": "LogStrings", "path": ["monitoring", "stderr"], "values": [{"value": "\rLoading /root/datasets/homogeneous_graphs/cora.content:  20% 533/2708 [00:02<00:11, 182.12it/s]", "step": null, "ts": 1663875643.4095626}]}, "version": 48}
{"obj": {"type": "LogStrings", "path": ["monitoring", "stderr"], "values": [{"value": "\rLoading /root/datasets/homogeneous_graphs/cora.content:  20% 552/2708 [00:03<00:11, 182.84it/s]", "step": null, "ts": 1663875643.5124984}]}, "version": 49}
{"obj": {"type": "LogStrings", "path": ["monitoring", "stderr"], "values": [{"value": "\rLoading /root/datasets/homogeneous_graphs/cora.content:  21% 571/2708 [00:03<00:11, 183.60it/s]", "step": null, "ts": 1663875643.6150382}]}, "version": 50}
{"obj": {"type": "LogStrings", "path": ["monitoring", "stderr"], "values": [{"value": "\rLoading /root/datasets/homogeneous_graphs/cora.content:  22% 590/2708 [00:03<00:11, 184.75it/s]", "step": null, "ts": 1663875643.7163558}]}, "version": 51}
{"obj": {"type": "LogStrings", "path": ["monitoring", "stderr"], "values": [{"value": "\rLoading /root/datasets/homogeneous_graphs/cora.content:  22% 609/2708 [00:03<00:11, 183.20it/s]", "step": null, "ts": 1663875643.8220932}]}, "version": 52}
{"obj": {"type": "LogStrings", "path": ["monitoring", "stderr"], "values": [{"value": "\rLoading /root/datasets/homogeneous_graphs/cora.content:  23% 628/2708 [00:03<00:11, 181.53it/s]", "step": null, "ts": 1663875643.928971}]}, "version": 53}
{"obj": {"type": "LogStrings", "path": ["monitoring", "stderr"], "values": [{"value": "\rLoading /root/datasets/homogeneous_graphs/cora.content:  24% 647/2708 [00:03<00:11, 181.66it/s]", "step": null, "ts": 1663875644.0334299}]}, "version": 54}
{"obj": {"type": "LogStrings", "path": ["monitoring", "stderr"], "values": [{"value": "\rLoading /root/datasets/homogeneous_graphs/cora.content:  25% 666/2708 [00:03<00:11, 179.72it/s]", "step": null, "ts": 1663875644.1417565}]}, "version": 55}
{"obj": {"type": "LogStrings", "path": ["monitoring", "stderr"], "values": [{"value": "\rLoading /root/datasets/homogeneous_graphs/cora.content:  25% 684/2708 [00:03<00:11, 178.10it/s]", "step": null, "ts": 1663875644.245522}]}, "version": 56}
{"obj": {"type": "LogStrings", "path": ["monitoring", "stderr"], "values": [{"value": "\rLoading /root/datasets/homogeneous_graphs/cora.content:  26% 703/2708 [00:03<00:11, 179.22it/s]", "step": null, "ts": 1663875644.3495708}]}, "version": 57}
{"obj": {"type": "LogStrings", "path": ["monitoring", "stderr"], "values": [{"value": "\rLoading /root/datasets/homogeneous_graphs/cora.content:  27% 722/2708 [00:03<00:10, 181.02it/s]", "step": null, "ts": 1663875644.4520612}]}, "version": 58}
{"obj": {"type": "LogStrings", "path": ["monitoring", "stderr"], "values": [{"value": "\rLoading /root/datasets/homogeneous_graphs/cora.content:  27% 741/2708 [00:04<00:10, 182.34it/s]", "step": null, "ts": 1663875644.5545}]}, "version": 59}
{"obj": {"type": "LogStrings", "path": ["monitoring", "stderr"], "values": [{"value": "\rLoading /root/datasets/homogeneous_graphs/cora.content:  28% 760/2708 [00:04<00:10, 181.81it/s]", "step": null, "ts": 1663875644.659749}]}, "version": 60}
{"obj": {"type": "LogStrings", "path": ["monitoring", "stderr"], "values": [{"value": "\rLoading /root/datasets/homogeneous_graphs/cora.content:  29% 779/2708 [00:04<00:10, 182.26it/s]", "step": null, "ts": 1663875644.7633848}]}, "version": 61}
{"obj": {"type": "LogStrings", "path": ["monitoring", "stderr"], "values": [{"value": "\rLoading /root/datasets/homogeneous_graphs/cora.content:  29% 798/2708 [00:04<00:10, 183.30it/s]", "step": null, "ts": 1663875644.8656464}]}, "version": 62}
{"obj": {"type": "LogStrings", "path": ["monitoring", "stderr"], "values": [{"value": "\rLoading /root/datasets/homogeneous_graphs/cora.content:  30% 817/2708 [00:04<00:10, 184.72it/s]", "step": null, "ts": 1663875644.966669}]}, "version": 63}
{"obj": {"type": "LogStrings", "path": ["monitoring", "stderr"], "values": [{"value": "\rLoading /root/datasets/homogeneous_graphs/cora.content:  31% 836/2708 [00:04<00:10, 186.16it/s]", "step": null, "ts": 1663875645.0668974}]}, "version": 64}
{"obj": {"type": "LogStrings", "path": ["monitoring", "stderr"], "values": [{"value": "\rLoading /root/datasets/homogeneous_graphs/cora.content:  32% 855/2708 [00:04<00:13, 139.67it/s]", "step": null, "ts": 1663875645.2821527}]}, "version": 65}
{"obj": {"type": "LogStrings", "path": ["monitoring", "stderr"], "values": [{"value": "\rLoading /root/datasets/homogeneous_graphs/cora.content:  32% 874/2708 [00:04<00:12, 150.85it/s]", "step": null, "ts": 1663875645.3845818}]}, "version": 66}
{"obj": {"type": "LogStrings", "path": ["monitoring", "stderr"], "values": [{"value": "\rLoading /root/datasets/homogeneous_graphs/cora.content:  33% 893/2708 [00:05<00:11, 159.14it/s]", "step": null, "ts": 1663875645.4886322}]}, "version": 67}
{"obj": {"type": "LogStrings", "path": ["monitoring", "stderr"], "values": [{"value": "\rLoading /root/datasets/homogeneous_graphs/cora.content:  34% 912/2708 [00:05<00:10, 167.14it/s]", "step": null, "ts": 1663875645.5890224}]}, "version": 68}
{"obj": {"type": "LogStrings", "path": ["monitoring", "stderr"], "values": [{"value": "\rLoading /root/datasets/homogeneous_graphs/cora.content:  34% 931/2708 [00:05<00:10, 172.12it/s]", "step": null, "ts": 1663875645.6917546}]}, "version": 69}
{"obj": {"type": "LogStrings", "path": ["monitoring", "stderr"], "values": [{"value": "\rLoading /root/datasets/homogeneous_graphs/cora.content:  35% 950/2708 [00:05<00:10, 175.14it/s]", "step": null, "ts": 1663875645.795762}]}, "version": 70}
{"obj": {"type": "LogStrings", "path": ["monitoring", "stderr"], "values": [{"value": "\rLoading /root/datasets/homogeneous_graphs/cora.content:  36% 969/2708 [00:05<00:09, 176.95it/s]", "step": null, "ts": 1663875645.9005415}]}, "version": 71}
{"obj": {"type": "LogStrings", "path": ["monitoring", "stderr"], "values": [{"value": "\rLoading /root/datasets/homogeneous_graphs/cora.content:  36% 988/2708 [00:05<00:09, 178.60it/s]", "step": null, "ts": 1663875646.004652}]}, "version": 72}
{"obj": {"type": "LogStrings", "path": ["monitoring", "stderr"], "values": [{"value": "\rLoading /root/datasets/homogeneous_graphs/cora.content:  37% 1007/2708 [00:05<00:09, 179.42it/s]", "step": null, "ts": 1663875646.1093583}]}, "version": 73}
{"obj": {"type": "LogStrings", "path": ["monitoring", "stderr"], "values": [{"value": "\rLoading /root/datasets/homogeneous_graphs/cora.content:  38% 1026/2708 [00:05<00:09, 179.64it/s]", "step": null, "ts": 1663875646.2148404}]}, "version": 74}
{"obj": {"type": "LogStrings", "path": ["monitoring", "stderr"], "values": [{"value": "\rLoading /root/datasets/homogeneous_graphs/cora.content:  39% 1045/2708 [00:05<00:09, 181.09it/s]", "step": null, "ts": 1663875646.3177874}]}, "version": 75}
{"obj": {"type": "LogStrings", "path": ["monitoring", "stderr"], "values": [{"value": "\rLoading /root/datasets/homogeneous_graphs/cora.content:  39% 1064/2708 [00:05<00:09, 181.67it/s]", "step": null, "ts": 1663875646.4215524}]}, "version": 76}
{"obj": {"type": "LogStrings", "path": ["monitoring", "stderr"], "values": [{"value": "\rLoading /root/datasets/homogeneous_graphs/cora.content:  40% 1083/2708 [00:06<00:08, 181.30it/s]", "step": null, "ts": 1663875646.5268934}]}, "version": 77}
{"obj": {"type": "LogStrings", "path": ["monitoring", "stderr"], "values": [{"value": "\rLoading /root/datasets/homogeneous_graphs/cora.content:  41% 1102/2708 [00:06<00:08, 179.81it/s]", "step": null, "ts": 1663875646.6345453}]}, "version": 78}
{"obj": {"type": "LogStrings", "path": ["monitoring", "stderr"], "values": [{"value": "\rLoading /root/datasets/homogeneous_graphs/cora.content:  41% 1121/2708 [00:06<00:08, 178.32it/s]", "step": null, "ts": 1663875646.7431815}]}, "version": 79}
{"obj": {"type": "LogStrings", "path": ["monitoring", "stderr"], "values": [{"value": "\rLoading /root/datasets/homogeneous_graphs/cora.content:  42% 1140/2708 [00:06<00:08, 179.45it/s]", "step": null, "ts": 1663875646.8475018}]}, "version": 80}
{"obj": {"type": "LogStrings", "path": ["monitoring", "stderr"], "values": [{"value": "\rLoading /root/datasets/homogeneous_graphs/cora.content:  43% 1158/2708 [00:06<00:08, 179.57it/s]", "step": null, "ts": 1663875646.9475656}]}, "version": 81}
{"obj": {"type": "LogStrings", "path": ["monitoring", "stderr"], "values": [{"value": "\rLoading /root/datasets/homogeneous_graphs/cora.content:  43% 1176/2708 [00:06<00:08, 170.33it/s]", "step": null, "ts": 1663875647.0664747}]}, "version": 82}
{"obj": {"type": "LogStrings", "path": ["monitoring", "stderr"], "values": [{"value": "\rLoading /root/datasets/homogeneous_graphs/cora.content:  44% 1194/2708 [00:06<00:08, 172.78it/s]", "step": null, "ts": 1663875647.1670308}]}, "version": 83}
{"obj": {"type": "LogStrings", "path": ["monitoring", "stderr"], "values": [{"value": "\rLoading /root/datasets/homogeneous_graphs/cora.content:  45% 1213/2708 [00:06<00:08, 175.84it/s]", "step": null, "ts": 1663875647.2707832}]}, "version": 84}
{"obj": {"type": "LogStrings", "path": ["monitoring", "stderr"], "values": [{"value": "\rLoading /root/datasets/homogeneous_graphs/cora.content:  45% 1232/2708 [00:06<00:08, 177.73it/s]", "step": null, "ts": 1663875647.3750694}]}, "version": 85}
{"obj": {"type": "LogStrings", "path": ["monitoring", "stderr"], "values": [{"value": "\rLoading /root/datasets/homogeneous_graphs/cora.content:  46% 1251/2708 [00:07<00:08, 178.89it/s]", "step": null, "ts": 1663875647.4796956}]}, "version": 86}
{"obj": {"type": "LogStrings", "path": ["monitoring", "stderr"], "values": [{"value": "\rLoading /root/datasets/homogeneous_graphs/cora.content:  47% 1270/2708 [00:07<00:07, 179.78it/s]", "step": null, "ts": 1663875647.584149}]}, "version": 87}
{"obj": {"type": "LogStrings", "path": ["monitoring", "stderr"], "values": [{"value": "\rLoading /root/datasets/homogeneous_graphs/cora.content:  48% 1288/2708 [00:07<00:07, 178.79it/s]", "step": null, "ts": 1663875647.686212}]}, "version": 88}
{"obj": {"type": "LogStrings", "path": ["monitoring", "stderr"], "values": [{"value": "\rLoading /root/datasets/homogeneous_graphs/cora.content:  48% 1306/2708 [00:07<00:07, 178.32it/s]", "step": null, "ts": 1663875647.7877965}]}, "version": 89}
{"obj": {"type": "LogStrings", "path": ["monitoring", "stderr"], "values": [{"value": "\rLoading /root/datasets/homogeneous_graphs/cora.content:  49% 1324/2708 [00:07<00:07, 177.60it/s]", "step": null, "ts": 1663875647.8901145}]}, "version": 90}
{"obj": {"type": "LogStrings", "path": ["monitoring", "stderr"], "values": [{"value": "\rLoading /root/datasets/homogeneous_graphs/cora.content:  50% 1343/2708 [00:07<00:07, 178.75it/s]", "step": null, "ts": 1663875647.9948761}]}, "version": 91}
{"obj": {"type": "LogStrings", "path": ["monitoring", "stderr"], "values": [{"value": "\rLoading /root/datasets/homogeneous_graphs/cora.content:  50% 1362/2708 [00:07<00:07, 180.91it/s]", "step": null, "ts": 1663875648.0970216}]}, "version": 92}
{"obj": {"type": "LogStrings", "path": ["monitoring", "stderr"], "values": [{"value": "\rLoading /root/datasets/homogeneous_graphs/cora.content:  51% 1381/2708 [00:07<00:07, 180.63it/s]", "step": null, "ts": 1663875648.2025638}]}, "version": 93}
{"obj": {"type": "LogStrings", "path": ["monitoring", "stderr"], "values": [{"value": "\rLoading /root/datasets/homogeneous_graphs/cora.content:  52% 1400/2708 [00:07<00:07, 181.78it/s]", "step": null, "ts": 1663875648.3055732}]}, "version": 94}
{"obj": {"type": "LogStrings", "path": ["monitoring", "stderr"], "values": [{"value": "\rLoading /root/datasets/homogeneous_graphs/cora.content:  52% 1419/2708 [00:07<00:07, 182.77it/s]", "step": null, "ts": 1663875648.4082143}]}, "version": 95}
{"obj": {"type": "LogStrings", "path": ["monitoring", "stderr"], "values": [{"value": "\rLoading /root/datasets/homogeneous_graphs/cora.content:  53% 1438/2708 [00:08<00:06, 181.81it/s]", "step": null, "ts": 1663875648.5139802}]}, "version": 96}
{"obj": {"type": "LogStrings", "path": ["monitoring", "stderr"], "values": [{"value": "\rLoading /root/datasets/homogeneous_graphs/cora.content:  54% 1457/2708 [00:08<00:06, 180.36it/s]", "step": null, "ts": 1663875648.6212995}]}, "version": 97}
{"obj": {"type": "LogStrings", "path": ["monitoring", "stderr"], "values": [{"value": "\rLoading /root/datasets/homogeneous_graphs/cora.content:  55% 1476/2708 [00:08<00:06, 177.25it/s]", "step": null, "ts": 1663875648.7327936}]}, "version": 98}
{"obj": {"type": "LogStrings", "path": ["monitoring", "stderr"], "values": [{"value": "\rLoading /root/datasets/homogeneous_graphs/cora.content:  55% 1494/2708 [00:08<00:06, 177.77it/s]", "step": null, "ts": 1663875648.8333106}]}, "version": 99}
{"obj": {"type": "LogStrings", "path": ["monitoring", "stderr"], "values": [{"value": "\rLoading /root/datasets/homogeneous_graphs/cora.content:  56% 1513/2708 [00:08<00:06, 179.56it/s]", "step": null, "ts": 1663875648.9366825}]}, "version": 100}
{"obj": {"type": "LogFloats", "path": ["monitoring", "cpu"], "values": [{"value": 11.8, "step": null, "ts": 1663875648.9512792}]}, "version": 101}
{"obj": {"type": "LogFloats", "path": ["monitoring", "memory"], "values": [{"value": 1.8384857177734375, "step": null, "ts": 1663875648.9512792}]}, "version": 102}
{"obj": {"type": "LogFloats", "path": ["monitoring", "gpu_memory"], "values": [{"value": 0.002685546875, "step": null, "ts": 1663875648.9512792}]}, "version": 103}
{"obj": {"type": "LogStrings", "path": ["monitoring", "stderr"], "values": [{"value": "\rLoading /root/datasets/homogeneous_graphs/cora.content:  57% 1531/2708 [00:08<00:06, 177.69it/s]", "step": null, "ts": 1663875649.0419934}]}, "version": 104}
{"obj": {"type": "LogStrings", "path": ["monitoring", "stderr"], "values": [{"value": "\rLoading /root/datasets/homogeneous_graphs/cora.content:  57% 1550/2708 [00:08<00:06, 179.10it/s]", "step": null, "ts": 1663875649.1447551}]}, "version": 105}
{"obj": {"type": "LogStrings", "path": ["monitoring", "stderr"], "values": [{"value": "\rLoading /root/datasets/homogeneous_graphs/cora.content:  58% 1569/2708 [00:08<00:06, 180.00it/s]", "step": null, "ts": 1663875649.2490618}]}, "version": 106}
{"obj": {"type": "LogStrings", "path": ["monitoring", "stderr"], "values": [{"value": "\rLoading /root/datasets/homogeneous_graphs/cora.content:  59% 1588/2708 [00:08<00:06, 179.91it/s]", "step": null, "ts": 1663875649.3547795}]}, "version": 107}
{"obj": {"type": "LogStrings", "path": ["monitoring", "stderr"], "values": [{"value": "\rLoading /root/datasets/homogeneous_graphs/cora.content:  59% 1606/2708 [00:08<00:06, 179.91it/s]", "step": null, "ts": 1663875649.4548328}]}, "version": 108}
{"obj": {"type": "LogStrings", "path": ["monitoring", "stderr"], "values": [{"value": "\rLoading /root/datasets/homogeneous_graphs/cora.content:  60% 1624/2708 [00:09<00:06, 178.38it/s]", "step": null, "ts": 1663875649.5578544}]}, "version": 109}
{"obj": {"type": "LogStrings", "path": ["monitoring", "stderr"], "values": [{"value": "\rLoading /root/datasets/homogeneous_graphs/cora.content:  61% 1642/2708 [00:09<00:06, 174.45it/s]", "step": null, "ts": 1663875649.6664329}]}, "version": 110}
{"obj": {"type": "LogStrings", "path": ["monitoring", "stderr"], "values": [{"value": "\rLoading /root/datasets/homogeneous_graphs/cora.content:  61% 1662/2708 [00:09<00:05, 179.32it/s]", "step": null, "ts": 1663875649.7713497}]}, "version": 111}
{"obj": {"type": "LogStrings", "path": ["monitoring", "stderr"], "values": [{"value": "\rLoading /root/datasets/homogeneous_graphs/cora.content:  62% 1680/2708 [00:09<00:05, 178.79it/s]", "step": null, "ts": 1663875649.8727221}]}, "version": 112}
{"obj": {"type": "LogStrings", "path": ["monitoring", "stderr"], "values": [{"value": "\rLoading /root/datasets/homogeneous_graphs/cora.content:  63% 1699/2708 [00:09<00:05, 180.55it/s]", "step": null, "ts": 1663875649.9756212}]}, "version": 113}
{"obj": {"type": "LogStrings", "path": ["monitoring", "stderr"], "values": [{"value": "\rLoading /root/datasets/homogeneous_graphs/cora.content:  63% 1718/2708 [00:09<00:05, 181.49it/s]", "step": null, "ts": 1663875650.0790477}]}, "version": 114}
{"obj": {"type": "LogStrings", "path": ["monitoring", "stderr"], "values": [{"value": "\rLoading /root/datasets/homogeneous_graphs/cora.content:  64% 1737/2708 [00:09<00:05, 182.05it/s]", "step": null, "ts": 1663875650.1826782}]}, "version": 115}
{"obj": {"type": "LogStrings", "path": ["monitoring", "stderr"], "values": [{"value": "\rLoading /root/datasets/homogeneous_graphs/cora.content:  65% 1756/2708 [00:09<00:05, 181.93it/s]", "step": null, "ts": 1663875650.2872663}]}, "version": 116}
{"obj": {"type": "LogStrings", "path": ["monitoring", "stderr"], "values": [{"value": "\rLoading /root/datasets/homogeneous_graphs/cora.content:  66% 1775/2708 [00:09<00:05, 180.39it/s]", "step": null, "ts": 1663875650.3946629}]}, "version": 117}
{"obj": {"type": "LogStrings", "path": ["monitoring", "stderr"], "values": [{"value": "\rLoading /root/datasets/homogeneous_graphs/cora.content:  66% 1794/2708 [00:10<00:05, 180.47it/s]", "step": null, "ts": 1663875650.4998353}]}, "version": 118}
{"obj": {"type": "LogStrings", "path": ["monitoring", "stderr"], "values": [{"value": "\rLoading /root/datasets/homogeneous_graphs/cora.content:  67% 1813/2708 [00:10<00:04, 182.21it/s]", "step": null, "ts": 1663875650.6017704}]}, "version": 119}
{"obj": {"type": "LogStrings", "path": ["monitoring", "stderr"], "values": [{"value": "\rLoading /root/datasets/homogeneous_graphs/cora.content:  68% 1832/2708 [00:10<00:04, 183.44it/s]", "step": null, "ts": 1663875650.7036946}]}, "version": 120}
{"obj": {"type": "LogStrings", "path": ["monitoring", "stderr"], "values": [{"value": "\rLoading /root/datasets/homogeneous_graphs/cora.content:  68% 1851/2708 [00:10<00:04, 184.38it/s]", "step": null, "ts": 1663875650.805518}]}, "version": 121}
{"obj": {"type": "LogStrings", "path": ["monitoring", "stderr"], "values": [{"value": "\rLoading /root/datasets/homogeneous_graphs/cora.content:  69% 1870/2708 [00:10<00:04, 183.11it/s]", "step": null, "ts": 1663875650.9109876}]}, "version": 122}
{"obj": {"type": "LogStrings", "path": ["monitoring", "stderr"], "values": [{"value": "\rLoading /root/datasets/homogeneous_graphs/cora.content:  70% 1889/2708 [00:10<00:04, 183.51it/s]", "step": null, "ts": 1663875651.0140023}]}, "version": 123}
{"obj": {"type": "LogStrings", "path": ["monitoring", "stderr"], "values": [{"value": "\rLoading /root/datasets/homogeneous_graphs/cora.content:  70% 1908/2708 [00:10<00:04, 183.61it/s]", "step": null, "ts": 1663875651.1173465}]}, "version": 124}
{"obj": {"type": "LogStrings", "path": ["monitoring", "stderr"], "values": [{"value": "\rLoading /root/datasets/homogeneous_graphs/cora.content:  71% 1927/2708 [00:10<00:04, 181.99it/s]", "step": null, "ts": 1663875651.2239122}]}, "version": 125}
{"obj": {"type": "LogStrings", "path": ["monitoring", "stderr"], "values": [{"value": "\rLoading /root/datasets/homogeneous_graphs/cora.content:  72% 1946/2708 [00:10<00:04, 181.98it/s]", "step": null, "ts": 1663875651.328314}]}, "version": 126}
{"obj": {"type": "LogStrings", "path": ["monitoring", "stderr"], "values": [{"value": "\rLoading /root/datasets/homogeneous_graphs/cora.content:  73% 1966/2708 [00:10<00:04, 184.58it/s]", "step": null, "ts": 1663875651.4332445}]}, "version": 127}
{"obj": {"type": "LogStrings", "path": ["monitoring", "stderr"], "values": [{"value": "\rLoading /root/datasets/homogeneous_graphs/cora.content:  73% 1985/2708 [00:11<00:03, 184.67it/s]", "step": null, "ts": 1663875651.5360255}]}, "version": 128}
{"obj": {"type": "LogStrings", "path": ["monitoring", "stderr"], "values": [{"value": "\rLoading /root/datasets/homogeneous_graphs/cora.content:  74% 2004/2708 [00:11<00:04, 175.09it/s]", "step": null, "ts": 1663875651.65783}]}, "version": 129}
{"obj": {"type": "LogStrings", "path": ["monitoring", "stderr"], "values": [{"value": "\rLoading /root/datasets/homogeneous_graphs/cora.content:  75% 2022/2708 [00:11<00:03, 172.03it/s]", "step": null, "ts": 1663875651.7670364}]}, "version": 130}
{"obj": {"type": "LogStrings", "path": ["monitoring", "stderr"], "values": [{"value": "\rLoading /root/datasets/homogeneous_graphs/cora.content:  75% 2040/2708 [00:11<00:03, 170.72it/s]", "step": null, "ts": 1663875651.8744164}]}, "version": 131}
{"obj": {"type": "LogStrings", "path": ["monitoring", "stderr"], "values": [{"value": "\rLoading /root/datasets/homogeneous_graphs/cora.content:  76% 2058/2708 [00:11<00:03, 169.26it/s]", "step": null, "ts": 1663875651.9829416}]}, "version": 132}
{"obj": {"type": "LogStrings", "path": ["monitoring", "stderr"], "values": [{"value": "\rLoading /root/datasets/homogeneous_graphs/cora.content:  77% 2075/2708 [00:11<00:03, 168.71it/s]", "step": null, "ts": 1663875652.0845287}]}, "version": 133}
{"obj": {"type": "LogStrings", "path": ["monitoring", "stderr"], "values": [{"value": "\rLoading /root/datasets/homogeneous_graphs/cora.content:  77% 2093/2708 [00:11<00:03, 171.41it/s]", "step": null, "ts": 1663875652.1856382}]}, "version": 134}
{"obj": {"type": "LogStrings", "path": ["monitoring", "stderr"], "values": [{"value": "\rLoading /root/datasets/homogeneous_graphs/cora.content:  78% 2111/2708 [00:11<00:03, 172.64it/s]", "step": null, "ts": 1663875652.2881482}]}, "version": 135}
{"obj": {"type": "LogStrings", "path": ["monitoring", "stderr"], "values": [{"value": "\rLoading /root/datasets/homogeneous_graphs/cora.content:  79% 2129/2708 [00:11<00:03, 173.96it/s]", "step": null, "ts": 1663875652.389791}]}, "version": 136}
{"obj": {"type": "LogStrings", "path": ["monitoring", "stderr"], "values": [{"value": "\rLoading /root/datasets/homogeneous_graphs/cora.content:  79% 2148/2708 [00:12<00:03, 176.42it/s]", "step": null, "ts": 1663875652.494135}]}, "version": 137}
{"obj": {"type": "LogStrings", "path": ["monitoring", "stderr"], "values": [{"value": "\rLoading /root/datasets/homogeneous_graphs/cora.content:  80% 2166/2708 [00:12<00:03, 175.94it/s]", "step": null, "ts": 1663875652.597122}]}, "version": 138}
{"obj": {"type": "LogStrings", "path": ["monitoring", "stderr"], "values": [{"value": "\rLoading /root/datasets/homogeneous_graphs/cora.content:  81% 2184/2708 [00:12<00:03, 171.09it/s]", "step": null, "ts": 1663875652.7091494}]}, "version": 139}
{"obj": {"type": "LogStrings", "path": ["monitoring", "stderr"], "values": [{"value": "\rLoading /root/datasets/homogeneous_graphs/cora.content:  81% 2202/2708 [00:12<00:02, 168.84it/s]", "step": null, "ts": 1663875652.819064}]}, "version": 140}
{"obj": {"type": "LogStrings", "path": ["monitoring", "stderr"], "values": [{"value": "\rLoading /root/datasets/homogeneous_graphs/cora.content:  82% 2220/2708 [00:12<00:02, 169.31it/s]", "step": null, "ts": 1663875652.924718}]}, "version": 141}
{"obj": {"type": "LogStrings", "path": ["monitoring", "stderr"], "values": [{"value": "\rLoading /root/datasets/homogeneous_graphs/cora.content:  83% 2237/2708 [00:12<00:02, 168.62it/s]", "step": null, "ts": 1663875653.0265412}]}, "version": 142}
{"obj": {"type": "LogStrings", "path": ["monitoring", "stderr"], "values": [{"value": "\rLoading /root/datasets/homogeneous_graphs/cora.content:  83% 2254/2708 [00:12<00:02, 167.70it/s]", "step": null, "ts": 1663875653.1292593}]}, "version": 143}
{"obj": {"type": "LogStrings", "path": ["monitoring", "stderr"], "values": [{"value": "\rLoading /root/datasets/homogeneous_graphs/cora.content:  84% 2271/2708 [00:12<00:02, 168.10it/s]", "step": null, "ts": 1663875653.2298152}]}, "version": 144}
{"obj": {"type": "LogStrings", "path": ["monitoring", "stderr"], "values": [{"value": "\rLoading /root/datasets/homogeneous_graphs/cora.content:  85% 2289/2708 [00:12<00:02, 168.98it/s]", "step": null, "ts": 1663875653.3351018}]}, "version": 145}
{"obj": {"type": "LogStrings", "path": ["monitoring", "stderr"], "values": [{"value": "\rLoading /root/datasets/homogeneous_graphs/cora.content:  85% 2306/2708 [00:12<00:02, 168.54it/s]", "step": null, "ts": 1663875653.4365556}]}, "version": 146}
{"obj": {"type": "LogStrings", "path": ["monitoring", "stderr"], "values": [{"value": "\rLoading /root/datasets/homogeneous_graphs/cora.content:  86% 2324/2708 [00:13<00:02, 169.95it/s]", "step": null, "ts": 1663875653.5404892}]}, "version": 147}
{"obj": {"type": "LogStrings", "path": ["monitoring", "stderr"], "values": [{"value": "\rLoading /root/datasets/homogeneous_graphs/cora.content:  86% 2342/2708 [00:13<00:02, 170.85it/s]", "step": null, "ts": 1663875653.6445742}]}, "version": 148}
{"obj": {"type": "LogStrings", "path": ["monitoring", "stderr"], "values": [{"value": "\rLoading /root/datasets/homogeneous_graphs/cora.content:  87% 2360/2708 [00:13<00:02, 171.45it/s]", "step": null, "ts": 1663875653.7487252}]}, "version": 149}
{"obj": {"type": "LogStrings", "path": ["monitoring", "stderr"], "values": [{"value": "\rLoading /root/datasets/homogeneous_graphs/cora.content:  88% 2378/2708 [00:13<00:01, 173.55it/s]", "step": null, "ts": 1663875653.8494856}]}, "version": 150}
{"obj": {"type": "LogStrings", "path": ["monitoring", "stderr"], "values": [{"value": "\rLoading /root/datasets/homogeneous_graphs/cora.content:  89% 2397/2708 [00:13<00:01, 176.31it/s]", "step": null, "ts": 1663875653.953526}]}, "version": 151}
{"obj": {"type": "LogStrings", "path": ["monitoring", "stderr"], "values": [{"value": "\rLoading /root/datasets/homogeneous_graphs/cora.content:  89% 2415/2708 [00:13<00:01, 175.98it/s]", "step": null, "ts": 1663875654.0562577}]}, "version": 152}
{"obj": {"type": "LogStrings", "path": ["monitoring", "stderr"], "values": [{"value": "\rLoading /root/datasets/homogeneous_graphs/cora.content:  90% 2434/2708 [00:13<00:01, 178.10it/s]", "step": null, "ts": 1663875654.1600595}]}, "version": 153}
{"obj": {"type": "LogStrings", "path": ["monitoring", "stderr"], "values": [{"value": "\rLoading /root/datasets/homogeneous_graphs/cora.content:  91% 2453/2708 [00:13<00:01, 180.55it/s]", "step": null, "ts": 1663875654.262035}]}, "version": 154}
{"obj": {"type": "LogStrings", "path": ["monitoring", "stderr"], "values": [{"value": "\rLoading /root/datasets/homogeneous_graphs/cora.content:  91% 2472/2708 [00:13<00:01, 181.16it/s]", "step": null, "ts": 1663875654.3661108}]}, "version": 155}
{"obj": {"type": "LogStrings", "path": ["monitoring", "stderr"], "values": [{"value": "\rLoading /root/datasets/homogeneous_graphs/cora.content:  92% 2491/2708 [00:13<00:01, 183.04it/s]", "step": null, "ts": 1663875654.4674363}]}, "version": 156}
{"obj": {"type": "LogStrings", "path": ["monitoring", "stderr"], "values": [{"value": "\rLoading /root/datasets/homogeneous_graphs/cora.content:  93% 2510/2708 [00:14<00:01, 183.49it/s]", "step": null, "ts": 1663875654.5703964}]}, "version": 157}
{"obj": {"type": "LogStrings", "path": ["monitoring", "stderr"], "values": [{"value": "\rLoading /root/datasets/homogeneous_graphs/cora.content:  93% 2529/2708 [00:14<00:00, 182.33it/s]", "step": null, "ts": 1663875654.6761453}]}, "version": 158}
{"obj": {"type": "LogStrings", "path": ["monitoring", "stderr"], "values": [{"value": "\rLoading /root/datasets/homogeneous_graphs/cora.content:  94% 2548/2708 [00:14<00:00, 179.49it/s]", "step": null, "ts": 1663875654.7858088}]}, "version": 159}
{"obj": {"type": "LogStrings", "path": ["monitoring", "stderr"], "values": [{"value": "\rLoading /root/datasets/homogeneous_graphs/cora.content:  95% 2566/2708 [00:14<00:00, 176.63it/s]", "step": null, "ts": 1663875654.8916593}]}, "version": 160}
{"obj": {"type": "LogStrings", "path": ["monitoring", "stderr"], "values": [{"value": "\rLoading /root/datasets/homogeneous_graphs/cora.content:  95% 2584/2708 [00:14<00:00, 177.02it/s]", "step": null, "ts": 1663875654.9930487}]}, "version": 161}
{"obj": {"type": "LogStrings", "path": ["monitoring", "stderr"], "values": [{"value": "\rLoading /root/datasets/homogeneous_graphs/cora.content:  96% 2604/2708 [00:14<00:00, 181.91it/s]", "step": null, "ts": 1663875655.0962667}]}, "version": 162}
{"obj": {"type": "LogStrings", "path": ["monitoring", "stderr"], "values": [{"value": "\rLoading /root/datasets/homogeneous_graphs/cora.content:  97% 2623/2708 [00:14<00:00, 184.12it/s]", "step": null, "ts": 1663875655.1965365}]}, "version": 163}
{"obj": {"type": "LogStrings", "path": ["monitoring", "stderr"], "values": [{"value": "\rLoading /root/datasets/homogeneous_graphs/cora.content:  98% 2642/2708 [00:14<00:00, 184.84it/s]", "step": null, "ts": 1663875655.2983649}]}, "version": 164}
{"obj": {"type": "LogStrings", "path": ["monitoring", "stderr"], "values": [{"value": "\rLoading /root/datasets/homogeneous_graphs/cora.content:  98% 2661/2708 [00:14<00:00, 184.10it/s]", "step": null, "ts": 1663875655.4025435}]}, "version": 165}
{"obj": {"type": "LogStrings", "path": ["monitoring", "stderr"], "values": [{"value": "\rLoading /root/datasets/homogeneous_graphs/cora.content:  99% 2680/2708 [00:15<00:00, 183.74it/s]", "step": null, "ts": 1663875655.506434}]}, "version": 166}
{"obj": {"type": "LogStrings", "path": ["monitoring", "stderr"], "values": [{"value": "\rLoading /root/datasets/homogeneous_graphs/cora.content: 100% 2699/2708 [00:15<00:00, 185.49it/s]", "step": null, "ts": 1663875655.606612}]}, "version": 167}
{"obj": {"type": "LogStrings", "path": ["monitoring", "stderr"], "values": [{"value": "", "step": null, "ts": 1663875655.655597}]}, "version": 168}
{"obj": {"type": "LogStrings", "path": ["monitoring", "stderr"], "values": [{"value": "\rLoading /root/datasets/homogeneous_graphs/cora.content: 100% 2708/2708 [00:15<00:00, 178.41it/s]", "step": null, "ts": 1663875655.6577106}]}, "version": 169}
{"obj": {"type": "LogStrings", "path": ["monitoring", "stderr"], "values": [{"value": "\n", "step": null, "ts": 1663875655.6591966}]}, "version": 170}
{"obj": {"type": "LogStrings", "path": ["monitoring", "stderr"], "values": [{"value": "\rLoading /root/datasets/homogeneous_graphs/cora.cites:   0% 0/5429 [00:00<?, ?it/s]", "step": null, "ts": 1663875655.6613872}]}, "version": 171}
{"obj": {"type": "LogStrings", "path": ["monitoring", "stderr"], "values": [{"value": "", "step": null, "ts": 1663875655.6692312}]}, "version": 172}
{"obj": {"type": "LogStrings", "path": ["monitoring", "stderr"], "values": [{"value": "\rLoading /root/datasets/homogeneous_graphs/cora.cites: 100% 5429/5429 [00:00<00:00, 708402.08it/s]", "step": null, "ts": 1663875655.6708298}]}, "version": 173}
{"obj": {"type": "LogStrings", "path": ["monitoring", "stderr"], "values": [{"value": "\n", "step": null, "ts": 1663875655.6924675}]}, "version": 174}
{"obj": {"type": "LogFloats", "path": ["monitoring", "cpu"], "values": [{"value": 13.5, "step": null, "ts": 1663875659.0421622}]}, "version": 175}
{"obj": {"type": "LogFloats", "path": ["monitoring", "memory"], "values": [{"value": 3.3334808349609375, "step": null, "ts": 1663875659.0421622}]}, "version": 176}
{"obj": {"type": "LogFloats", "path": ["monitoring", "gpu"], "values": [{"value": 3.0, "step": null, "ts": 1663875659.0421622}]}, "version": 177}
{"obj": {"type": "LogFloats", "path": ["monitoring", "gpu_memory"], "values": [{"value": 1.273193359375, "step": null, "ts": 1663875659.0421622}]}, "version": 178}
{"obj": {"type": "LogStrings", "path": ["monitoring", "stdout"], "values": [{"value": "dict_keys(['output_dir', 'dataset', 'task', 'optimizer', 'engine', 'train', 'metric'])", "step": null, "ts": 1663875659.3944948}]}, "version": 179}
{"obj": {"type": "LogStrings", "path": ["monitoring", "stdout"], "values": [{"value": "\n", "step": null, "ts": 1663875659.3968117}]}, "version": 180}
{"obj": {"type": "LogStrings", "path": ["monitoring", "traceback"], "values": [{"value": "An uncaught exception occurred while run was active on worker 0091fd39faba.", "step": null, "ts": 1663875659.3989313}, {"value": "Marking run as failed", "step": null, "ts": 1663875659.3989313}, {"value": "Traceback:", "step": null, "ts": 1663875659.3989313}, {"value": "  File \"script/run.py\", line 77, in <module>\n", "step": null, "ts": 1663875659.3989313}, {"value": "'str' object has no attribute 'keys'", "step": null, "ts": 1663875659.3989313}]}, "version": 181}
{"obj": {"type": "AssignBool", "path": ["sys", "failed"], "value": true}, "version": 182}
{"obj": {"type": "LogStrings", "path": ["monitoring", "stderr"], "values": [{"value": "Traceback (most recent call last):\n", "step": null, "ts": 1663875659.401645}]}, "version": 183}
{"obj": {"type": "LogStrings", "path": ["monitoring", "stderr"], "values": [{"value": "  File \"script/run.py\", line 77, in <module>\n", "step": null, "ts": 1663875659.4030557}]}, "version": 184}
{"obj": {"type": "LogStrings", "path": ["monitoring", "stderr"], "values": [{"value": "    ", "step": null, "ts": 1663875659.405468}]}, "version": 185}
{"obj": {"type": "LogStrings", "path": ["monitoring", "stderr"], "values": [{"value": "for k in cfg[key].keys():", "step": null, "ts": 1663875659.4066389}]}, "version": 186}
{"obj": {"type": "LogStrings", "path": ["monitoring", "stderr"], "values": [{"value": "\n", "step": null, "ts": 1663875659.4077668}]}, "version": 187}
{"obj": {"type": "LogStrings", "path": ["monitoring", "stderr"], "values": [{"value": "AttributeError", "step": null, "ts": 1663875659.4088547}]}, "version": 188}
{"obj": {"type": "LogStrings", "path": ["monitoring", "stderr"], "values": [{"value": ": ", "step": null, "ts": 1663875659.410013}]}, "version": 189}
{"obj": {"type": "LogStrings", "path": ["monitoring", "stderr"], "values": [{"value": "'str' object has no attribute 'keys'", "step": null, "ts": 1663875659.4111247}]}, "version": 190}
{"obj": {"type": "LogStrings", "path": ["monitoring", "stderr"], "values": [{"value": "\n", "step": null, "ts": 1663875659.4124014}]}, "version": 191}
{"obj": {"type": "LogStrings", "path": ["monitoring", "stdout"], "values": [{"value": "Shutting down background jobs, please wait a moment...\n", "step": null, "ts": 1663875659.413903}]}, "version": 192}
