{"obj": {"type": "AssignString", "path": ["sys", "name"], "value": "Untitled"}, "version": 1}
{"obj": {"type": "AssignString", "path": ["sys", "description"], "value": ""}, "version": 2}
{"obj": {"type": "AssignString", "path": ["sys", "hostname"], "value": "56a2658dd427"}, "version": 3}
{"obj": {"type": "AssignBool", "path": ["sys", "failed"], "value": false}, "version": 4}
{"obj": {"type": "ClearStringLog", "path": ["monitoring", "stdout"]}, "version": 5}
{"obj": {"type": "ClearStringLog", "path": ["monitoring", "stderr"]}, "version": 6}
{"obj": {"type": "AssignString", "path": ["source_code", "entrypoint"], "value": "run.py"}, "version": 7}
{"obj": {"type": "UploadFileSet", "path": ["source_code", "files"], "file_globs": ["/content/drive/MyDrive/Colab Notebooks/partC/NBFNet/script/run.py"], "reset": "False"}, "version": 8}
{"obj": {"type": "ConfigFloatSeries", "path": ["monitoring", "cpu"], "min": 0.0, "max": 100.0, "unit": "%"}, "version": 9}
{"obj": {"type": "ClearFloatLog", "path": ["monitoring", "cpu"]}, "version": 10}
{"obj": {"type": "ConfigFloatSeries", "path": ["monitoring", "memory"], "min": 0.0, "max": 12.681224822998047, "unit": "GB"}, "version": 11}
{"obj": {"type": "ClearFloatLog", "path": ["monitoring", "memory"]}, "version": 12}
{"obj": {"type": "ConfigFloatSeries", "path": ["monitoring", "gpu"], "min": 0.0, "max": 100.0, "unit": "%"}, "version": 13}
{"obj": {"type": "ClearFloatLog", "path": ["monitoring", "gpu"]}, "version": 14}
{"obj": {"type": "ConfigFloatSeries", "path": ["monitoring", "gpu_memory"], "min": 0.0, "max": 14.755615234375, "unit": "GB"}, "version": 15}
{"obj": {"type": "ClearFloatLog", "path": ["monitoring", "gpu_memory"]}, "version": 16}
{"obj": {"type": "LogFloats", "path": ["monitoring", "cpu"], "values": [{"value": 26.8, "step": null, "ts": 1671725591.0273836}]}, "version": 17}
{"obj": {"type": "LogFloats", "path": ["monitoring", "memory"], "values": [{"value": 1.3956756591796875, "step": null, "ts": 1671725591.0273836}]}, "version": 18}
{"obj": {"type": "LogFloats", "path": ["monitoring", "gpu_memory"], "values": [{"value": 0.0029296875, "step": null, "ts": 1671725591.0273836}]}, "version": 19}
{"obj": {"type": "LogStrings", "path": ["monitoring", "stderr"], "values": [{"value": "\rLoading /root/datasets/knowledge_graphs/wn18rr_v2_train.txt:   0% 0/15262 [00:00<?, ?it/s]", "step": null, "ts": 1671725592.5303512}]}, "version": 20}
{"obj": {"type": "LogStrings", "path": ["monitoring", "stderr"], "values": [{"value": "", "step": null, "ts": 1671725592.5606756}]}, "version": 21}
{"obj": {"type": "LogStrings", "path": ["monitoring", "stderr"], "values": [{"value": "\rLoading /root/datasets/knowledge_graphs/wn18rr_v2_train.txt: 100% 15262/15262 [00:00<00:00, 586021.46it/s]", "step": null, "ts": 1671725592.568549}]}, "version": 22}
{"obj": {"type": "LogStrings", "path": ["monitoring", "stderr"], "values": [{"value": "\n", "step": null, "ts": 1671725592.5704386}]}, "version": 23}
{"obj": {"type": "LogStrings", "path": ["monitoring", "stderr"], "values": [{"value": "\rLoading /root/datasets/knowledge_graphs/wn18rr_v2_valid.txt:   0% 0/1838 [00:00<?, ?it/s]", "step": null, "ts": 1671725592.5751853}]}, "version": 24}
{"obj": {"type": "LogStrings", "path": ["monitoring", "stderr"], "values": [{"value": "", "step": null, "ts": 1671725592.5807903}]}, "version": 25}
{"obj": {"type": "LogStrings", "path": ["monitoring", "stderr"], "values": [{"value": "\rLoading /root/datasets/knowledge_graphs/wn18rr_v2_valid.txt: 100% 1838/1838 [00:00<00:00, 541105.55it/s]", "step": null, "ts": 1671725592.5834208}]}, "version": 26}
{"obj": {"type": "LogStrings", "path": ["monitoring", "stderr"], "values": [{"value": "\n", "step": null, "ts": 1671725592.584959}]}, "version": 27}
{"obj": {"type": "LogStrings", "path": ["monitoring", "stderr"], "values": [{"value": "\rLoading /root/datasets/knowledge_graphs/wn18rr_v2_ind_train.txt:   0% 0/4011 [00:00<?, ?it/s]", "step": null, "ts": 1671725592.5865772}]}, "version": 28}
{"obj": {"type": "LogStrings", "path": ["monitoring", "stderr"], "values": [{"value": "", "step": null, "ts": 1671725592.5899572}]}, "version": 29}
{"obj": {"type": "LogStrings", "path": ["monitoring", "stderr"], "values": [{"value": "\rLoading /root/datasets/knowledge_graphs/wn18rr_v2_ind_train.txt: 100% 4011/4011 [00:00<00:00, 595896.62it/s]", "step": null, "ts": 1671725592.5996544}]}, "version": 30}
{"obj": {"type": "LogStrings", "path": ["monitoring", "stderr"], "values": [{"value": "\n", "step": null, "ts": 1671725592.6011744}]}, "version": 31}
{"obj": {"type": "LogStrings", "path": ["monitoring", "stderr"], "values": [{"value": "\rLoading /root/datasets/knowledge_graphs/wn18rr_v2_ind_test.txt:   0% 0/441 [00:00<?, ?it/s]", "step": null, "ts": 1671725592.602659}]}, "version": 32}
{"obj": {"type": "LogStrings", "path": ["monitoring", "stderr"], "values": [{"value": "", "step": null, "ts": 1671725592.604107}]}, "version": 33}
{"obj": {"type": "LogStrings", "path": ["monitoring", "stderr"], "values": [{"value": "\rLoading /root/datasets/knowledge_graphs/wn18rr_v2_ind_test.txt: 100% 441/441 [00:00<00:00, 378181.98it/s]", "step": null, "ts": 1671725592.6108315}]}, "version": 34}
{"obj": {"type": "LogStrings", "path": ["monitoring", "stderr"], "values": [{"value": "\n", "step": null, "ts": 1671725592.6120307}]}, "version": 35}
{"obj": {"type": "LogStrings", "path": ["monitoring", "stdout"], "values": [{"value": "{'output_dir': '~/experiments/', 'dataset': {'class': 'WN18RRInductive', 'path': '~/datasets/knowledge_graphs/', 'version': 'v2'}, 'task': {'class': 'InductiveKnowledgeGraphCompletion', 'model': {'class': 'NBFNet', 'input_dim': 32, 'hidden_dims': [32, 32, 32, 32, 32, 32], 'message_func': 'distmult', 'aggregate_func': 'mean', 'short_cut': True, 'layer_norm': True, 'dependent': False, 'num_relation': tensor(10)}, 'criterion': 'bce', 'num_negative': 32, 'strict_negative': True, 'adversarial_temperature': 1, 'sample_weight': False}, 'optimizer': {'class': 'Adam', 'lr': 0.005, 'params': <generator object Module.parameters at 0x7f9f5b113580>}, 'engine': {'gpus': [0], 'batch_size': 16}, 'train': {'num_epoch': 20}, 'metric': 'mrr'}", "step": null, "ts": 1671725596.2487726}]}, "version": 36}
{"obj": {"type": "AssignString", "path": ["params", "dataset", "class"], "value": "WN18RRInductive"}, "version": 37}
{"obj": {"type": "AssignString", "path": ["params", "dataset", "path"], "value": "~/datasets/knowledge_graphs/"}, "version": 38}
{"obj": {"type": "AssignString", "path": ["params", "dataset", "version"], "value": "v2"}, "version": 39}
{"obj": {"type": "AssignString", "path": ["params", "engine", "gpus"], "value": "[0]"}, "version": 40}
{"obj": {"type": "AssignInt", "path": ["params", "engine", "batch_size"], "value": 16}, "version": 41}
{"obj": {"type": "AssignString", "path": ["params", "optimizer", "class"], "value": "Adam"}, "version": 42}
{"obj": {"type": "AssignFloat", "path": ["params", "optimizer", "lr"], "value": 0.005}, "version": 43}
{"obj": {"type": "AssignString", "path": ["params", "optimizer", "params"], "value": "<generator object Module.parameters at 0x7f9f5b113580>"}, "version": 44}
{"obj": {"type": "AssignString", "path": ["params", "task", "class"], "value": "InductiveKnowledgeGraphCompletion"}, "version": 45}
{"obj": {"type": "AssignString", "path": ["params", "task", "model", "class"], "value": "NBFNet"}, "version": 46}
{"obj": {"type": "AssignInt", "path": ["params", "task", "model", "input_dim"], "value": 32}, "version": 47}
{"obj": {"type": "AssignString", "path": ["params", "task", "model", "hidden_dims"], "value": "[32, 32, 32, 32, 32, 32]"}, "version": 48}
{"obj": {"type": "AssignString", "path": ["params", "task", "model", "message_func"], "value": "distmult"}, "version": 49}
{"obj": {"type": "AssignString", "path": ["params", "task", "model", "aggregate_func"], "value": "mean"}, "version": 50}
{"obj": {"type": "AssignBool", "path": ["params", "task", "model", "short_cut"], "value": true}, "version": 51}
{"obj": {"type": "AssignBool", "path": ["params", "task", "model", "layer_norm"], "value": true}, "version": 52}
{"obj": {"type": "AssignBool", "path": ["params", "task", "model", "dependent"], "value": false}, "version": 53}
{"obj": {"type": "AssignFloat", "path": ["params", "task", "model", "num_relation"], "value": 10.0}, "version": 54}
{"obj": {"type": "AssignString", "path": ["params", "task", "criterion"], "value": "bce"}, "version": 55}
{"obj": {"type": "AssignInt", "path": ["params", "task", "num_negative"], "value": 32}, "version": 56}
{"obj": {"type": "AssignBool", "path": ["params", "task", "strict_negative"], "value": true}, "version": 57}
{"obj": {"type": "AssignInt", "path": ["params", "task", "adversarial_temperature"], "value": 1}, "version": 58}
{"obj": {"type": "AssignBool", "path": ["params", "task", "sample_weight"], "value": false}, "version": 59}
{"obj": {"type": "AssignInt", "path": ["params", "train", "num_epoch"], "value": 20}, "version": 60}
{"obj": {"type": "AssignString", "path": ["params", "metric"], "value": "mrr"}, "version": 61}
{"obj": {"type": "LogStrings", "path": ["monitoring", "stdout"], "values": [{"value": "\n", "step": null, "ts": 1671725596.3021822}]}, "version": 62}
{"obj": {"type": "LogStrings", "path": ["monitoring", "stderr"], "values": [{"value": "/usr/local/lib/python3.8/dist-packages/neptune/new/attributes/attribute.py:64: NeptuneDeprecationWarning: The object you're logging will be implicitly cast to a string. We'll end support of this behavior in `neptune-client==1.0.0`. To log the object as a string, use `str(object)` instead.\n  return self.assign(value, wait)\n", "step": null, "ts": 1671725596.3069925}]}, "version": 63}
{"obj": {"type": "LogFloats", "path": ["monitoring", "cpu"], "values": [{"value": 45.9, "step": null, "ts": 1671725601.0391574}]}, "version": 64}
{"obj": {"type": "LogFloats", "path": ["monitoring", "memory"], "values": [{"value": 3.0118637084960938, "step": null, "ts": 1671725601.0391574}]}, "version": 65}
{"obj": {"type": "LogFloats", "path": ["monitoring", "gpu"], "values": [{"value": 91.0, "step": null, "ts": 1671725601.0391574}]}, "version": 66}
{"obj": {"type": "LogFloats", "path": ["monitoring", "gpu_memory"], "values": [{"value": 3.794921875, "step": null, "ts": 1671725601.0391574}]}, "version": 67}
{"obj": {"type": "LogFloats", "path": ["monitoring", "cpu"], "values": [{"value": 52.7, "step": null, "ts": 1671725611.0502648}]}, "version": 68}
{"obj": {"type": "LogFloats", "path": ["monitoring", "memory"], "values": [{"value": 3.0125732421875, "step": null, "ts": 1671725611.0502648}]}, "version": 69}
{"obj": {"type": "LogFloats", "path": ["monitoring", "gpu"], "values": [{"value": 92.0, "step": null, "ts": 1671725611.0502648}]}, "version": 70}
{"obj": {"type": "LogFloats", "path": ["monitoring", "gpu_memory"], "values": [{"value": 3.794921875, "step": null, "ts": 1671725611.0502648}]}, "version": 71}
{"obj": {"type": "LogFloats", "path": ["monitoring", "cpu"], "values": [{"value": 52.6, "step": null, "ts": 1671725621.058481}]}, "version": 72}
{"obj": {"type": "LogFloats", "path": ["monitoring", "memory"], "values": [{"value": 3.0121231079101562, "step": null, "ts": 1671725621.058481}]}, "version": 73}
{"obj": {"type": "LogFloats", "path": ["monitoring", "gpu"], "values": [{"value": 94.0, "step": null, "ts": 1671725621.058481}]}, "version": 74}
{"obj": {"type": "LogFloats", "path": ["monitoring", "gpu_memory"], "values": [{"value": 3.794921875, "step": null, "ts": 1671725621.058481}]}, "version": 75}
{"obj": {"type": "LogFloats", "path": ["monitoring", "cpu"], "values": [{"value": 52.8, "step": null, "ts": 1671725631.0709343}]}, "version": 76}
{"obj": {"type": "LogFloats", "path": ["monitoring", "memory"], "values": [{"value": 3.0128326416015625, "step": null, "ts": 1671725631.0709343}]}, "version": 77}
{"obj": {"type": "LogFloats", "path": ["monitoring", "gpu"], "values": [{"value": 92.0, "step": null, "ts": 1671725631.0709343}]}, "version": 78}
{"obj": {"type": "LogFloats", "path": ["monitoring", "gpu_memory"], "values": [{"value": 3.794921875, "step": null, "ts": 1671725631.0709343}]}, "version": 79}
{"obj": {"type": "LogFloats", "path": ["monitoring", "cpu"], "values": [{"value": 52.8, "step": null, "ts": 1671725641.0787227}]}, "version": 80}
{"obj": {"type": "LogFloats", "path": ["monitoring", "memory"], "values": [{"value": 3.01422119140625, "step": null, "ts": 1671725641.0787227}]}, "version": 81}
{"obj": {"type": "LogFloats", "path": ["monitoring", "gpu"], "values": [{"value": 90.0, "step": null, "ts": 1671725641.0787227}]}, "version": 82}
{"obj": {"type": "LogFloats", "path": ["monitoring", "gpu_memory"], "values": [{"value": 3.794921875, "step": null, "ts": 1671725641.0787227}]}, "version": 83}
{"obj": {"type": "LogFloats", "path": ["monitoring", "cpu"], "values": [{"value": 52.8, "step": null, "ts": 1671725651.0920627}]}, "version": 84}
{"obj": {"type": "LogFloats", "path": ["monitoring", "memory"], "values": [{"value": 3.013019561767578, "step": null, "ts": 1671725651.0920627}]}, "version": 85}
{"obj": {"type": "LogFloats", "path": ["monitoring", "gpu"], "values": [{"value": 91.0, "step": null, "ts": 1671725651.0920627}]}, "version": 86}
{"obj": {"type": "LogFloats", "path": ["monitoring", "gpu_memory"], "values": [{"value": 3.794921875, "step": null, "ts": 1671725651.0920627}]}, "version": 87}
{"obj": {"type": "LogFloats", "path": ["monitoring", "cpu"], "values": [{"value": 52.5, "step": null, "ts": 1671725661.10166}]}, "version": 88}
{"obj": {"type": "LogFloats", "path": ["monitoring", "memory"], "values": [{"value": 3.0136756896972656, "step": null, "ts": 1671725661.10166}]}, "version": 89}
{"obj": {"type": "LogFloats", "path": ["monitoring", "gpu"], "values": [{"value": 87.0, "step": null, "ts": 1671725661.10166}]}, "version": 90}
{"obj": {"type": "LogFloats", "path": ["monitoring", "gpu_memory"], "values": [{"value": 3.794921875, "step": null, "ts": 1671725661.10166}]}, "version": 91}
{"obj": {"type": "LogFloats", "path": ["monitoring", "cpu"], "values": [{"value": 52.6, "step": null, "ts": 1671725671.1129725}]}, "version": 92}
{"obj": {"type": "LogFloats", "path": ["monitoring", "memory"], "values": [{"value": 3.0137557983398438, "step": null, "ts": 1671725671.1129725}]}, "version": 93}
{"obj": {"type": "LogFloats", "path": ["monitoring", "gpu"], "values": [{"value": 94.0, "step": null, "ts": 1671725671.1129725}]}, "version": 94}
{"obj": {"type": "LogFloats", "path": ["monitoring", "gpu_memory"], "values": [{"value": 3.794921875, "step": null, "ts": 1671725671.1129725}]}, "version": 95}
{"obj": {"type": "LogFloats", "path": ["monitoring", "cpu"], "values": [{"value": 77.2, "step": null, "ts": 1671725681.1237392}]}, "version": 96}
{"obj": {"type": "LogFloats", "path": ["monitoring", "memory"], "values": [{"value": 3.0138206481933594, "step": null, "ts": 1671725681.1237392}]}, "version": 97}
{"obj": {"type": "LogFloats", "path": ["monitoring", "gpu"], "values": [{"value": 91.0, "step": null, "ts": 1671725681.1237392}]}, "version": 98}
{"obj": {"type": "LogFloats", "path": ["monitoring", "gpu_memory"], "values": [{"value": 3.794921875, "step": null, "ts": 1671725681.1237392}]}, "version": 99}
{"obj": {"type": "LogFloats", "path": ["monitoring", "cpu"], "values": [{"value": 52.9, "step": null, "ts": 1671725691.1356149}]}, "version": 100}
{"obj": {"type": "LogFloats", "path": ["monitoring", "memory"], "values": [{"value": 3.013111114501953, "step": null, "ts": 1671725691.1356149}]}, "version": 101}
{"obj": {"type": "LogFloats", "path": ["monitoring", "gpu"], "values": [{"value": 96.0, "step": null, "ts": 1671725691.1356149}]}, "version": 102}
{"obj": {"type": "LogFloats", "path": ["monitoring", "gpu_memory"], "values": [{"value": 3.794921875, "step": null, "ts": 1671725691.1356149}]}, "version": 103}
{"obj": {"type": "LogFloats", "path": ["monitoring", "cpu"], "values": [{"value": 52.9, "step": null, "ts": 1671725701.1463583}]}, "version": 104}
{"obj": {"type": "LogFloats", "path": ["monitoring", "memory"], "values": [{"value": 3.0138282775878906, "step": null, "ts": 1671725701.1463583}]}, "version": 105}
{"obj": {"type": "LogFloats", "path": ["monitoring", "gpu"], "values": [{"value": 91.0, "step": null, "ts": 1671725701.1463583}]}, "version": 106}
{"obj": {"type": "LogFloats", "path": ["monitoring", "gpu_memory"], "values": [{"value": 3.794921875, "step": null, "ts": 1671725701.1463583}]}, "version": 107}
{"obj": {"type": "LogFloats", "path": ["monitoring", "cpu"], "values": [{"value": 52.9, "step": null, "ts": 1671725711.1583242}]}, "version": 108}
{"obj": {"type": "LogFloats", "path": ["monitoring", "memory"], "values": [{"value": 3.013813018798828, "step": null, "ts": 1671725711.1583242}]}, "version": 109}
{"obj": {"type": "LogFloats", "path": ["monitoring", "gpu"], "values": [{"value": 91.0, "step": null, "ts": 1671725711.1583242}]}, "version": 110}
{"obj": {"type": "LogFloats", "path": ["monitoring", "gpu_memory"], "values": [{"value": 3.794921875, "step": null, "ts": 1671725711.1583242}]}, "version": 111}
{"obj": {"type": "LogFloats", "path": ["monitoring", "cpu"], "values": [{"value": 52.5, "step": null, "ts": 1671725721.176426}]}, "version": 112}
{"obj": {"type": "LogFloats", "path": ["monitoring", "memory"], "values": [{"value": 3.0140151977539062, "step": null, "ts": 1671725721.176426}]}, "version": 113}
{"obj": {"type": "LogFloats", "path": ["monitoring", "gpu"], "values": [{"value": 92.0, "step": null, "ts": 1671725721.176426}]}, "version": 114}
{"obj": {"type": "LogFloats", "path": ["monitoring", "gpu_memory"], "values": [{"value": 3.794921875, "step": null, "ts": 1671725721.176426}]}, "version": 115}
{"obj": {"type": "LogFloats", "path": ["monitoring", "cpu"], "values": [{"value": 52.7, "step": null, "ts": 1671725731.1857798}]}, "version": 116}
{"obj": {"type": "LogFloats", "path": ["monitoring", "memory"], "values": [{"value": 3.013629913330078, "step": null, "ts": 1671725731.1857798}]}, "version": 117}
{"obj": {"type": "LogFloats", "path": ["monitoring", "gpu"], "values": [{"value": 93.0, "step": null, "ts": 1671725731.1857798}]}, "version": 118}
{"obj": {"type": "LogFloats", "path": ["monitoring", "gpu_memory"], "values": [{"value": 3.794921875, "step": null, "ts": 1671725731.1857798}]}, "version": 119}
{"obj": {"type": "LogFloats", "path": ["monitoring", "cpu"], "values": [{"value": 52.8, "step": null, "ts": 1671725741.1959553}]}, "version": 120}
{"obj": {"type": "LogFloats", "path": ["monitoring", "memory"], "values": [{"value": 3.013347625732422, "step": null, "ts": 1671725741.1959553}]}, "version": 121}
{"obj": {"type": "LogFloats", "path": ["monitoring", "gpu"], "values": [{"value": 91.0, "step": null, "ts": 1671725741.1959553}]}, "version": 122}
{"obj": {"type": "LogFloats", "path": ["monitoring", "gpu_memory"], "values": [{"value": 3.794921875, "step": null, "ts": 1671725741.1959553}]}, "version": 123}
{"obj": {"type": "LogFloats", "path": ["monitoring", "cpu"], "values": [{"value": 52.7, "step": null, "ts": 1671725751.2073667}]}, "version": 124}
{"obj": {"type": "LogFloats", "path": ["monitoring", "memory"], "values": [{"value": 3.0140724182128906, "step": null, "ts": 1671725751.2073667}]}, "version": 125}
{"obj": {"type": "LogFloats", "path": ["monitoring", "gpu"], "values": [{"value": 90.0, "step": null, "ts": 1671725751.2073667}]}, "version": 126}
{"obj": {"type": "LogFloats", "path": ["monitoring", "gpu_memory"], "values": [{"value": 3.794921875, "step": null, "ts": 1671725751.2073667}]}, "version": 127}
{"obj": {"type": "LogFloats", "path": ["monitoring", "cpu"], "values": [{"value": 52.8, "step": null, "ts": 1671725761.2236955}]}, "version": 128}
{"obj": {"type": "LogFloats", "path": ["monitoring", "memory"], "values": [{"value": 3.013256072998047, "step": null, "ts": 1671725761.2236955}]}, "version": 129}
{"obj": {"type": "LogFloats", "path": ["monitoring", "gpu"], "values": [{"value": 91.0, "step": null, "ts": 1671725761.2236955}]}, "version": 130}
{"obj": {"type": "LogFloats", "path": ["monitoring", "gpu_memory"], "values": [{"value": 3.794921875, "step": null, "ts": 1671725761.2236955}]}, "version": 131}
{"obj": {"type": "LogFloats", "path": ["monitoring", "cpu"], "values": [{"value": 52.8, "step": null, "ts": 1671725771.2313442}]}, "version": 132}
{"obj": {"type": "LogFloats", "path": ["monitoring", "memory"], "values": [{"value": 3.013347625732422, "step": null, "ts": 1671725771.2313442}]}, "version": 133}
{"obj": {"type": "LogFloats", "path": ["monitoring", "gpu"], "values": [{"value": 91.0, "step": null, "ts": 1671725771.2313442}]}, "version": 134}
{"obj": {"type": "LogFloats", "path": ["monitoring", "gpu_memory"], "values": [{"value": 3.794921875, "step": null, "ts": 1671725771.2313442}]}, "version": 135}
{"obj": {"type": "LogFloats", "path": ["monitoring", "cpu"], "values": [{"value": 52.4, "step": null, "ts": 1671725781.2409742}]}, "version": 136}
{"obj": {"type": "LogFloats", "path": ["monitoring", "memory"], "values": [{"value": 3.0125045776367188, "step": null, "ts": 1671725781.2409742}]}, "version": 137}
{"obj": {"type": "LogFloats", "path": ["monitoring", "gpu"], "values": [{"value": 91.0, "step": null, "ts": 1671725781.2409742}]}, "version": 138}
{"obj": {"type": "LogFloats", "path": ["monitoring", "gpu_memory"], "values": [{"value": 3.794921875, "step": null, "ts": 1671725781.2409742}]}, "version": 139}
{"obj": {"type": "LogFloats", "path": ["monitoring", "cpu"], "values": [{"value": 52.7, "step": null, "ts": 1671725791.2629223}]}, "version": 140}
{"obj": {"type": "LogFloats", "path": ["monitoring", "memory"], "values": [{"value": 3.0127105712890625, "step": null, "ts": 1671725791.2629223}]}, "version": 141}
{"obj": {"type": "LogFloats", "path": ["monitoring", "gpu"], "values": [{"value": 92.0, "step": null, "ts": 1671725791.2629223}]}, "version": 142}
{"obj": {"type": "LogFloats", "path": ["monitoring", "gpu_memory"], "values": [{"value": 3.794921875, "step": null, "ts": 1671725791.2629223}]}, "version": 143}
{"obj": {"type": "LogFloats", "path": ["monitoring", "cpu"], "values": [{"value": 52.5, "step": null, "ts": 1671725801.2713263}]}, "version": 144}
{"obj": {"type": "LogFloats", "path": ["monitoring", "memory"], "values": [{"value": 3.01300048828125, "step": null, "ts": 1671725801.2713263}]}, "version": 145}
{"obj": {"type": "LogFloats", "path": ["monitoring", "gpu"], "values": [{"value": 91.0, "step": null, "ts": 1671725801.2713263}]}, "version": 146}
{"obj": {"type": "LogFloats", "path": ["monitoring", "gpu_memory"], "values": [{"value": 3.794921875, "step": null, "ts": 1671725801.2713263}]}, "version": 147}
{"obj": {"type": "LogFloats", "path": ["monitoring", "cpu"], "values": [{"value": 52.8, "step": null, "ts": 1671725811.2851331}]}, "version": 148}
{"obj": {"type": "LogFloats", "path": ["monitoring", "memory"], "values": [{"value": 3.0138778686523438, "step": null, "ts": 1671725811.2851331}]}, "version": 149}
{"obj": {"type": "LogFloats", "path": ["monitoring", "gpu"], "values": [{"value": 91.0, "step": null, "ts": 1671725811.2851331}]}, "version": 150}
{"obj": {"type": "LogFloats", "path": ["monitoring", "gpu_memory"], "values": [{"value": 3.794921875, "step": null, "ts": 1671725811.2851331}]}, "version": 151}
{"obj": {"type": "LogFloats", "path": ["monitoring", "cpu"], "values": [{"value": 52.9, "step": null, "ts": 1671725821.2938728}]}, "version": 152}
{"obj": {"type": "LogFloats", "path": ["monitoring", "memory"], "values": [{"value": 3.0143470764160156, "step": null, "ts": 1671725821.2938728}]}, "version": 153}
{"obj": {"type": "LogFloats", "path": ["monitoring", "gpu"], "values": [{"value": 90.0, "step": null, "ts": 1671725821.2938728}]}, "version": 154}
{"obj": {"type": "LogFloats", "path": ["monitoring", "gpu_memory"], "values": [{"value": 3.794921875, "step": null, "ts": 1671725821.2938728}]}, "version": 155}
{"obj": {"type": "LogFloats", "path": ["monitoring", "cpu"], "values": [{"value": 52.8, "step": null, "ts": 1671725831.3051047}]}, "version": 156}
{"obj": {"type": "LogFloats", "path": ["monitoring", "memory"], "values": [{"value": 3.0133438110351562, "step": null, "ts": 1671725831.3051047}]}, "version": 157}
{"obj": {"type": "LogFloats", "path": ["monitoring", "gpu"], "values": [{"value": 90.0, "step": null, "ts": 1671725831.3051047}]}, "version": 158}
{"obj": {"type": "LogFloats", "path": ["monitoring", "gpu_memory"], "values": [{"value": 3.794921875, "step": null, "ts": 1671725831.3051047}]}, "version": 159}
{"obj": {"type": "LogFloats", "path": ["monitoring", "cpu"], "values": [{"value": 52.6, "step": null, "ts": 1671725841.3169162}]}, "version": 160}
{"obj": {"type": "LogFloats", "path": ["monitoring", "memory"], "values": [{"value": 3.0128402709960938, "step": null, "ts": 1671725841.3169162}]}, "version": 161}
{"obj": {"type": "LogFloats", "path": ["monitoring", "gpu"], "values": [{"value": 92.0, "step": null, "ts": 1671725841.3169162}]}, "version": 162}
{"obj": {"type": "LogFloats", "path": ["monitoring", "gpu_memory"], "values": [{"value": 3.794921875, "step": null, "ts": 1671725841.3169162}]}, "version": 163}
{"obj": {"type": "LogFloats", "path": ["monitoring", "cpu"], "values": [{"value": 52.6, "step": null, "ts": 1671725851.3238428}]}, "version": 164}
{"obj": {"type": "LogFloats", "path": ["monitoring", "memory"], "values": [{"value": 3.012939453125, "step": null, "ts": 1671725851.3238428}]}, "version": 165}
{"obj": {"type": "LogFloats", "path": ["monitoring", "gpu"], "values": [{"value": 90.0, "step": null, "ts": 1671725851.3238428}]}, "version": 166}
{"obj": {"type": "LogFloats", "path": ["monitoring", "gpu_memory"], "values": [{"value": 3.794921875, "step": null, "ts": 1671725851.3238428}]}, "version": 167}
{"obj": {"type": "LogFloats", "path": ["monitoring", "cpu"], "values": [{"value": 52.7, "step": null, "ts": 1671725861.352584}]}, "version": 168}
{"obj": {"type": "LogFloats", "path": ["monitoring", "memory"], "values": [{"value": 3.0134429931640625, "step": null, "ts": 1671725861.352584}]}, "version": 169}
{"obj": {"type": "LogFloats", "path": ["monitoring", "gpu"], "values": [{"value": 91.0, "step": null, "ts": 1671725861.352584}]}, "version": 170}
{"obj": {"type": "LogFloats", "path": ["monitoring", "gpu_memory"], "values": [{"value": 3.794921875, "step": null, "ts": 1671725861.352584}]}, "version": 171}
