{"obj": {"type": "AssignString", "path": ["sys", "name"], "value": "Untitled"}, "version": 1}
{"obj": {"type": "AssignString", "path": ["sys", "description"], "value": ""}, "version": 2}
{"obj": {"type": "AssignString", "path": ["sys", "hostname"], "value": "0091fd39faba"}, "version": 3}
{"obj": {"type": "AssignBool", "path": ["sys", "failed"], "value": false}, "version": 4}
{"obj": {"type": "ClearStringLog", "path": ["monitoring", "stdout"]}, "version": 5}
{"obj": {"type": "ClearStringLog", "path": ["monitoring", "stderr"]}, "version": 6}
{"obj": {"type": "AssignString", "path": ["source_code", "entrypoint"], "value": "run.py"}, "version": 7}
{"obj": {"type": "UploadFileSet", "path": ["source_code", "files"], "file_globs": ["/content/drive/MyDrive/Colab Notebooks/partC/NBFNet/script/run.py"], "reset": "False"}, "version": 8}
{"obj": {"type": "ConfigFloatSeries", "path": ["monitoring", "cpu"], "min": 0.0, "max": 100.0, "unit": "%"}, "version": 9}
{"obj": {"type": "ClearFloatLog", "path": ["monitoring", "cpu"]}, "version": 10}
{"obj": {"type": "ConfigFloatSeries", "path": ["monitoring", "memory"], "min": 0.0, "max": 51.00008010864258, "unit": "GB"}, "version": 11}
{"obj": {"type": "ClearFloatLog", "path": ["monitoring", "memory"]}, "version": 12}
{"obj": {"type": "ConfigFloatSeries", "path": ["monitoring", "gpu"], "min": 0.0, "max": 100.0, "unit": "%"}, "version": 13}
{"obj": {"type": "ClearFloatLog", "path": ["monitoring", "gpu"]}, "version": 14}
{"obj": {"type": "ConfigFloatSeries", "path": ["monitoring", "gpu_memory"], "min": 0.0, "max": 15.78173828125, "unit": "GB"}, "version": 15}
{"obj": {"type": "ClearFloatLog", "path": ["monitoring", "gpu_memory"]}, "version": 16}
{"obj": {"type": "LogFloats", "path": ["monitoring", "cpu"], "values": [{"value": 11.5, "step": null, "ts": 1663877636.8058684}]}, "version": 17}
{"obj": {"type": "LogFloats", "path": ["monitoring", "memory"], "values": [{"value": 1.9197921752929688, "step": null, "ts": 1663877636.8058684}]}, "version": 18}
{"obj": {"type": "LogFloats", "path": ["monitoring", "gpu_memory"], "values": [{"value": 0.002685546875, "step": null, "ts": 1663877636.8058684}]}, "version": 19}
{"obj": {"type": "LogStrings", "path": ["monitoring", "stderr"], "values": [{"value": "\rLoading /root/datasets/homogeneous_graphs/Pubmed-Diabetes.NODE.paper.tab:   0% 0/19719 [00:00<?, ?it/s]", "step": null, "ts": 1663877640.8884628}]}, "version": 20}
{"obj": {"type": "LogStrings", "path": ["monitoring", "stderr"], "values": [{"value": "\rLoading /root/datasets/homogeneous_graphs/Pubmed-Diabetes.NODE.paper.tab:   1% 289/19719 [00:00<00:06, 2886.68it/s]", "step": null, "ts": 1663877640.9906793}]}, "version": 21}
{"obj": {"type": "LogStrings", "path": ["monitoring", "stderr"], "values": [{"value": "\rLoading /root/datasets/homogeneous_graphs/Pubmed-Diabetes.NODE.paper.tab:   3% 578/19719 [00:00<00:06, 2764.34it/s]", "step": null, "ts": 1663877641.0983367}]}, "version": 22}
{"obj": {"type": "LogStrings", "path": ["monitoring", "stderr"], "values": [{"value": "\rLoading /root/datasets/homogeneous_graphs/Pubmed-Diabetes.NODE.paper.tab:   4% 861/19719 [00:00<00:06, 2792.03it/s]", "step": null, "ts": 1663877641.1984746}]}, "version": 23}
{"obj": {"type": "LogStrings", "path": ["monitoring", "stderr"], "values": [{"value": "\rLoading /root/datasets/homogeneous_graphs/Pubmed-Diabetes.NODE.paper.tab:   6% 1145/19719 [00:00<00:06, 2809.46it/s]", "step": null, "ts": 1663877641.2986104}]}, "version": 24}
{"obj": {"type": "LogStrings", "path": ["monitoring", "stderr"], "values": [{"value": "\rLoading /root/datasets/homogeneous_graphs/Pubmed-Diabetes.NODE.paper.tab:   7% 1430/19719 [00:00<00:06, 2820.43it/s]", "step": null, "ts": 1663877641.3989959}]}, "version": 25}
{"obj": {"type": "LogStrings", "path": ["monitoring", "stderr"], "values": [{"value": "\rLoading /root/datasets/homogeneous_graphs/Pubmed-Diabetes.NODE.paper.tab:   9% 1713/19719 [00:00<00:06, 2811.42it/s]", "step": null, "ts": 1663877641.5002155}]}, "version": 26}
{"obj": {"type": "LogStrings", "path": ["monitoring", "stderr"], "values": [{"value": "\rLoading /root/datasets/homogeneous_graphs/Pubmed-Diabetes.NODE.paper.tab:  10% 1997/19719 [00:00<00:06, 2819.85it/s]", "step": null, "ts": 1663877641.600322}]}, "version": 27}
{"obj": {"type": "LogStrings", "path": ["monitoring", "stderr"], "values": [{"value": "\rLoading /root/datasets/homogeneous_graphs/Pubmed-Diabetes.NODE.paper.tab:  12% 2280/19719 [00:00<00:06, 2790.71it/s]", "step": null, "ts": 1663877641.7039723}]}, "version": 28}
{"obj": {"type": "LogStrings", "path": ["monitoring", "stderr"], "values": [{"value": "\rLoading /root/datasets/homogeneous_graphs/Pubmed-Diabetes.NODE.paper.tab:  13% 2562/19719 [00:00<00:06, 2797.01it/s]", "step": null, "ts": 1663877641.8042803}]}, "version": 29}
{"obj": {"type": "LogStrings", "path": ["monitoring", "stderr"], "values": [{"value": "\rLoading /root/datasets/homogeneous_graphs/Pubmed-Diabetes.NODE.paper.tab:  14% 2842/19719 [00:01<00:06, 2787.64it/s]", "step": null, "ts": 1663877641.9054809}]}, "version": 30}
{"obj": {"type": "LogStrings", "path": ["monitoring", "stderr"], "values": [{"value": "\rLoading /root/datasets/homogeneous_graphs/Pubmed-Diabetes.NODE.paper.tab:  16% 3122/19719 [00:01<00:05, 2788.28it/s]", "step": null, "ts": 1663877642.005911}]}, "version": 31}
{"obj": {"type": "LogStrings", "path": ["monitoring", "stderr"], "values": [{"value": "\rLoading /root/datasets/homogeneous_graphs/Pubmed-Diabetes.NODE.paper.tab:  17% 3401/19719 [00:01<00:06, 2603.79it/s]", "step": null, "ts": 1663877642.1294975}]}, "version": 32}
{"obj": {"type": "LogStrings", "path": ["monitoring", "stderr"], "values": [{"value": "\rLoading /root/datasets/homogeneous_graphs/Pubmed-Diabetes.NODE.paper.tab:  19% 3669/19719 [00:01<00:06, 2623.01it/s]", "step": null, "ts": 1663877642.2298849}]}, "version": 33}
{"obj": {"type": "LogStrings", "path": ["monitoring", "stderr"], "values": [{"value": "\rLoading /root/datasets/homogeneous_graphs/Pubmed-Diabetes.NODE.paper.tab:  20% 3936/19719 [00:01<00:05, 2634.82it/s]", "step": null, "ts": 1663877642.3299901}]}, "version": 34}
{"obj": {"type": "LogStrings", "path": ["monitoring", "stderr"], "values": [{"value": "\rLoading /root/datasets/homogeneous_graphs/Pubmed-Diabetes.NODE.paper.tab:  21% 4201/19719 [00:01<00:05, 2638.33it/s]", "step": null, "ts": 1663877642.4301054}]}, "version": 35}
{"obj": {"type": "LogStrings", "path": ["monitoring", "stderr"], "values": [{"value": "\rLoading /root/datasets/homogeneous_graphs/Pubmed-Diabetes.NODE.paper.tab:  23% 4476/19719 [00:01<00:05, 2668.82it/s]", "step": null, "ts": 1663877642.5304496}]}, "version": 36}
{"obj": {"type": "LogStrings", "path": ["monitoring", "stderr"], "values": [{"value": "\rLoading /root/datasets/homogeneous_graphs/Pubmed-Diabetes.NODE.paper.tab:  24% 4748/19719 [00:01<00:05, 2681.79it/s]", "step": null, "ts": 1663877642.6332653}]}, "version": 37}
{"obj": {"type": "LogStrings", "path": ["monitoring", "stderr"], "values": [{"value": "\rLoading /root/datasets/homogeneous_graphs/Pubmed-Diabetes.NODE.paper.tab:  25% 5017/19719 [00:01<00:05, 2679.96it/s]", "step": null, "ts": 1663877642.7312412}]}, "version": 38}
{"obj": {"type": "LogStrings", "path": ["monitoring", "stderr"], "values": [{"value": "\rLoading /root/datasets/homogeneous_graphs/Pubmed-Diabetes.NODE.paper.tab:  27% 5298/19719 [00:01<00:05, 2718.05it/s]", "step": null, "ts": 1663877642.8313267}]}, "version": 39}
{"obj": {"type": "LogStrings", "path": ["monitoring", "stderr"], "values": [{"value": "\rLoading /root/datasets/homogeneous_graphs/Pubmed-Diabetes.NODE.paper.tab:  28% 5572/19719 [00:02<00:05, 2722.85it/s]", "step": null, "ts": 1663877642.931541}]}, "version": 40}
{"obj": {"type": "LogStrings", "path": ["monitoring", "stderr"], "values": [{"value": "\rLoading /root/datasets/homogeneous_graphs/Pubmed-Diabetes.NODE.paper.tab:  30% 5845/19719 [00:02<00:05, 2598.53it/s]", "step": null, "ts": 1663877643.0478446}]}, "version": 41}
{"obj": {"type": "LogStrings", "path": ["monitoring", "stderr"], "values": [{"value": "\rLoading /root/datasets/homogeneous_graphs/Pubmed-Diabetes.NODE.paper.tab:  31% 6110/19719 [00:02<00:05, 2611.99it/s]", "step": null, "ts": 1663877643.1480465}]}, "version": 42}
{"obj": {"type": "LogStrings", "path": ["monitoring", "stderr"], "values": [{"value": "\rLoading /root/datasets/homogeneous_graphs/Pubmed-Diabetes.NODE.paper.tab:  32% 6392/19719 [00:02<00:04, 2670.81it/s]", "step": null, "ts": 1663877643.2482762}]}, "version": 43}
{"obj": {"type": "LogStrings", "path": ["monitoring", "stderr"], "values": [{"value": "\rLoading /root/datasets/homogeneous_graphs/Pubmed-Diabetes.NODE.paper.tab:  34% 6673/19719 [00:02<00:04, 2711.56it/s]", "step": null, "ts": 1663877643.3483667}]}, "version": 44}
{"obj": {"type": "LogStrings", "path": ["monitoring", "stderr"], "values": [{"value": "\rLoading /root/datasets/homogeneous_graphs/Pubmed-Diabetes.NODE.paper.tab:  35% 6948/19719 [00:02<00:04, 2722.49it/s]", "step": null, "ts": 1663877643.4483721}]}, "version": 45}
{"obj": {"type": "LogStrings", "path": ["monitoring", "stderr"], "values": [{"value": "\rLoading /root/datasets/homogeneous_graphs/Pubmed-Diabetes.NODE.paper.tab:  37% 7221/19719 [00:02<00:04, 2704.98it/s]", "step": null, "ts": 1663877643.5508296}]}, "version": 46}
{"obj": {"type": "LogStrings", "path": ["monitoring", "stderr"], "values": [{"value": "\rLoading /root/datasets/homogeneous_graphs/Pubmed-Diabetes.NODE.paper.tab:  38% 7505/19719 [00:02<00:04, 2744.91it/s]", "step": null, "ts": 1663877643.6508517}]}, "version": 47}
{"obj": {"type": "LogStrings", "path": ["monitoring", "stderr"], "values": [{"value": "\rLoading /root/datasets/homogeneous_graphs/Pubmed-Diabetes.NODE.paper.tab:  39% 7787/19719 [00:02<00:04, 2763.13it/s]", "step": null, "ts": 1663877643.75133}]}, "version": 48}
{"obj": {"type": "LogStrings", "path": ["monitoring", "stderr"], "values": [{"value": "\rLoading /root/datasets/homogeneous_graphs/Pubmed-Diabetes.NODE.paper.tab:  41% 8064/19719 [00:02<00:04, 2763.85it/s]", "step": null, "ts": 1663877643.8515265}]}, "version": 49}
{"obj": {"type": "LogStrings", "path": ["monitoring", "stderr"], "values": [{"value": "\rLoading /root/datasets/homogeneous_graphs/Pubmed-Diabetes.NODE.paper.tab:  42% 8341/19719 [00:03<00:04, 2731.79it/s]", "step": null, "ts": 1663877643.9556606}]}, "version": 50}
{"obj": {"type": "LogStrings", "path": ["monitoring", "stderr"], "values": [{"value": "\rLoading /root/datasets/homogeneous_graphs/Pubmed-Diabetes.NODE.paper.tab:  44% 8617/19719 [00:03<00:04, 2736.91it/s]", "step": null, "ts": 1663877644.0560665}]}, "version": 51}
{"obj": {"type": "LogStrings", "path": ["monitoring", "stderr"], "values": [{"value": "\rLoading /root/datasets/homogeneous_graphs/Pubmed-Diabetes.NODE.paper.tab:  45% 8891/19719 [00:03<00:05, 1930.72it/s]", "step": null, "ts": 1663877644.2967422}]}, "version": 52}
{"obj": {"type": "LogStrings", "path": ["monitoring", "stderr"], "values": [{"value": "\rLoading /root/datasets/homogeneous_graphs/Pubmed-Diabetes.NODE.paper.tab:  46% 9160/19719 [00:03<00:05, 2103.84it/s]", "step": null, "ts": 1663877644.397093}]}, "version": 53}
{"obj": {"type": "LogStrings", "path": ["monitoring", "stderr"], "values": [{"value": "\rLoading /root/datasets/homogeneous_graphs/Pubmed-Diabetes.NODE.paper.tab:  48% 9432/19719 [00:03<00:04, 2255.39it/s]", "step": null, "ts": 1663877644.4972985}]}, "version": 54}
{"obj": {"type": "LogStrings", "path": ["monitoring", "stderr"], "values": [{"value": "\rLoading /root/datasets/homogeneous_graphs/Pubmed-Diabetes.NODE.paper.tab:  49% 9685/19719 [00:03<00:04, 2326.26it/s]", "step": null, "ts": 1663877644.5974379}]}, "version": 55}
{"obj": {"type": "LogStrings", "path": ["monitoring", "stderr"], "values": [{"value": "\rLoading /root/datasets/homogeneous_graphs/Pubmed-Diabetes.NODE.paper.tab:  51% 9961/19719 [00:03<00:03, 2442.46it/s]", "step": null, "ts": 1663877644.697663}]}, "version": 56}
{"obj": {"type": "LogStrings", "path": ["monitoring", "stderr"], "values": [{"value": "\rLoading /root/datasets/homogeneous_graphs/Pubmed-Diabetes.NODE.paper.tab:  52% 10252/19719 [00:03<00:03, 2572.95it/s]", "step": null, "ts": 1663877644.7976742}]}, "version": 57}
{"obj": {"type": "LogStrings", "path": ["monitoring", "stderr"], "values": [{"value": "\rLoading /root/datasets/homogeneous_graphs/Pubmed-Diabetes.NODE.paper.tab:  53% 10541/19719 [00:04<00:03, 2660.42it/s]", "step": null, "ts": 1663877644.8980548}]}, "version": 58}
{"obj": {"type": "LogStrings", "path": ["monitoring", "stderr"], "values": [{"value": "\rLoading /root/datasets/homogeneous_graphs/Pubmed-Diabetes.NODE.paper.tab:  55% 10815/19719 [00:04<00:03, 2671.88it/s]", "step": null, "ts": 1663877644.9995692}]}, "version": 59}
{"obj": {"type": "LogStrings", "path": ["monitoring", "stderr"], "values": [{"value": "\rLoading /root/datasets/homogeneous_graphs/Pubmed-Diabetes.NODE.paper.tab:  56% 11088/19719 [00:04<00:03, 2676.11it/s]", "step": null, "ts": 1663877645.1012182}]}, "version": 60}
{"obj": {"type": "LogStrings", "path": ["monitoring", "stderr"], "values": [{"value": "\rLoading /root/datasets/homogeneous_graphs/Pubmed-Diabetes.NODE.paper.tab:  58% 11362/19719 [00:04<00:03, 2694.39it/s]", "step": null, "ts": 1663877645.2012508}]}, "version": 61}
{"obj": {"type": "LogStrings", "path": ["monitoring", "stderr"], "values": [{"value": "\rLoading /root/datasets/homogeneous_graphs/Pubmed-Diabetes.NODE.paper.tab:  59% 11656/19719 [00:04<00:02, 2766.76it/s]", "step": null, "ts": 1663877645.301266}]}, "version": 62}
{"obj": {"type": "LogStrings", "path": ["monitoring", "stderr"], "values": [{"value": "\rLoading /root/datasets/homogeneous_graphs/Pubmed-Diabetes.NODE.paper.tab:  61% 11935/19719 [00:04<00:02, 2757.11it/s]", "step": null, "ts": 1663877645.403298}]}, "version": 63}
{"obj": {"type": "LogStrings", "path": ["monitoring", "stderr"], "values": [{"value": "\rLoading /root/datasets/homogeneous_graphs/Pubmed-Diabetes.NODE.paper.tab:  62% 12213/19719 [00:04<00:02, 2763.78it/s]", "step": null, "ts": 1663877645.503297}]}, "version": 64}
{"obj": {"type": "LogStrings", "path": ["monitoring", "stderr"], "values": [{"value": "\rLoading /root/datasets/homogeneous_graphs/Pubmed-Diabetes.NODE.paper.tab:  63% 12492/19719 [00:04<00:02, 2768.39it/s]", "step": null, "ts": 1663877645.6037009}]}, "version": 65}
{"obj": {"type": "LogStrings", "path": ["monitoring", "stderr"], "values": [{"value": "\rLoading /root/datasets/homogeneous_graphs/Pubmed-Diabetes.NODE.paper.tab:  65% 12784/19719 [00:04<00:02, 2811.73it/s]", "step": null, "ts": 1663877645.7039194}]}, "version": 66}
{"obj": {"type": "LogStrings", "path": ["monitoring", "stderr"], "values": [{"value": "\rLoading /root/datasets/homogeneous_graphs/Pubmed-Diabetes.NODE.paper.tab:  66% 13066/19719 [00:04<00:02, 2807.12it/s]", "step": null, "ts": 1663877645.8047695}]}, "version": 67}
{"obj": {"type": "LogStrings", "path": ["monitoring", "stderr"], "values": [{"value": "\rLoading /root/datasets/homogeneous_graphs/Pubmed-Diabetes.NODE.paper.tab:  68% 13348/19719 [00:05<00:02, 2787.55it/s]", "step": null, "ts": 1663877645.9077404}]}, "version": 68}
{"obj": {"type": "LogStrings", "path": ["monitoring", "stderr"], "values": [{"value": "\rLoading /root/datasets/homogeneous_graphs/Pubmed-Diabetes.NODE.paper.tab:  69% 13633/19719 [00:05<00:02, 2803.61it/s]", "step": null, "ts": 1663877646.0078974}]}, "version": 69}
{"obj": {"type": "LogStrings", "path": ["monitoring", "stderr"], "values": [{"value": "\rLoading /root/datasets/homogeneous_graphs/Pubmed-Diabetes.NODE.paper.tab:  71% 13914/19719 [00:05<00:02, 2793.02it/s]", "step": null, "ts": 1663877646.1093931}]}, "version": 70}
{"obj": {"type": "LogStrings", "path": ["monitoring", "stderr"], "values": [{"value": "\rLoading /root/datasets/homogeneous_graphs/Pubmed-Diabetes.NODE.paper.tab:  72% 14194/19719 [00:05<00:01, 2780.43it/s]", "step": null, "ts": 1663877646.211183}]}, "version": 71}
{"obj": {"type": "LogStrings", "path": ["monitoring", "stderr"], "values": [{"value": "\rLoading /root/datasets/homogeneous_graphs/Pubmed-Diabetes.NODE.paper.tab:  73% 14475/19719 [00:05<00:01, 2785.78it/s]", "step": null, "ts": 1663877646.3115883}]}, "version": 72}
{"obj": {"type": "LogStrings", "path": ["monitoring", "stderr"], "values": [{"value": "\rLoading /root/datasets/homogeneous_graphs/Pubmed-Diabetes.NODE.paper.tab:  75% 14758/19719 [00:05<00:01, 2796.72it/s]", "step": null, "ts": 1663877646.4118614}]}, "version": 73}
{"obj": {"type": "LogStrings", "path": ["monitoring", "stderr"], "values": [{"value": "\rLoading /root/datasets/homogeneous_graphs/Pubmed-Diabetes.NODE.paper.tab:  76% 15038/19719 [00:05<00:01, 2782.76it/s]", "step": null, "ts": 1663877646.5136535}]}, "version": 74}
{"obj": {"type": "LogStrings", "path": ["monitoring", "stderr"], "values": [{"value": "\rLoading /root/datasets/homogeneous_graphs/Pubmed-Diabetes.NODE.paper.tab:  78% 15317/19719 [00:05<00:01, 2781.65it/s]", "step": null, "ts": 1663877646.6140509}]}, "version": 75}
{"obj": {"type": "LogStrings", "path": ["monitoring", "stderr"], "values": [{"value": "\rLoading /root/datasets/homogeneous_graphs/Pubmed-Diabetes.NODE.paper.tab:  79% 15597/19719 [00:05<00:01, 2785.78it/s]", "step": null, "ts": 1663877646.7142105}]}, "version": 76}
{"obj": {"type": "LogStrings", "path": ["monitoring", "stderr"], "values": [{"value": "\rLoading /root/datasets/homogeneous_graphs/Pubmed-Diabetes.NODE.paper.tab:  81% 15879/19719 [00:05<00:01, 2793.31it/s]", "step": null, "ts": 1663877646.8145285}]}, "version": 77}
{"obj": {"type": "LogStrings", "path": ["monitoring", "stderr"], "values": [{"value": "\rLoading /root/datasets/homogeneous_graphs/Pubmed-Diabetes.NODE.paper.tab:  82% 16162/19719 [00:06<00:01, 2801.35it/s]", "step": null, "ts": 1663877646.9148993}]}, "version": 78}
{"obj": {"type": "LogFloats", "path": ["monitoring", "cpu"], "values": [{"value": 10.2, "step": null, "ts": 1663877646.915117}]}, "version": 79}
{"obj": {"type": "LogStrings", "path": ["monitoring", "stderr"], "values": [{"value": "\rLoading /root/datasets/homogeneous_graphs/Pubmed-Diabetes.NODE.paper.tab:  83% 16443/19719 [00:06<00:01, 2663.18it/s]", "step": null, "ts": 1663877647.0362082}]}, "version": 80}
{"obj": {"type": "LogFloats", "path": ["monitoring", "memory"], "values": [{"value": 2.0016632080078125, "step": null, "ts": 1663877646.915117}]}, "version": 81}
{"obj": {"type": "LogStrings", "path": ["monitoring", "stderr"], "values": [{"value": "\rLoading /root/datasets/homogeneous_graphs/Pubmed-Diabetes.NODE.paper.tab:  85% 16711/19719 [00:06<00:01, 2645.57it/s]", "step": null, "ts": 1663877647.1373107}]}, "version": 82}
{"obj": {"type": "LogFloats", "path": ["monitoring", "gpu_memory"], "values": [{"value": 0.002685546875, "step": null, "ts": 1663877646.915117}]}, "version": 83}
{"obj": {"type": "LogStrings", "path": ["monitoring", "stderr"], "values": [{"value": "\rLoading /root/datasets/homogeneous_graphs/Pubmed-Diabetes.NODE.paper.tab:  86% 16981/19719 [00:06<00:01, 2660.76it/s]", "step": null, "ts": 1663877647.237817}]}, "version": 84}
{"obj": {"type": "LogStrings", "path": ["monitoring", "stderr"], "values": [{"value": "\rLoading /root/datasets/homogeneous_graphs/Pubmed-Diabetes.NODE.paper.tab:  87% 17254/19719 [00:06<00:00, 2680.07it/s]", "step": null, "ts": 1663877647.3357053}]}, "version": 85}
{"obj": {"type": "LogStrings", "path": ["monitoring", "stderr"], "values": [{"value": "\rLoading /root/datasets/homogeneous_graphs/Pubmed-Diabetes.NODE.paper.tab:  89% 17528/19719 [00:06<00:00, 2696.28it/s]", "step": null, "ts": 1663877647.4359066}]}, "version": 86}
{"obj": {"type": "LogStrings", "path": ["monitoring", "stderr"], "values": [{"value": "\rLoading /root/datasets/homogeneous_graphs/Pubmed-Diabetes.NODE.paper.tab:  90% 17804/19719 [00:06<00:00, 2711.46it/s]", "step": null, "ts": 1663877647.5363863}]}, "version": 87}
{"obj": {"type": "LogStrings", "path": ["monitoring", "stderr"], "values": [{"value": "\rLoading /root/datasets/homogeneous_graphs/Pubmed-Diabetes.NODE.paper.tab:  92% 18086/19719 [00:06<00:00, 2739.94it/s]", "step": null, "ts": 1663877647.6369164}]}, "version": 88}
{"obj": {"type": "LogStrings", "path": ["monitoring", "stderr"], "values": [{"value": "\rLoading /root/datasets/homogeneous_graphs/Pubmed-Diabetes.NODE.paper.tab:  93% 18373/19719 [00:06<00:00, 2777.63it/s]", "step": null, "ts": 1663877647.7416933}]}, "version": 89}
{"obj": {"type": "LogStrings", "path": ["monitoring", "stderr"], "values": [{"value": "\rLoading /root/datasets/homogeneous_graphs/Pubmed-Diabetes.NODE.paper.tab:  95% 18651/19719 [00:06<00:00, 2771.65it/s]", "step": null, "ts": 1663877647.8378081}]}, "version": 90}
{"obj": {"type": "LogStrings", "path": ["monitoring", "stderr"], "values": [{"value": "\rLoading /root/datasets/homogeneous_graphs/Pubmed-Diabetes.NODE.paper.tab:  96% 18931/19719 [00:07<00:00, 2778.20it/s]", "step": null, "ts": 1663877647.9380035}]}, "version": 91}
{"obj": {"type": "LogStrings", "path": ["monitoring", "stderr"], "values": [{"value": "\rLoading /root/datasets/homogeneous_graphs/Pubmed-Diabetes.NODE.paper.tab:  97% 19209/19719 [00:07<00:00, 2742.86it/s]", "step": null, "ts": 1663877648.0453825}]}, "version": 92}
{"obj": {"type": "LogStrings", "path": ["monitoring", "stderr"], "values": [{"value": "\rLoading /root/datasets/homogeneous_graphs/Pubmed-Diabetes.NODE.paper.tab:  99% 19487/19719 [00:07<00:00, 2752.49it/s]", "step": null, "ts": 1663877648.1425717}]}, "version": 93}
{"obj": {"type": "LogStrings", "path": ["monitoring", "stderr"], "values": [{"value": "", "step": null, "ts": 1663877648.2252576}]}, "version": 94}
{"obj": {"type": "LogStrings", "path": ["monitoring", "stderr"], "values": [{"value": "\rLoading /root/datasets/homogeneous_graphs/Pubmed-Diabetes.NODE.paper.tab: 100% 19719/19719 [00:07<00:00, 2687.72it/s]", "step": null, "ts": 1663877648.2271833}]}, "version": 95}
{"obj": {"type": "LogStrings", "path": ["monitoring", "stderr"], "values": [{"value": "\n", "step": null, "ts": 1663877648.2285025}]}, "version": 96}
{"obj": {"type": "LogStrings", "path": ["monitoring", "stderr"], "values": [{"value": "\rLoading /root/datasets/homogeneous_graphs/Pubmed-Diabetes.DIRECTED.cites.tab:   0% 0/44340 [00:00<?, ?it/s]", "step": null, "ts": 1663877648.2334387}]}, "version": 97}
{"obj": {"type": "LogStrings", "path": ["monitoring", "stderr"], "values": [{"value": "\rLoading /root/datasets/homogeneous_graphs/Pubmed-Diabetes.DIRECTED.cites.tab:  61% 26890/44340 [00:00<00:00, 268880.38it/s]", "step": null, "ts": 1663877648.3351479}]}, "version": 98}
{"obj": {"type": "LogStrings", "path": ["monitoring", "stderr"], "values": [{"value": "", "step": null, "ts": 1663877648.3997102}]}, "version": 99}
{"obj": {"type": "LogStrings", "path": ["monitoring", "stderr"], "values": [{"value": "\rLoading /root/datasets/homogeneous_graphs/Pubmed-Diabetes.DIRECTED.cites.tab: 100% 44340/44340 [00:00<00:00, 265646.94it/s]", "step": null, "ts": 1663877648.4019911}]}, "version": 100}
{"obj": {"type": "LogStrings", "path": ["monitoring", "stderr"], "values": [{"value": "\n", "step": null, "ts": 1663877648.4035277}]}, "version": 101}
{"obj": {"type": "LogStrings", "path": ["monitoring", "stdout"], "values": [{"value": "{'output_dir': '~/experiments/', 'dataset': {'class': 'PubMedLinkPrediction', 'path': '~/datasets/homogeneous_graphs/'}, 'task': {'class': 'LinkPrediction', 'model': {'class': 'NBFNet', 'input_dim': 32, 'hidden_dims': [32, 32, 32, 32, 32, 32], 'message_func': 'distmult', 'aggregate_func': 'pna', 'short_cut': True, 'layer_norm': True, 'dependent': False, 'remove_one_hop': True, 'symmetric': True}, 'criterion': 'bce', 'num_negative': 1, 'strict_negative': True}, 'optimizer': {'class': 'Adam', 'lr': 0.005, 'params': <generator object Module.parameters at 0x7f5e77f5a6d0>}, 'engine': {'gpus': [0], 'batch_size': 16}, 'train': {'num_epoch': 10}, 'metric': 'auroc'}", "step": null, "ts": 1663877652.7238183}]}, "version": 102}
{"obj": {"type": "LogStrings", "path": ["monitoring", "stdout"], "values": [{"value": "\n", "step": null, "ts": 1663877652.7259138}]}, "version": 103}
{"obj": {"type": "AssignString", "path": ["params", "dataset", "class"], "value": "PubMedLinkPrediction"}, "version": 104}
{"obj": {"type": "AssignString", "path": ["params", "dataset", "path"], "value": "~/datasets/homogeneous_graphs/"}, "version": 105}
{"obj": {"type": "AssignString", "path": ["params", "engine", "gpus"], "value": "[0]"}, "version": 106}
{"obj": {"type": "AssignInt", "path": ["params", "engine", "batch_size"], "value": 16}, "version": 107}
{"obj": {"type": "AssignString", "path": ["params", "optimizer", "class"], "value": "Adam"}, "version": 108}
{"obj": {"type": "AssignFloat", "path": ["params", "optimizer", "lr"], "value": 0.005}, "version": 109}
{"obj": {"type": "AssignString", "path": ["params", "optimizer", "params"], "value": "<generator object Module.parameters at 0x7f5e77f5a6d0>"}, "version": 110}
{"obj": {"type": "AssignString", "path": ["params", "task", "class"], "value": "LinkPrediction"}, "version": 111}
{"obj": {"type": "AssignString", "path": ["params", "task", "model", "class"], "value": "NBFNet"}, "version": 112}
{"obj": {"type": "AssignInt", "path": ["params", "task", "model", "input_dim"], "value": 32}, "version": 113}
{"obj": {"type": "AssignString", "path": ["params", "task", "model", "hidden_dims"], "value": "[32, 32, 32, 32, 32, 32]"}, "version": 114}
{"obj": {"type": "AssignString", "path": ["params", "task", "model", "message_func"], "value": "distmult"}, "version": 115}
{"obj": {"type": "AssignString", "path": ["params", "task", "model", "aggregate_func"], "value": "pna"}, "version": 116}
{"obj": {"type": "AssignBool", "path": ["params", "task", "model", "short_cut"], "value": true}, "version": 117}
{"obj": {"type": "AssignBool", "path": ["params", "task", "model", "layer_norm"], "value": true}, "version": 118}
{"obj": {"type": "AssignBool", "path": ["params", "task", "model", "dependent"], "value": false}, "version": 119}
{"obj": {"type": "AssignBool", "path": ["params", "task", "model", "remove_one_hop"], "value": true}, "version": 120}
{"obj": {"type": "AssignBool", "path": ["params", "task", "model", "symmetric"], "value": true}, "version": 121}
{"obj": {"type": "AssignString", "path": ["params", "task", "criterion"], "value": "bce"}, "version": 122}
{"obj": {"type": "AssignInt", "path": ["params", "task", "num_negative"], "value": 1}, "version": 123}
{"obj": {"type": "AssignBool", "path": ["params", "task", "strict_negative"], "value": true}, "version": 124}
{"obj": {"type": "AssignInt", "path": ["params", "train", "num_epoch"], "value": 10}, "version": 125}
{"obj": {"type": "AssignString", "path": ["params", "metric"], "value": "auroc"}, "version": 126}
{"obj": {"type": "LogFloats", "path": ["monitoring", "cpu"], "values": [{"value": 18.3, "step": null, "ts": 1663877657.2379982}]}, "version": 127}
{"obj": {"type": "LogFloats", "path": ["monitoring", "memory"], "values": [{"value": 4.612285614013672, "step": null, "ts": 1663877657.2379982}]}, "version": 128}
{"obj": {"type": "LogFloats", "path": ["monitoring", "gpu_memory"], "values": [{"value": 1.579833984375, "step": null, "ts": 1663877657.2379982}]}, "version": 129}
{"obj": {"type": "LogFloats", "path": ["monitoring", "cpu"], "values": [{"value": 25.7, "step": null, "ts": 1663877667.2451165}]}, "version": 130}
{"obj": {"type": "LogFloats", "path": ["monitoring", "memory"], "values": [{"value": 7.620204925537109, "step": null, "ts": 1663877667.2451165}]}, "version": 131}
{"obj": {"type": "LogFloats", "path": ["monitoring", "gpu_memory"], "values": [{"value": 1.579833984375, "step": null, "ts": 1663877667.2451165}]}, "version": 132}
{"obj": {"type": "LogFloats", "path": ["monitoring", "cpu"], "values": [{"value": 25.8, "step": null, "ts": 1663877677.2519999}]}, "version": 133}
{"obj": {"type": "LogFloats", "path": ["monitoring", "memory"], "values": [{"value": 3.577392578125, "step": null, "ts": 1663877677.2519999}]}, "version": 134}
{"obj": {"type": "LogFloats", "path": ["monitoring", "gpu_memory"], "values": [{"value": 1.579833984375, "step": null, "ts": 1663877677.2519999}]}, "version": 135}
{"obj": {"type": "LogFloats", "path": ["monitoring", "cpu"], "values": [{"value": 25.8, "step": null, "ts": 1663877687.2583342}]}, "version": 136}
{"obj": {"type": "LogFloats", "path": ["monitoring", "memory"], "values": [{"value": 5.747245788574219, "step": null, "ts": 1663877687.2583342}]}, "version": 137}
{"obj": {"type": "LogFloats", "path": ["monitoring", "gpu_memory"], "values": [{"value": 1.579833984375, "step": null, "ts": 1663877687.2583342}]}, "version": 138}
{"obj": {"type": "LogFloats", "path": ["monitoring", "cpu"], "values": [{"value": 25.7, "step": null, "ts": 1663877697.2648942}]}, "version": 139}
{"obj": {"type": "LogFloats", "path": ["monitoring", "memory"], "values": [{"value": 4.946876525878906, "step": null, "ts": 1663877697.2648942}]}, "version": 140}
{"obj": {"type": "LogFloats", "path": ["monitoring", "gpu_memory"], "values": [{"value": 1.579833984375, "step": null, "ts": 1663877697.2648942}]}, "version": 141}
{"obj": {"type": "LogFloats", "path": ["monitoring", "cpu"], "values": [{"value": 24.3, "step": null, "ts": 1663877707.2709227}]}, "version": 142}
{"obj": {"type": "LogFloats", "path": ["monitoring", "memory"], "values": [{"value": 3.5265274047851562, "step": null, "ts": 1663877707.2709227}]}, "version": 143}
{"obj": {"type": "LogFloats", "path": ["monitoring", "gpu_memory"], "values": [{"value": 4.702880859375, "step": null, "ts": 1663877707.2709227}]}, "version": 144}
{"obj": {"type": "LogStrings", "path": ["monitoring", "traceback"], "values": [{"value": "An uncaught exception occurred while run was active on worker 0091fd39faba.", "step": null, "ts": 1663877707.6435223}, {"value": "Marking run as failed", "step": null, "ts": 1663877707.6435223}, {"value": "Traceback:", "step": null, "ts": 1663877707.6435223}, {"value": "  File \"script/run.py\", line 85, in <module>\n", "step": null, "ts": 1663877707.6435223}, {"value": "  File \"script/run.py\", line 32, in train_and_validate\n", "step": null, "ts": 1663877707.6435223}, {"value": "  File \"/usr/local/lib/python3.7/dist-packages/torchdrug/core/engine.py\", line 155, in train\n    loss, metric = model(batch)\n", "step": null, "ts": 1663877707.6435223}, {"value": "  File \"/usr/local/lib/python3.7/dist-packages/torch/nn/modules/module.py\", line 889, in _call_impl\n    result = self.forward(*input, **kwargs)\n", "step": null, "ts": 1663877707.6435223}, {"value": "  File \"/content/drive/MyDrive/Colab Notebooks/partC/NBFNet/nbfnet/task.py\", line 134, in forward\n    pred, target = self.predict_and_target(batch, all_loss, metric)\n", "step": null, "ts": 1663877707.6435223}, {"value": "  File \"/content/drive/MyDrive/Colab Notebooks/partC/NBFNet/nbfnet/task.py\", line 195, in predict_and_target\n    pred = self.model(self.train_graph, h_index, t_index, all_loss=all_loss, metric=metric)\n", "step": null, "ts": 1663877707.6435223}, {"value": "  File \"/usr/local/lib/python3.7/dist-packages/torch/nn/modules/module.py\", line 889, in _call_impl\n    result = self.forward(*input, **kwargs)\n", "step": null, "ts": 1663877707.6435223}]}, "version": 145}
{"obj": {"type": "LogStrings", "path": ["monitoring", "traceback"], "values": [{"value": "  File \"/content/drive/MyDrive/Colab Notebooks/partC/NBFNet/nbfnet/model.py\", line 156, in forward\n    output = self.bellmanford(graph, t_index[:, 0], r_index[:, 0])\n", "step": null, "ts": 1663877707.6435223}, {"value": "  File \"<decorator-gen-308>\", line 2, in bellmanford\n", "step": null, "ts": 1663877707.6435223}, {"value": "  File \"/usr/local/lib/python3.7/dist-packages/torchdrug/utils/decorator.py\", line 137, in wrapper\n    return forward(self, *args, **kwargs)\n", "step": null, "ts": 1663877707.6435223}, {"value": "  File \"/content/drive/MyDrive/Colab Notebooks/partC/NBFNet/nbfnet/model.py\", line 115, in bellmanford\n    hidden = layer(step_graph, layer_input)\n", "step": null, "ts": 1663877707.6435223}, {"value": "  File \"/usr/local/lib/python3.7/dist-packages/torch/nn/modules/module.py\", line 889, in _call_impl\n    result = self.forward(*input, **kwargs)\n", "step": null, "ts": 1663877707.6435223}, {"value": "  File \"/usr/local/lib/python3.7/dist-packages/torchdrug/layers/conv.py\", line 92, in forward\n    output = self.combine(input, update)\n", "step": null, "ts": 1663877707.6435223}, {"value": "  File \"/content/drive/MyDrive/Colab Notebooks/partC/NBFNet/nbfnet/layer.py\", line 161, in combine\n    output = self.linear(torch.cat([input, update], dim=-1))\n", "step": null, "ts": 1663877707.6435223}, {"value": "CUDA out of memory. Tried to allocate 1002.00 MiB (GPU 0; 15.78 GiB total capacity; 12.81 GiB already allocated; 698.75 MiB free; 13.67 GiB reserved in total by PyTorch)", "step": null, "ts": 1663877707.6435223}]}, "version": 146}
{"obj": {"type": "AssignBool", "path": ["sys", "failed"], "value": true}, "version": 147}
{"obj": {"type": "LogStrings", "path": ["monitoring", "stderr"], "values": [{"value": "Traceback (most recent call last):\n", "step": null, "ts": 1663877707.647824}]}, "version": 148}
{"obj": {"type": "LogStrings", "path": ["monitoring", "stderr"], "values": [{"value": "  File \"script/run.py\", line 85, in <module>\n", "step": null, "ts": 1663877707.6492589}]}, "version": 149}
{"obj": {"type": "LogStrings", "path": ["monitoring", "stderr"], "values": [{"value": "    ", "step": null, "ts": 1663877707.651555}]}, "version": 150}
{"obj": {"type": "LogStrings", "path": ["monitoring", "stderr"], "values": [{"value": "train_and_validate(cfg, solver)", "step": null, "ts": 1663877707.652975}]}, "version": 151}
{"obj": {"type": "LogStrings", "path": ["monitoring", "stderr"], "values": [{"value": "\n", "step": null, "ts": 1663877707.6541274}]}, "version": 152}
{"obj": {"type": "LogStrings", "path": ["monitoring", "stderr"], "values": [{"value": "  File \"script/run.py\", line 32, in train_and_validate\n", "step": null, "ts": 1663877707.6551719}]}, "version": 153}
{"obj": {"type": "LogStrings", "path": ["monitoring", "stderr"], "values": [{"value": "    ", "step": null, "ts": 1663877707.6570687}]}, "version": 154}
{"obj": {"type": "LogStrings", "path": ["monitoring", "stderr"], "values": [{"value": "solver.train(**kwargs)", "step": null, "ts": 1663877707.658235}]}, "version": 155}
{"obj": {"type": "LogStrings", "path": ["monitoring", "stderr"], "values": [{"value": "\n", "step": null, "ts": 1663877707.659304}]}, "version": 156}
{"obj": {"type": "LogStrings", "path": ["monitoring", "stderr"], "values": [{"value": "  File \"/usr/local/lib/python3.7/dist-packages/torchdrug/core/engine.py\", line 155, in train\n", "step": null, "ts": 1663877707.6603851}]}, "version": 157}
{"obj": {"type": "LogStrings", "path": ["monitoring", "stderr"], "values": [{"value": "    ", "step": null, "ts": 1663877707.6616201}]}, "version": 158}
{"obj": {"type": "LogStrings", "path": ["monitoring", "stderr"], "values": [{"value": "loss, metric = model(batch)", "step": null, "ts": 1663877707.6666932}]}, "version": 159}
{"obj": {"type": "LogStrings", "path": ["monitoring", "stderr"], "values": [{"value": "\n", "step": null, "ts": 1663877707.6680303}]}, "version": 160}
{"obj": {"type": "LogStrings", "path": ["monitoring", "stderr"], "values": [{"value": "  File \"/usr/local/lib/python3.7/dist-packages/torch/nn/modules/module.py\", line 889, in _call_impl\n", "step": null, "ts": 1663877707.6940699}]}, "version": 161}
{"obj": {"type": "LogStrings", "path": ["monitoring", "stderr"], "values": [{"value": "    ", "step": null, "ts": 1663877707.6958487}]}, "version": 162}
{"obj": {"type": "LogStrings", "path": ["monitoring", "stderr"], "values": [{"value": "result = self.forward(*input, **kwargs)", "step": null, "ts": 1663877707.6971521}]}, "version": 163}
{"obj": {"type": "LogStrings", "path": ["monitoring", "stderr"], "values": [{"value": "\n", "step": null, "ts": 1663877707.6984885}]}, "version": 164}
{"obj": {"type": "LogStrings", "path": ["monitoring", "stderr"], "values": [{"value": "  File \"/content/drive/MyDrive/Colab Notebooks/partC/NBFNet/nbfnet/task.py\", line 134, in forward\n", "step": null, "ts": 1663877707.6996386}]}, "version": 165}
{"obj": {"type": "LogStrings", "path": ["monitoring", "stderr"], "values": [{"value": "    ", "step": null, "ts": 1663877707.7016742}]}, "version": 166}
{"obj": {"type": "LogStrings", "path": ["monitoring", "stderr"], "values": [{"value": "pred, target = self.predict_and_target(batch, all_loss, metric)", "step": null, "ts": 1663877707.702789}]}, "version": 167}
{"obj": {"type": "LogStrings", "path": ["monitoring", "stderr"], "values": [{"value": "\n", "step": null, "ts": 1663877707.7039053}]}, "version": 168}
{"obj": {"type": "LogStrings", "path": ["monitoring", "stderr"], "values": [{"value": "  File \"/content/drive/MyDrive/Colab Notebooks/partC/NBFNet/nbfnet/task.py\", line 195, in predict_and_target\n", "step": null, "ts": 1663877707.7049713}]}, "version": 169}
{"obj": {"type": "LogStrings", "path": ["monitoring", "stderr"], "values": [{"value": "    ", "step": null, "ts": 1663877707.7069876}]}, "version": 170}
{"obj": {"type": "LogStrings", "path": ["monitoring", "stderr"], "values": [{"value": "pred = self.model(self.train_graph, h_index, t_index, all_loss=all_loss, metric=metric)", "step": null, "ts": 1663877707.7083595}]}, "version": 171}
{"obj": {"type": "LogStrings", "path": ["monitoring", "stderr"], "values": [{"value": "\n", "step": null, "ts": 1663877707.7098634}]}, "version": 172}
{"obj": {"type": "LogStrings", "path": ["monitoring", "stderr"], "values": [{"value": "  File \"/usr/local/lib/python3.7/dist-packages/torch/nn/modules/module.py\", line 889, in _call_impl\n", "step": null, "ts": 1663877707.711165}]}, "version": 173}
{"obj": {"type": "LogStrings", "path": ["monitoring", "stderr"], "values": [{"value": "    ", "step": null, "ts": 1663877707.712616}]}, "version": 174}
{"obj": {"type": "LogStrings", "path": ["monitoring", "stderr"], "values": [{"value": "result = self.forward(*input, **kwargs)", "step": null, "ts": 1663877707.713918}]}, "version": 175}
{"obj": {"type": "LogStrings", "path": ["monitoring", "stderr"], "values": [{"value": "\n", "step": null, "ts": 1663877707.715152}]}, "version": 176}
{"obj": {"type": "LogStrings", "path": ["monitoring", "stderr"], "values": [{"value": "  File \"/content/drive/MyDrive/Colab Notebooks/partC/NBFNet/nbfnet/model.py\", line 156, in forward\n", "step": null, "ts": 1663877707.7164755}]}, "version": 177}
{"obj": {"type": "LogStrings", "path": ["monitoring", "stderr"], "values": [{"value": "    ", "step": null, "ts": 1663877707.7184577}]}, "version": 178}
{"obj": {"type": "LogStrings", "path": ["monitoring", "stderr"], "values": [{"value": "output = self.bellmanford(graph, t_index[:, 0], r_index[:, 0])", "step": null, "ts": 1663877707.719742}]}, "version": 179}
{"obj": {"type": "LogStrings", "path": ["monitoring", "stderr"], "values": [{"value": "\n", "step": null, "ts": 1663877707.7208989}]}, "version": 180}
{"obj": {"type": "LogStrings", "path": ["monitoring", "stderr"], "values": [{"value": "  File \"<decorator-gen-308>\", line 2, in bellmanford\n", "step": null, "ts": 1663877707.7218688}]}, "version": 181}
{"obj": {"type": "LogStrings", "path": ["monitoring", "stderr"], "values": [{"value": "  File \"/usr/local/lib/python3.7/dist-packages/torchdrug/utils/decorator.py\", line 137, in wrapper\n", "step": null, "ts": 1663877707.72324}]}, "version": 182}
{"obj": {"type": "LogStrings", "path": ["monitoring", "stderr"], "values": [{"value": "    ", "step": null, "ts": 1663877707.7243545}]}, "version": 183}
{"obj": {"type": "LogStrings", "path": ["monitoring", "stderr"], "values": [{"value": "return forward(self, *args, **kwargs)", "step": null, "ts": 1663877707.7254097}]}, "version": 184}
{"obj": {"type": "LogStrings", "path": ["monitoring", "stderr"], "values": [{"value": "\n", "step": null, "ts": 1663877707.7264032}]}, "version": 185}
{"obj": {"type": "LogStrings", "path": ["monitoring", "stderr"], "values": [{"value": "  File \"/content/drive/MyDrive/Colab Notebooks/partC/NBFNet/nbfnet/model.py\", line 115, in bellmanford\n", "step": null, "ts": 1663877707.7273834}]}, "version": 186}
{"obj": {"type": "LogStrings", "path": ["monitoring", "stderr"], "values": [{"value": "    ", "step": null, "ts": 1663877707.7291675}]}, "version": 187}
{"obj": {"type": "LogStrings", "path": ["monitoring", "stderr"], "values": [{"value": "hidden = layer(step_graph, layer_input)", "step": null, "ts": 1663877707.730117}]}, "version": 188}
{"obj": {"type": "LogStrings", "path": ["monitoring", "stderr"], "values": [{"value": "\n", "step": null, "ts": 1663877707.7310438}]}, "version": 189}
{"obj": {"type": "LogStrings", "path": ["monitoring", "stderr"], "values": [{"value": "  File \"/usr/local/lib/python3.7/dist-packages/torch/nn/modules/module.py\", line 889, in _call_impl\n", "step": null, "ts": 1663877707.7319918}]}, "version": 190}
{"obj": {"type": "LogStrings", "path": ["monitoring", "stderr"], "values": [{"value": "    ", "step": null, "ts": 1663877707.733202}]}, "version": 191}
{"obj": {"type": "LogStrings", "path": ["monitoring", "stderr"], "values": [{"value": "result = self.forward(*input, **kwargs)", "step": null, "ts": 1663877707.7342799}]}, "version": 192}
{"obj": {"type": "LogStrings", "path": ["monitoring", "stderr"], "values": [{"value": "\n", "step": null, "ts": 1663877707.7353547}]}, "version": 193}
{"obj": {"type": "LogStrings", "path": ["monitoring", "stderr"], "values": [{"value": "  File \"/usr/local/lib/python3.7/dist-packages/torchdrug/layers/conv.py\", line 92, in forward\n", "step": null, "ts": 1663877707.7364764}]}, "version": 194}
{"obj": {"type": "LogStrings", "path": ["monitoring", "stderr"], "values": [{"value": "    ", "step": null, "ts": 1663877707.7378967}]}, "version": 195}
{"obj": {"type": "LogStrings", "path": ["monitoring", "stderr"], "values": [{"value": "output = self.combine(input, update)", "step": null, "ts": 1663877707.7390738}]}, "version": 196}
{"obj": {"type": "LogStrings", "path": ["monitoring", "stderr"], "values": [{"value": "\n", "step": null, "ts": 1663877707.7401912}]}, "version": 197}
{"obj": {"type": "LogStrings", "path": ["monitoring", "stderr"], "values": [{"value": "  File \"/content/drive/MyDrive/Colab Notebooks/partC/NBFNet/nbfnet/layer.py\", line 161, in combine\n", "step": null, "ts": 1663877707.7412152}]}, "version": 198}
{"obj": {"type": "LogStrings", "path": ["monitoring", "stderr"], "values": [{"value": "    ", "step": null, "ts": 1663877707.743062}]}, "version": 199}
{"obj": {"type": "LogStrings", "path": ["monitoring", "stderr"], "values": [{"value": "output = self.linear(torch.cat([input, update], dim=-1))", "step": null, "ts": 1663877707.7441196}]}, "version": 200}
{"obj": {"type": "LogStrings", "path": ["monitoring", "stderr"], "values": [{"value": "\n", "step": null, "ts": 1663877707.7451193}]}, "version": 201}
{"obj": {"type": "LogStrings", "path": ["monitoring", "stderr"], "values": [{"value": "RuntimeError", "step": null, "ts": 1663877707.7462242}]}, "version": 202}
{"obj": {"type": "LogStrings", "path": ["monitoring", "stderr"], "values": [{"value": ": ", "step": null, "ts": 1663877707.7472172}]}, "version": 203}
{"obj": {"type": "LogStrings", "path": ["monitoring", "stderr"], "values": [{"value": "CUDA out of memory. Tried to allocate 1002.00 MiB (GPU 0; 15.78 GiB total capacity; 12.81 GiB already allocated; 698.75 MiB free; 13.67 GiB reserved in total by PyTorch)", "step": null, "ts": 1663877707.7481449}]}, "version": 204}
{"obj": {"type": "LogStrings", "path": ["monitoring", "stderr"], "values": [{"value": "\n", "step": null, "ts": 1663877707.7492275}]}, "version": 205}
{"obj": {"type": "LogStrings", "path": ["monitoring", "stdout"], "values": [{"value": "Shutting down background jobs, please wait a moment...\n", "step": null, "ts": 1663877707.750632}]}, "version": 206}
