{"obj": {"type": "AssignString", "path": ["sys", "name"], "value": "Untitled"}, "version": 1}
{"obj": {"type": "AssignString", "path": ["sys", "description"], "value": ""}, "version": 2}
{"obj": {"type": "AssignString", "path": ["sys", "hostname"], "value": "0091fd39faba"}, "version": 3}
{"obj": {"type": "AssignBool", "path": ["sys", "failed"], "value": false}, "version": 4}
{"obj": {"type": "ClearStringLog", "path": ["monitoring", "stdout"]}, "version": 5}
{"obj": {"type": "ClearStringLog", "path": ["monitoring", "stderr"]}, "version": 6}
{"obj": {"type": "AssignString", "path": ["source_code", "entrypoint"], "value": "run.py"}, "version": 7}
{"obj": {"type": "UploadFileSet", "path": ["source_code", "files"], "file_globs": ["/content/drive/MyDrive/Colab Notebooks/partC/NBFNet/script/run.py"], "reset": "False"}, "version": 8}
{"obj": {"type": "ConfigFloatSeries", "path": ["monitoring", "cpu"], "min": 0.0, "max": 100.0, "unit": "%"}, "version": 9}
{"obj": {"type": "ClearFloatLog", "path": ["monitoring", "cpu"]}, "version": 10}
{"obj": {"type": "ConfigFloatSeries", "path": ["monitoring", "memory"], "min": 0.0, "max": 51.00008010864258, "unit": "GB"}, "version": 11}
{"obj": {"type": "ClearFloatLog", "path": ["monitoring", "memory"]}, "version": 12}
{"obj": {"type": "ConfigFloatSeries", "path": ["monitoring", "gpu"], "min": 0.0, "max": 100.0, "unit": "%"}, "version": 13}
{"obj": {"type": "ClearFloatLog", "path": ["monitoring", "gpu"]}, "version": 14}
{"obj": {"type": "ConfigFloatSeries", "path": ["monitoring", "gpu_memory"], "min": 0.0, "max": 15.78173828125, "unit": "GB"}, "version": 15}
{"obj": {"type": "ClearFloatLog", "path": ["monitoring", "gpu_memory"]}, "version": 16}
{"obj": {"type": "LogFloats", "path": ["monitoring", "cpu"], "values": [{"value": 10.5, "step": null, "ts": 1663875995.4065244}]}, "version": 17}
{"obj": {"type": "LogFloats", "path": ["monitoring", "memory"], "values": [{"value": 1.9269485473632812, "step": null, "ts": 1663875995.4065244}]}, "version": 18}
{"obj": {"type": "LogFloats", "path": ["monitoring", "gpu_memory"], "values": [{"value": 0.002685546875, "step": null, "ts": 1663875995.4065244}]}, "version": 19}
{"obj": {"type": "LogStrings", "path": ["monitoring", "stderr"], "values": [{"value": "\rLoading /root/datasets/homogeneous_graphs/cora.content:   0% 0/2708 [00:00<?, ?it/s]", "step": null, "ts": 1663875995.499465}]}, "version": 20}
{"obj": {"type": "LogStrings", "path": ["monitoring", "stderr"], "values": [{"value": "\rLoading /root/datasets/homogeneous_graphs/cora.content:   1% 19/2708 [00:00<00:14, 189.76it/s]", "step": null, "ts": 1663875995.6015728}]}, "version": 21}
{"obj": {"type": "LogStrings", "path": ["monitoring", "stderr"], "values": [{"value": "\rLoading /root/datasets/homogeneous_graphs/cora.content:   1% 39/2708 [00:00<00:13, 192.26it/s]", "step": null, "ts": 1663875995.7047164}]}, "version": 22}
{"obj": {"type": "LogStrings", "path": ["monitoring", "stderr"], "values": [{"value": "\rLoading /root/datasets/homogeneous_graphs/cora.content:   2% 59/2708 [00:00<00:13, 191.13it/s]", "step": null, "ts": 1663875995.8100727}]}, "version": 23}
{"obj": {"type": "LogStrings", "path": ["monitoring", "stderr"], "values": [{"value": "\rLoading /root/datasets/homogeneous_graphs/cora.content:   3% 79/2708 [00:00<00:13, 192.64it/s]", "step": null, "ts": 1663875995.9126647}]}, "version": 24}
{"obj": {"type": "LogStrings", "path": ["monitoring", "stderr"], "values": [{"value": "\rLoading /root/datasets/homogeneous_graphs/cora.content:   4% 99/2708 [00:00<00:13, 190.81it/s]", "step": null, "ts": 1663875996.0192347}]}, "version": 25}
{"obj": {"type": "LogStrings", "path": ["monitoring", "stderr"], "values": [{"value": "\rLoading /root/datasets/homogeneous_graphs/cora.content:   4% 119/2708 [00:00<00:13, 192.75it/s]", "step": null, "ts": 1663875996.1209521}]}, "version": 26}
{"obj": {"type": "LogStrings", "path": ["monitoring", "stderr"], "values": [{"value": "\rLoading /root/datasets/homogeneous_graphs/cora.content:   5% 140/2708 [00:00<00:13, 195.57it/s]", "step": null, "ts": 1663875996.2252696}]}, "version": 27}
{"obj": {"type": "LogStrings", "path": ["monitoring", "stderr"], "values": [{"value": "\rLoading /root/datasets/homogeneous_graphs/cora.content:   6% 160/2708 [00:00<00:13, 192.74it/s]", "step": null, "ts": 1663875996.3323033}]}, "version": 28}
{"obj": {"type": "LogStrings", "path": ["monitoring", "stderr"], "values": [{"value": "\rLoading /root/datasets/homogeneous_graphs/cora.content:   7% 180/2708 [00:00<00:13, 193.40it/s]", "step": null, "ts": 1663875996.4349296}]}, "version": 29}
{"obj": {"type": "LogStrings", "path": ["monitoring", "stderr"], "values": [{"value": "\rLoading /root/datasets/homogeneous_graphs/cora.content:   7% 200/2708 [00:01<00:12, 194.05it/s]", "step": null, "ts": 1663875996.5372405}]}, "version": 30}
{"obj": {"type": "LogStrings", "path": ["monitoring", "stderr"], "values": [{"value": "\rLoading /root/datasets/homogeneous_graphs/cora.content:   8% 220/2708 [00:01<00:12, 192.27it/s]", "step": null, "ts": 1663875996.6433902}]}, "version": 31}
{"obj": {"type": "LogStrings", "path": ["monitoring", "stderr"], "values": [{"value": "\rLoading /root/datasets/homogeneous_graphs/cora.content:   9% 240/2708 [00:01<00:12, 190.74it/s]", "step": null, "ts": 1663875996.750215}]}, "version": 32}
{"obj": {"type": "LogStrings", "path": ["monitoring", "stderr"], "values": [{"value": "\rLoading /root/datasets/homogeneous_graphs/cora.content:  10% 260/2708 [00:01<00:12, 191.55it/s]", "step": null, "ts": 1663875996.8535738}]}, "version": 33}
{"obj": {"type": "LogStrings", "path": ["monitoring", "stderr"], "values": [{"value": "\rLoading /root/datasets/homogeneous_graphs/cora.content:  10% 280/2708 [00:01<00:12, 190.80it/s]", "step": null, "ts": 1663875996.9593306}]}, "version": 34}
{"obj": {"type": "LogStrings", "path": ["monitoring", "stderr"], "values": [{"value": "\rLoading /root/datasets/homogeneous_graphs/cora.content:  11% 300/2708 [00:01<00:12, 191.40it/s]", "step": null, "ts": 1663875997.0630424}]}, "version": 35}
{"obj": {"type": "LogStrings", "path": ["monitoring", "stderr"], "values": [{"value": "\rLoading /root/datasets/homogeneous_graphs/cora.content:  12% 320/2708 [00:01<00:12, 192.86it/s]", "step": null, "ts": 1663875997.1649306}]}, "version": 36}
{"obj": {"type": "LogStrings", "path": ["monitoring", "stderr"], "values": [{"value": "\rLoading /root/datasets/homogeneous_graphs/cora.content:  13% 340/2708 [00:01<00:12, 194.66it/s]", "step": null, "ts": 1663875997.265457}]}, "version": 37}
{"obj": {"type": "LogStrings", "path": ["monitoring", "stderr"], "values": [{"value": "\rLoading /root/datasets/homogeneous_graphs/cora.content:  13% 360/2708 [00:01<00:12, 193.79it/s]", "step": null, "ts": 1663875997.3697069}]}, "version": 38}
{"obj": {"type": "LogStrings", "path": ["monitoring", "stderr"], "values": [{"value": "\rLoading /root/datasets/homogeneous_graphs/cora.content:  14% 380/2708 [00:01<00:12, 193.64it/s]", "step": null, "ts": 1663875997.4732182}]}, "version": 39}
{"obj": {"type": "LogStrings", "path": ["monitoring", "stderr"], "values": [{"value": "\rLoading /root/datasets/homogeneous_graphs/cora.content:  15% 400/2708 [00:02<00:11, 194.42it/s]", "step": null, "ts": 1663875997.5750844}]}, "version": 40}
{"obj": {"type": "LogStrings", "path": ["monitoring", "stderr"], "values": [{"value": "\rLoading /root/datasets/homogeneous_graphs/cora.content:  16% 420/2708 [00:02<00:11, 194.52it/s]", "step": null, "ts": 1663875997.677822}]}, "version": 41}
{"obj": {"type": "LogStrings", "path": ["monitoring", "stderr"], "values": [{"value": "\rLoading /root/datasets/homogeneous_graphs/cora.content:  16% 440/2708 [00:02<00:11, 194.26it/s]", "step": null, "ts": 1663875997.781055}]}, "version": 42}
{"obj": {"type": "LogStrings", "path": ["monitoring", "stderr"], "values": [{"value": "\rLoading /root/datasets/homogeneous_graphs/cora.content:  17% 460/2708 [00:02<00:11, 193.32it/s]", "step": null, "ts": 1663875997.885707}]}, "version": 43}
{"obj": {"type": "LogStrings", "path": ["monitoring", "stderr"], "values": [{"value": "\rLoading /root/datasets/homogeneous_graphs/cora.content:  18% 480/2708 [00:02<00:11, 192.16it/s]", "step": null, "ts": 1663875997.9912531}]}, "version": 44}
{"obj": {"type": "LogStrings", "path": ["monitoring", "stderr"], "values": [{"value": "\rLoading /root/datasets/homogeneous_graphs/cora.content:  18% 500/2708 [00:02<00:11, 192.91it/s]", "step": null, "ts": 1663875998.0939903}]}, "version": 45}
{"obj": {"type": "LogStrings", "path": ["monitoring", "stderr"], "values": [{"value": "\rLoading /root/datasets/homogeneous_graphs/cora.content:  19% 520/2708 [00:02<00:11, 193.72it/s]", "step": null, "ts": 1663875998.1962492}]}, "version": 46}
{"obj": {"type": "LogStrings", "path": ["monitoring", "stderr"], "values": [{"value": "\rLoading /root/datasets/homogeneous_graphs/cora.content:  20% 540/2708 [00:02<00:11, 192.34it/s]", "step": null, "ts": 1663875998.3019588}]}, "version": 47}
{"obj": {"type": "LogStrings", "path": ["monitoring", "stderr"], "values": [{"value": "\rLoading /root/datasets/homogeneous_graphs/cora.content:  21% 560/2708 [00:02<00:11, 192.13it/s]", "step": null, "ts": 1663875998.40632}]}, "version": 48}
{"obj": {"type": "LogStrings", "path": ["monitoring", "stderr"], "values": [{"value": "\rLoading /root/datasets/homogeneous_graphs/cora.content:  21% 580/2708 [00:03<00:11, 190.75it/s]", "step": null, "ts": 1663875998.5129192}]}, "version": 49}
{"obj": {"type": "LogStrings", "path": ["monitoring", "stderr"], "values": [{"value": "\rLoading /root/datasets/homogeneous_graphs/cora.content:  22% 600/2708 [00:03<00:11, 191.08it/s]", "step": null, "ts": 1663875998.6171646}]}, "version": 50}
{"obj": {"type": "LogStrings", "path": ["monitoring", "stderr"], "values": [{"value": "\rLoading /root/datasets/homogeneous_graphs/cora.content:  23% 620/2708 [00:03<00:10, 191.42it/s]", "step": null, "ts": 1663875998.7212281}]}, "version": 51}
{"obj": {"type": "LogStrings", "path": ["monitoring", "stderr"], "values": [{"value": "\rLoading /root/datasets/homogeneous_graphs/cora.content:  24% 640/2708 [00:03<00:10, 190.35it/s]", "step": null, "ts": 1663875998.8276756}]}, "version": 52}
{"obj": {"type": "LogStrings", "path": ["monitoring", "stderr"], "values": [{"value": "\rLoading /root/datasets/homogeneous_graphs/cora.content:  24% 660/2708 [00:03<00:10, 189.87it/s]", "step": null, "ts": 1663875998.9336257}]}, "version": 53}
{"obj": {"type": "LogStrings", "path": ["monitoring", "stderr"], "values": [{"value": "\rLoading /root/datasets/homogeneous_graphs/cora.content:  25% 679/2708 [00:03<00:10, 188.86it/s]", "step": null, "ts": 1663875999.035526}]}, "version": 54}
{"obj": {"type": "LogStrings", "path": ["monitoring", "stderr"], "values": [{"value": "\rLoading /root/datasets/homogeneous_graphs/cora.content:  26% 698/2708 [00:03<00:10, 188.14it/s]", "step": null, "ts": 1663875999.1374905}]}, "version": 55}
{"obj": {"type": "LogStrings", "path": ["monitoring", "stderr"], "values": [{"value": "\rLoading /root/datasets/homogeneous_graphs/cora.content:  27% 718/2708 [00:03<00:10, 190.46it/s]", "step": null, "ts": 1663875999.2395127}]}, "version": 56}
{"obj": {"type": "LogStrings", "path": ["monitoring", "stderr"], "values": [{"value": "\rLoading /root/datasets/homogeneous_graphs/cora.content:  27% 738/2708 [00:03<00:10, 190.54it/s]", "step": null, "ts": 1663875999.3444}]}, "version": 57}
{"obj": {"type": "LogStrings", "path": ["monitoring", "stderr"], "values": [{"value": "\rLoading /root/datasets/homogeneous_graphs/cora.content:  28% 758/2708 [00:03<00:10, 191.10it/s]", "step": null, "ts": 1663875999.4483416}]}, "version": 58}
{"obj": {"type": "LogStrings", "path": ["monitoring", "stderr"], "values": [{"value": "\rLoading /root/datasets/homogeneous_graphs/cora.content:  29% 778/2708 [00:04<00:10, 190.14it/s]", "step": null, "ts": 1663875999.5548227}]}, "version": 59}
{"obj": {"type": "LogStrings", "path": ["monitoring", "stderr"], "values": [{"value": "\rLoading /root/datasets/homogeneous_graphs/cora.content:  29% 798/2708 [00:04<00:10, 187.47it/s]", "step": null, "ts": 1663875999.6649127}]}, "version": 60}
{"obj": {"type": "LogStrings", "path": ["monitoring", "stderr"], "values": [{"value": "\rLoading /root/datasets/homogeneous_graphs/cora.content:  30% 818/2708 [00:04<00:09, 189.00it/s]", "step": null, "ts": 1663875999.7687268}]}, "version": 61}
{"obj": {"type": "LogStrings", "path": ["monitoring", "stderr"], "values": [{"value": "\rLoading /root/datasets/homogeneous_graphs/cora.content:  31% 838/2708 [00:04<00:09, 190.51it/s]", "step": null, "ts": 1663875999.871752}]}, "version": 62}
{"obj": {"type": "LogStrings", "path": ["monitoring", "stderr"], "values": [{"value": "\rLoading /root/datasets/homogeneous_graphs/cora.content:  32% 858/2708 [00:04<00:09, 191.30it/s]", "step": null, "ts": 1663875999.9752781}]}, "version": 63}
{"obj": {"type": "LogStrings", "path": ["monitoring", "stderr"], "values": [{"value": "\rLoading /root/datasets/homogeneous_graphs/cora.content:  32% 878/2708 [00:04<00:10, 181.19it/s]", "step": null, "ts": 1663876000.0992823}]}, "version": 64}
{"obj": {"type": "LogStrings", "path": ["monitoring", "stderr"], "values": [{"value": "\rLoading /root/datasets/homogeneous_graphs/cora.content:  33% 897/2708 [00:04<00:12, 139.84it/s]", "step": null, "ts": 1663876000.3112612}]}, "version": 65}
{"obj": {"type": "LogStrings", "path": ["monitoring", "stderr"], "values": [{"value": "\rLoading /root/datasets/homogeneous_graphs/cora.content:  34% 917/2708 [00:04<00:11, 153.44it/s]", "step": null, "ts": 1663876000.4124703}]}, "version": 66}
{"obj": {"type": "LogStrings", "path": ["monitoring", "stderr"], "values": [{"value": "\rLoading /root/datasets/homogeneous_graphs/cora.content:  35% 937/2708 [00:05<00:10, 164.08it/s]", "step": null, "ts": 1663876000.5148425}]}, "version": 67}
{"obj": {"type": "LogStrings", "path": ["monitoring", "stderr"], "values": [{"value": "\rLoading /root/datasets/homogeneous_graphs/cora.content:  35% 957/2708 [00:05<00:10, 171.83it/s]", "step": null, "ts": 1663876000.6185322}]}, "version": 68}
{"obj": {"type": "LogStrings", "path": ["monitoring", "stderr"], "values": [{"value": "\rLoading /root/datasets/homogeneous_graphs/cora.content:  36% 977/2708 [00:05<00:09, 177.30it/s]", "step": null, "ts": 1663876000.7229822}]}, "version": 69}
{"obj": {"type": "LogStrings", "path": ["monitoring", "stderr"], "values": [{"value": "\rLoading /root/datasets/homogeneous_graphs/cora.content:  37% 996/2708 [00:05<00:09, 179.01it/s]", "step": null, "ts": 1663876000.826577}]}, "version": 70}
{"obj": {"type": "LogStrings", "path": ["monitoring", "stderr"], "values": [{"value": "\rLoading /root/datasets/homogeneous_graphs/cora.content:  38% 1016/2708 [00:05<00:09, 182.64it/s]", "step": null, "ts": 1663876000.931048}]}, "version": 71}
{"obj": {"type": "LogStrings", "path": ["monitoring", "stderr"], "values": [{"value": "\rLoading /root/datasets/homogeneous_graphs/cora.content:  38% 1036/2708 [00:05<00:08, 186.06it/s]", "step": null, "ts": 1663876001.0339034}]}, "version": 72}
{"obj": {"type": "LogStrings", "path": ["monitoring", "stderr"], "values": [{"value": "\rLoading /root/datasets/homogeneous_graphs/cora.content:  39% 1056/2708 [00:05<00:08, 188.67it/s]", "step": null, "ts": 1663876001.1376102}]}, "version": 73}
{"obj": {"type": "LogStrings", "path": ["monitoring", "stderr"], "values": [{"value": "\rLoading /root/datasets/homogeneous_graphs/cora.content:  40% 1076/2708 [00:05<00:08, 189.40it/s]", "step": null, "ts": 1663876001.241096}]}, "version": 74}
{"obj": {"type": "LogStrings", "path": ["monitoring", "stderr"], "values": [{"value": "\rLoading /root/datasets/homogeneous_graphs/cora.content:  40% 1096/2708 [00:05<00:08, 190.10it/s]", "step": null, "ts": 1663876001.34542}]}, "version": 75}
{"obj": {"type": "LogStrings", "path": ["monitoring", "stderr"], "values": [{"value": "\rLoading /root/datasets/homogeneous_graphs/cora.content:  41% 1116/2708 [00:05<00:08, 191.24it/s]", "step": null, "ts": 1663876001.4485319}]}, "version": 76}
{"obj": {"type": "LogStrings", "path": ["monitoring", "stderr"], "values": [{"value": "\rLoading /root/datasets/homogeneous_graphs/cora.content:  42% 1136/2708 [00:06<00:08, 190.81it/s]", "step": null, "ts": 1663876001.5539317}]}, "version": 77}
{"obj": {"type": "LogStrings", "path": ["monitoring", "stderr"], "values": [{"value": "\rLoading /root/datasets/homogeneous_graphs/cora.content:  43% 1156/2708 [00:06<00:08, 189.11it/s]", "step": null, "ts": 1663876001.6618698}]}, "version": 78}
{"obj": {"type": "LogStrings", "path": ["monitoring", "stderr"], "values": [{"value": "\rLoading /root/datasets/homogeneous_graphs/cora.content:  43% 1175/2708 [00:06<00:08, 188.67it/s]", "step": null, "ts": 1663876001.763154}]}, "version": 79}
{"obj": {"type": "LogStrings", "path": ["monitoring", "stderr"], "values": [{"value": "\rLoading /root/datasets/homogeneous_graphs/cora.content:  44% 1194/2708 [00:06<00:08, 187.81it/s]", "step": null, "ts": 1663876001.865431}]}, "version": 80}
{"obj": {"type": "LogStrings", "path": ["monitoring", "stderr"], "values": [{"value": "\rLoading /root/datasets/homogeneous_graphs/cora.content:  45% 1214/2708 [00:06<00:07, 188.68it/s]", "step": null, "ts": 1663876001.9703262}]}, "version": 81}
{"obj": {"type": "LogStrings", "path": ["monitoring", "stderr"], "values": [{"value": "\rLoading /root/datasets/homogeneous_graphs/cora.content:  46% 1233/2708 [00:06<00:07, 188.67it/s]", "step": null, "ts": 1663876002.0710316}]}, "version": 82}
{"obj": {"type": "LogStrings", "path": ["monitoring", "stderr"], "values": [{"value": "\rLoading /root/datasets/homogeneous_graphs/cora.content:  46% 1252/2708 [00:06<00:07, 188.61it/s]", "step": null, "ts": 1663876002.171839}]}, "version": 83}
{"obj": {"type": "LogStrings", "path": ["monitoring", "stderr"], "values": [{"value": "\rLoading /root/datasets/homogeneous_graphs/cora.content:  47% 1271/2708 [00:06<00:07, 188.70it/s]", "step": null, "ts": 1663876002.2724905}]}, "version": 84}
{"obj": {"type": "LogStrings", "path": ["monitoring", "stderr"], "values": [{"value": "\rLoading /root/datasets/homogeneous_graphs/cora.content:  48% 1291/2708 [00:06<00:07, 189.83it/s]", "step": null, "ts": 1663876002.376358}]}, "version": 85}
{"obj": {"type": "LogStrings", "path": ["monitoring", "stderr"], "values": [{"value": "\rLoading /root/datasets/homogeneous_graphs/cora.content:  48% 1311/2708 [00:06<00:07, 189.98it/s]", "step": null, "ts": 1663876002.4814482}]}, "version": 86}
{"obj": {"type": "LogStrings", "path": ["monitoring", "stderr"], "values": [{"value": "\rLoading /root/datasets/homogeneous_graphs/cora.content:  49% 1330/2708 [00:07<00:07, 188.90it/s]", "step": null, "ts": 1663876002.5834134}]}, "version": 87}
{"obj": {"type": "LogStrings", "path": ["monitoring", "stderr"], "values": [{"value": "\rLoading /root/datasets/homogeneous_graphs/cora.content:  50% 1350/2708 [00:07<00:07, 190.21it/s]", "step": null, "ts": 1663876002.6869197}]}, "version": 88}
{"obj": {"type": "LogStrings", "path": ["monitoring", "stderr"], "values": [{"value": "\rLoading /root/datasets/homogeneous_graphs/cora.content:  51% 1370/2708 [00:07<00:07, 189.09it/s]", "step": null, "ts": 1663876002.7940774}]}, "version": 89}
{"obj": {"type": "LogStrings", "path": ["monitoring", "stderr"], "values": [{"value": "\rLoading /root/datasets/homogeneous_graphs/cora.content:  51% 1389/2708 [00:07<00:06, 188.79it/s]", "step": null, "ts": 1663876002.8951912}]}, "version": 90}
{"obj": {"type": "LogStrings", "path": ["monitoring", "stderr"], "values": [{"value": "\rLoading /root/datasets/homogeneous_graphs/cora.content:  52% 1408/2708 [00:07<00:06, 188.25it/s]", "step": null, "ts": 1663876002.9967473}]}, "version": 91}
{"obj": {"type": "LogStrings", "path": ["monitoring", "stderr"], "values": [{"value": "\rLoading /root/datasets/homogeneous_graphs/cora.content:  53% 1427/2708 [00:07<00:06, 187.99it/s]", "step": null, "ts": 1663876003.0982747}]}, "version": 92}
{"obj": {"type": "LogStrings", "path": ["monitoring", "stderr"], "values": [{"value": "\rLoading /root/datasets/homogeneous_graphs/cora.content:  53% 1446/2708 [00:07<00:06, 185.85it/s]", "step": null, "ts": 1663876003.203155}]}, "version": 93}
{"obj": {"type": "LogStrings", "path": ["monitoring", "stderr"], "values": [{"value": "\rLoading /root/datasets/homogeneous_graphs/cora.content:  54% 1465/2708 [00:07<00:06, 185.13it/s]", "step": null, "ts": 1663876003.3067126}]}, "version": 94}
{"obj": {"type": "LogStrings", "path": ["monitoring", "stderr"], "values": [{"value": "\rLoading /root/datasets/homogeneous_graphs/cora.content:  55% 1484/2708 [00:07<00:06, 185.09it/s]", "step": null, "ts": 1663876003.4094307}]}, "version": 95}
{"obj": {"type": "LogStrings", "path": ["monitoring", "stderr"], "values": [{"value": "\rLoading /root/datasets/homogeneous_graphs/cora.content:  56% 1503/2708 [00:08<00:06, 185.84it/s]", "step": null, "ts": 1663876003.5106983}]}, "version": 96}
{"obj": {"type": "LogStrings", "path": ["monitoring", "stderr"], "values": [{"value": "\rLoading /root/datasets/homogeneous_graphs/cora.content:  56% 1522/2708 [00:08<00:06, 185.84it/s]", "step": null, "ts": 1663876003.6129432}]}, "version": 97}
{"obj": {"type": "LogStrings", "path": ["monitoring", "stderr"], "values": [{"value": "\rLoading /root/datasets/homogeneous_graphs/cora.content:  57% 1541/2708 [00:08<00:06, 186.51it/s]", "step": null, "ts": 1663876003.7139487}]}, "version": 98}
{"obj": {"type": "LogStrings", "path": ["monitoring", "stderr"], "values": [{"value": "\rLoading /root/datasets/homogeneous_graphs/cora.content:  58% 1560/2708 [00:08<00:06, 187.41it/s]", "step": null, "ts": 1663876003.8141658}]}, "version": 99}
{"obj": {"type": "LogStrings", "path": ["monitoring", "stderr"], "values": [{"value": "\rLoading /root/datasets/homogeneous_graphs/cora.content:  58% 1579/2708 [00:08<00:06, 187.44it/s]", "step": null, "ts": 1663876003.9155128}]}, "version": 100}
{"obj": {"type": "LogStrings", "path": ["monitoring", "stderr"], "values": [{"value": "\rLoading /root/datasets/homogeneous_graphs/cora.content:  59% 1598/2708 [00:08<00:05, 185.93it/s]", "step": null, "ts": 1663876004.0196247}]}, "version": 101}
{"obj": {"type": "LogStrings", "path": ["monitoring", "stderr"], "values": [{"value": "\rLoading /root/datasets/homogeneous_graphs/cora.content:  60% 1617/2708 [00:08<00:05, 186.54it/s]", "step": null, "ts": 1663876004.1206927}]}, "version": 102}
{"obj": {"type": "LogStrings", "path": ["monitoring", "stderr"], "values": [{"value": "\rLoading /root/datasets/homogeneous_graphs/cora.content:  60% 1636/2708 [00:08<00:05, 187.34it/s]", "step": null, "ts": 1663876004.2210944}]}, "version": 103}
{"obj": {"type": "LogStrings", "path": ["monitoring", "stderr"], "values": [{"value": "\rLoading /root/datasets/homogeneous_graphs/cora.content:  61% 1656/2708 [00:08<00:05, 188.33it/s]", "step": null, "ts": 1663876004.3260634}]}, "version": 104}
{"obj": {"type": "LogStrings", "path": ["monitoring", "stderr"], "values": [{"value": "\rLoading /root/datasets/homogeneous_graphs/cora.content:  62% 1675/2708 [00:08<00:05, 188.71it/s]", "step": null, "ts": 1663876004.4263432}]}, "version": 105}
{"obj": {"type": "LogStrings", "path": ["monitoring", "stderr"], "values": [{"value": "\rLoading /root/datasets/homogeneous_graphs/cora.content:  63% 1694/2708 [00:09<00:05, 188.73it/s]", "step": null, "ts": 1663876004.526908}]}, "version": 106}
{"obj": {"type": "LogStrings", "path": ["monitoring", "stderr"], "values": [{"value": "\rLoading /root/datasets/homogeneous_graphs/cora.content:  63% 1713/2708 [00:09<00:05, 189.04it/s]", "step": null, "ts": 1663876004.627012}]}, "version": 107}
{"obj": {"type": "LogStrings", "path": ["monitoring", "stderr"], "values": [{"value": "\rLoading /root/datasets/homogeneous_graphs/cora.content:  64% 1732/2708 [00:09<00:05, 188.90it/s]", "step": null, "ts": 1663876004.7278328}]}, "version": 108}
{"obj": {"type": "LogStrings", "path": ["monitoring", "stderr"], "values": [{"value": "\rLoading /root/datasets/homogeneous_graphs/cora.content:  65% 1751/2708 [00:09<00:05, 188.49it/s]", "step": null, "ts": 1663876004.8290846}]}, "version": 109}
{"obj": {"type": "LogStrings", "path": ["monitoring", "stderr"], "values": [{"value": "\rLoading /root/datasets/homogeneous_graphs/cora.content:  65% 1770/2708 [00:09<00:05, 179.64it/s]", "step": null, "ts": 1663876004.9464743}]}, "version": 110}
{"obj": {"type": "LogStrings", "path": ["monitoring", "stderr"], "values": [{"value": "\rLoading /root/datasets/homogeneous_graphs/cora.content:  66% 1789/2708 [00:09<00:05, 179.63it/s]", "step": null, "ts": 1663876005.0523412}]}, "version": 111}
{"obj": {"type": "LogStrings", "path": ["monitoring", "stderr"], "values": [{"value": "\rLoading /root/datasets/homogeneous_graphs/cora.content:  67% 1808/2708 [00:09<00:04, 182.07it/s]", "step": null, "ts": 1663876005.153328}]}, "version": 112}
{"obj": {"type": "LogStrings", "path": ["monitoring", "stderr"], "values": [{"value": "\rLoading /root/datasets/homogeneous_graphs/cora.content:  67% 1827/2708 [00:09<00:04, 183.99it/s]", "step": null, "ts": 1663876005.2540557}]}, "version": 113}
{"obj": {"type": "LogStrings", "path": ["monitoring", "stderr"], "values": [{"value": "\rLoading /root/datasets/homogeneous_graphs/cora.content:  68% 1847/2708 [00:09<00:04, 186.29it/s]", "step": null, "ts": 1663876005.3584235}]}, "version": 114}
{"obj": {"type": "LogStrings", "path": ["monitoring", "stderr"], "values": [{"value": "\rLoading /root/datasets/homogeneous_graphs/cora.content:  69% 1866/2708 [00:09<00:04, 186.43it/s]", "step": null, "ts": 1663876005.4601676}]}, "version": 115}
{"obj": {"type": "LogFloats", "path": ["monitoring", "cpu"], "values": [{"value": 13.6, "step": null, "ts": 1663876005.4508007}]}, "version": 116}
{"obj": {"type": "LogFloats", "path": ["monitoring", "memory"], "values": [{"value": 1.9428558349609375, "step": null, "ts": 1663876005.4508007}]}, "version": 117}
{"obj": {"type": "LogFloats", "path": ["monitoring", "gpu_memory"], "values": [{"value": 0.002685546875, "step": null, "ts": 1663876005.4508007}]}, "version": 118}
{"obj": {"type": "LogStrings", "path": ["monitoring", "stderr"], "values": [{"value": "\rLoading /root/datasets/homogeneous_graphs/cora.content:  70% 1885/2708 [00:10<00:04, 183.76it/s]", "step": null, "ts": 1663876005.567099}]}, "version": 119}
{"obj": {"type": "LogStrings", "path": ["monitoring", "stderr"], "values": [{"value": "\rLoading /root/datasets/homogeneous_graphs/cora.content:  70% 1904/2708 [00:10<00:04, 185.21it/s]", "step": null, "ts": 1663876005.6677797}]}, "version": 120}
{"obj": {"type": "LogStrings", "path": ["monitoring", "stderr"], "values": [{"value": "\rLoading /root/datasets/homogeneous_graphs/cora.content:  71% 1924/2708 [00:10<00:04, 186.83it/s]", "step": null, "ts": 1663876005.7727408}]}, "version": 121}
{"obj": {"type": "LogStrings", "path": ["monitoring", "stderr"], "values": [{"value": "\rLoading /root/datasets/homogeneous_graphs/cora.content:  72% 1944/2708 [00:10<00:04, 188.59it/s]", "step": null, "ts": 1663876005.8765314}]}, "version": 122}
{"obj": {"type": "LogStrings", "path": ["monitoring", "stderr"], "values": [{"value": "\rLoading /root/datasets/homogeneous_graphs/cora.content:  72% 1963/2708 [00:10<00:03, 188.26it/s]", "step": null, "ts": 1663876005.978004}]}, "version": 123}
{"obj": {"type": "LogStrings", "path": ["monitoring", "stderr"], "values": [{"value": "\rLoading /root/datasets/homogeneous_graphs/cora.content:  73% 1982/2708 [00:10<00:03, 187.77it/s]", "step": null, "ts": 1663876006.0796897}]}, "version": 124}
{"obj": {"type": "LogStrings", "path": ["monitoring", "stderr"], "values": [{"value": "\rLoading /root/datasets/homogeneous_graphs/cora.content:  74% 2001/2708 [00:10<00:03, 185.34it/s]", "step": null, "ts": 1663876006.185323}]}, "version": 125}
{"obj": {"type": "LogStrings", "path": ["monitoring", "stderr"], "values": [{"value": "\rLoading /root/datasets/homogeneous_graphs/cora.content:  75% 2020/2708 [00:10<00:03, 185.75it/s]", "step": null, "ts": 1663876006.2870927}]}, "version": 126}
{"obj": {"type": "LogStrings", "path": ["monitoring", "stderr"], "values": [{"value": "\rLoading /root/datasets/homogeneous_graphs/cora.content:  75% 2039/2708 [00:10<00:03, 185.37it/s]", "step": null, "ts": 1663876006.3925405}]}, "version": 127}
{"obj": {"type": "LogStrings", "path": ["monitoring", "stderr"], "values": [{"value": "\rLoading /root/datasets/homogeneous_graphs/cora.content:  76% 2058/2708 [00:10<00:03, 186.46it/s]", "step": null, "ts": 1663876006.4905777}]}, "version": 128}
{"obj": {"type": "LogStrings", "path": ["monitoring", "stderr"], "values": [{"value": "\rLoading /root/datasets/homogeneous_graphs/cora.content:  77% 2077/2708 [00:11<00:03, 185.30it/s]", "step": null, "ts": 1663876006.594612}]}, "version": 129}
{"obj": {"type": "LogStrings", "path": ["monitoring", "stderr"], "values": [{"value": "\rLoading /root/datasets/homogeneous_graphs/cora.content:  77% 2096/2708 [00:11<00:03, 185.75it/s]", "step": null, "ts": 1663876006.6963367}]}, "version": 130}
{"obj": {"type": "LogStrings", "path": ["monitoring", "stderr"], "values": [{"value": "\rLoading /root/datasets/homogeneous_graphs/cora.content:  78% 2115/2708 [00:11<00:03, 185.99it/s]", "step": null, "ts": 1663876006.7981727}]}, "version": 131}
{"obj": {"type": "LogStrings", "path": ["monitoring", "stderr"], "values": [{"value": "\rLoading /root/datasets/homogeneous_graphs/cora.content:  79% 2135/2708 [00:11<00:03, 187.93it/s]", "step": null, "ts": 1663876006.9021144}]}, "version": 132}
{"obj": {"type": "LogStrings", "path": ["monitoring", "stderr"], "values": [{"value": "\rLoading /root/datasets/homogeneous_graphs/cora.content:  80% 2155/2708 [00:11<00:02, 189.58it/s]", "step": null, "ts": 1663876007.005546}]}, "version": 133}
{"obj": {"type": "LogStrings", "path": ["monitoring", "stderr"], "values": [{"value": "\rLoading /root/datasets/homogeneous_graphs/cora.content:  80% 2174/2708 [00:11<00:02, 189.30it/s]", "step": null, "ts": 1663876007.1062872}]}, "version": 134}
{"obj": {"type": "LogStrings", "path": ["monitoring", "stderr"], "values": [{"value": "\rLoading /root/datasets/homogeneous_graphs/cora.content:  81% 2193/2708 [00:11<00:02, 188.19it/s]", "step": null, "ts": 1663876007.2086298}]}, "version": 135}
{"obj": {"type": "LogStrings", "path": ["monitoring", "stderr"], "values": [{"value": "\rLoading /root/datasets/homogeneous_graphs/cora.content:  82% 2213/2708 [00:11<00:02, 190.64it/s]", "step": null, "ts": 1663876007.310469}]}, "version": 136}
{"obj": {"type": "LogStrings", "path": ["monitoring", "stderr"], "values": [{"value": "\rLoading /root/datasets/homogeneous_graphs/cora.content:  82% 2233/2708 [00:11<00:02, 191.17it/s]", "step": null, "ts": 1663876007.4144392}]}, "version": 137}
{"obj": {"type": "LogStrings", "path": ["monitoring", "stderr"], "values": [{"value": "\rLoading /root/datasets/homogeneous_graphs/cora.content:  83% 2253/2708 [00:12<00:02, 192.73it/s]", "step": null, "ts": 1663876007.5162754}]}, "version": 138}
{"obj": {"type": "LogStrings", "path": ["monitoring", "stderr"], "values": [{"value": "\rLoading /root/datasets/homogeneous_graphs/cora.content:  84% 2273/2708 [00:12<00:02, 192.44it/s]", "step": null, "ts": 1663876007.6205552}]}, "version": 139}
{"obj": {"type": "LogStrings", "path": ["monitoring", "stderr"], "values": [{"value": "\rLoading /root/datasets/homogeneous_graphs/cora.content:  85% 2293/2708 [00:12<00:02, 191.42it/s]", "step": null, "ts": 1663876007.7263315}]}, "version": 140}
{"obj": {"type": "LogStrings", "path": ["monitoring", "stderr"], "values": [{"value": "\rLoading /root/datasets/homogeneous_graphs/cora.content:  85% 2313/2708 [00:12<00:02, 191.87it/s]", "step": null, "ts": 1663876007.8300226}]}, "version": 141}
{"obj": {"type": "LogStrings", "path": ["monitoring", "stderr"], "values": [{"value": "\rLoading /root/datasets/homogeneous_graphs/cora.content:  86% 2333/2708 [00:12<00:01, 191.87it/s]", "step": null, "ts": 1663876007.9342453}]}, "version": 142}
{"obj": {"type": "LogStrings", "path": ["monitoring", "stderr"], "values": [{"value": "\rLoading /root/datasets/homogeneous_graphs/cora.content:  87% 2353/2708 [00:12<00:01, 192.02it/s]", "step": null, "ts": 1663876008.038253}]}, "version": 143}
{"obj": {"type": "LogStrings", "path": ["monitoring", "stderr"], "values": [{"value": "\rLoading /root/datasets/homogeneous_graphs/cora.content:  88% 2373/2708 [00:12<00:01, 191.39it/s]", "step": null, "ts": 1663876008.1435075}]}, "version": 144}
{"obj": {"type": "LogStrings", "path": ["monitoring", "stderr"], "values": [{"value": "\rLoading /root/datasets/homogeneous_graphs/cora.content:  88% 2393/2708 [00:12<00:01, 188.57it/s]", "step": null, "ts": 1663876008.2532277}]}, "version": 145}
{"obj": {"type": "LogStrings", "path": ["monitoring", "stderr"], "values": [{"value": "\rLoading /root/datasets/homogeneous_graphs/cora.content:  89% 2413/2708 [00:12<00:01, 189.82it/s]", "step": null, "ts": 1663876008.3569593}]}, "version": 146}
{"obj": {"type": "LogStrings", "path": ["monitoring", "stderr"], "values": [{"value": "\rLoading /root/datasets/homogeneous_graphs/cora.content:  90% 2433/2708 [00:12<00:01, 189.95it/s]", "step": null, "ts": 1663876008.4620824}]}, "version": 147}
{"obj": {"type": "LogStrings", "path": ["monitoring", "stderr"], "values": [{"value": "\rLoading /root/datasets/homogeneous_graphs/cora.content:  91% 2453/2708 [00:13<00:01, 187.52it/s]", "step": null, "ts": 1663876008.5719185}]}, "version": 148}
{"obj": {"type": "LogStrings", "path": ["monitoring", "stderr"], "values": [{"value": "\rLoading /root/datasets/homogeneous_graphs/cora.content:  91% 2473/2708 [00:13<00:01, 188.85it/s]", "step": null, "ts": 1663876008.676051}]}, "version": 149}
{"obj": {"type": "LogStrings", "path": ["monitoring", "stderr"], "values": [{"value": "\rLoading /root/datasets/homogeneous_graphs/cora.content:  92% 2493/2708 [00:13<00:01, 190.51it/s]", "step": null, "ts": 1663876008.7788925}]}, "version": 150}
{"obj": {"type": "LogStrings", "path": ["monitoring", "stderr"], "values": [{"value": "\rLoading /root/datasets/homogeneous_graphs/cora.content:  93% 2513/2708 [00:13<00:01, 190.59it/s]", "step": null, "ts": 1663876008.8837202}]}, "version": 151}
{"obj": {"type": "LogStrings", "path": ["monitoring", "stderr"], "values": [{"value": "\rLoading /root/datasets/homogeneous_graphs/cora.content:  94% 2533/2708 [00:13<00:00, 191.34it/s]", "step": null, "ts": 1663876008.987294}]}, "version": 152}
{"obj": {"type": "LogStrings", "path": ["monitoring", "stderr"], "values": [{"value": "\rLoading /root/datasets/homogeneous_graphs/cora.content:  94% 2553/2708 [00:13<00:00, 190.78it/s]", "step": null, "ts": 1663876009.092879}]}, "version": 153}
{"obj": {"type": "LogStrings", "path": ["monitoring", "stderr"], "values": [{"value": "\rLoading /root/datasets/homogeneous_graphs/cora.content:  95% 2573/2708 [00:13<00:00, 190.55it/s]", "step": null, "ts": 1663876009.1980865}]}, "version": 154}
{"obj": {"type": "LogStrings", "path": ["monitoring", "stderr"], "values": [{"value": "\rLoading /root/datasets/homogeneous_graphs/cora.content:  96% 2593/2708 [00:13<00:00, 191.39it/s]", "step": null, "ts": 1663876009.3016279}]}, "version": 155}
{"obj": {"type": "LogStrings", "path": ["monitoring", "stderr"], "values": [{"value": "\rLoading /root/datasets/homogeneous_graphs/cora.content:  96% 2613/2708 [00:13<00:00, 190.06it/s]", "step": null, "ts": 1663876009.408501}]}, "version": 156}
{"obj": {"type": "LogStrings", "path": ["monitoring", "stderr"], "values": [{"value": "\rLoading /root/datasets/homogeneous_graphs/cora.content:  97% 2633/2708 [00:14<00:00, 190.70it/s]", "step": null, "ts": 1663876009.5125296}]}, "version": 157}
{"obj": {"type": "LogStrings", "path": ["monitoring", "stderr"], "values": [{"value": "\rLoading /root/datasets/homogeneous_graphs/cora.content:  98% 2653/2708 [00:14<00:00, 182.02it/s]", "step": null, "ts": 1663876009.634087}]}, "version": 158}
{"obj": {"type": "LogStrings", "path": ["monitoring", "stderr"], "values": [{"value": "\rLoading /root/datasets/homogeneous_graphs/cora.content:  99% 2672/2708 [00:14<00:00, 183.63it/s]", "step": null, "ts": 1663876009.7353144}]}, "version": 159}
{"obj": {"type": "LogStrings", "path": ["monitoring", "stderr"], "values": [{"value": "\rLoading /root/datasets/homogeneous_graphs/cora.content:  99% 2691/2708 [00:14<00:00, 184.80it/s]", "step": null, "ts": 1663876009.8365648}]}, "version": 160}
{"obj": {"type": "LogStrings", "path": ["monitoring", "stderr"], "values": [{"value": "", "step": null, "ts": 1663876009.9275794}]}, "version": 161}
{"obj": {"type": "LogStrings", "path": ["monitoring", "stderr"], "values": [{"value": "\rLoading /root/datasets/homogeneous_graphs/cora.content: 100% 2708/2708 [00:14<00:00, 187.69it/s]", "step": null, "ts": 1663876009.9294128}]}, "version": 162}
{"obj": {"type": "LogStrings", "path": ["monitoring", "stderr"], "values": [{"value": "\n", "step": null, "ts": 1663876009.9305649}]}, "version": 163}
{"obj": {"type": "LogStrings", "path": ["monitoring", "stderr"], "values": [{"value": "\rLoading /root/datasets/homogeneous_graphs/cora.cites:   0% 0/5429 [00:00<?, ?it/s]", "step": null, "ts": 1663876009.9321072}]}, "version": 164}
{"obj": {"type": "LogStrings", "path": ["monitoring", "stderr"], "values": [{"value": "", "step": null, "ts": 1663876009.939215}]}, "version": 165}
{"obj": {"type": "LogStrings", "path": ["monitoring", "stderr"], "values": [{"value": "\rLoading /root/datasets/homogeneous_graphs/cora.cites: 100% 5429/5429 [00:00<00:00, 763457.27it/s]", "step": null, "ts": 1663876009.9405434}]}, "version": 166}
{"obj": {"type": "LogStrings", "path": ["monitoring", "stderr"], "values": [{"value": "\n", "step": null, "ts": 1663876009.94159}]}, "version": 167}
{"obj": {"type": "LogStrings", "path": ["monitoring", "stdout"], "values": [{"value": "{'output_dir': '~/experiments/', 'dataset': {'class': 'CoraLinkPrediction', 'path': '~/datasets/homogeneous_graphs/'}, 'task': {'class': 'LinkPrediction', 'model': {'class': 'NBFNet', 'input_dim': 32, 'hidden_dims': [32, 32, 32, 32, 32, 32], 'message_func': 'distmult', 'aggregate_func': 'pna', 'short_cut': True, 'layer_norm': True, 'dependent': False, 'remove_one_hop': True, 'symmetric': True}, 'criterion': 'bce', 'num_negative': 1, 'strict_negative': True}, 'optimizer': {'class': 'Adam', 'lr': 0.005, 'params': <generator object Module.parameters at 0x7fe9bdb8c250>}, 'engine': {'gpus': [0], 'batch_size': 64}, 'train': {'num_epoch': 20}, 'metric': 'auroc'}", "step": null, "ts": 1663876013.6078637}]}, "version": 168}
{"obj": {"type": "LogStrings", "path": ["monitoring", "stdout"], "values": [{"value": "\n", "step": null, "ts": 1663876013.609901}]}, "version": 169}
{"obj": {"type": "AssignString", "path": ["params", "dataset", "class"], "value": "<module 'nbfnet.task' from '/content/drive/MyDrive/Colab Notebooks/partC/NBFNet/nbfnet/task.py'>"}, "version": 170}
{"obj": {"type": "AssignString", "path": ["params", "dataset", "path"], "value": "~/datasets/homogeneous_graphs/"}, "version": 171}
{"obj": {"type": "AssignString", "path": ["params", "engine", "gpus"], "value": "[0]"}, "version": 172}
{"obj": {"type": "AssignInt", "path": ["params", "engine", "batch_size"], "value": 64}, "version": 173}
{"obj": {"type": "AssignString", "path": ["params", "optimizer", "class"], "value": "Adam"}, "version": 174}
{"obj": {"type": "AssignFloat", "path": ["params", "optimizer", "lr"], "value": 0.005}, "version": 175}
{"obj": {"type": "AssignString", "path": ["params", "optimizer", "params"], "value": "<generator object Module.parameters at 0x7fe9bdb8c250>"}, "version": 176}
{"obj": {"type": "AssignString", "path": ["params", "task", "class"], "value": "LinkPrediction"}, "version": 177}
{"obj": {"type": "AssignString", "path": ["params", "task", "model", "class"], "value": "NBFNet"}, "version": 178}
{"obj": {"type": "AssignInt", "path": ["params", "task", "model", "input_dim"], "value": 32}, "version": 179}
{"obj": {"type": "AssignString", "path": ["params", "task", "model", "hidden_dims"], "value": "[32, 32, 32, 32, 32, 32]"}, "version": 180}
{"obj": {"type": "AssignString", "path": ["params", "task", "model", "message_func"], "value": "distmult"}, "version": 181}
{"obj": {"type": "AssignString", "path": ["params", "task", "model", "aggregate_func"], "value": "pna"}, "version": 182}
{"obj": {"type": "AssignBool", "path": ["params", "task", "model", "short_cut"], "value": true}, "version": 183}
{"obj": {"type": "AssignBool", "path": ["params", "task", "model", "layer_norm"], "value": true}, "version": 184}
{"obj": {"type": "AssignBool", "path": ["params", "task", "model", "dependent"], "value": false}, "version": 185}
{"obj": {"type": "AssignBool", "path": ["params", "task", "model", "remove_one_hop"], "value": true}, "version": 186}
{"obj": {"type": "AssignBool", "path": ["params", "task", "model", "symmetric"], "value": true}, "version": 187}
{"obj": {"type": "AssignString", "path": ["params", "task", "criterion"], "value": "bce"}, "version": 188}
{"obj": {"type": "AssignInt", "path": ["params", "task", "num_negative"], "value": 1}, "version": 189}
{"obj": {"type": "AssignBool", "path": ["params", "task", "strict_negative"], "value": true}, "version": 190}
{"obj": {"type": "AssignInt", "path": ["params", "train", "num_epoch"], "value": 20}, "version": 191}
{"obj": {"type": "AssignString", "path": ["params", "metric"], "value": "auroc"}, "version": 192}
{"obj": {"type": "LogFloats", "path": ["monitoring", "cpu"], "values": [{"value": 13.6, "step": null, "ts": 1663876015.535645}]}, "version": 193}
{"obj": {"type": "LogFloats", "path": ["monitoring", "memory"], "values": [{"value": 3.7756919860839844, "step": null, "ts": 1663876015.535645}]}, "version": 194}
{"obj": {"type": "LogFloats", "path": ["monitoring", "gpu_memory"], "values": [{"value": 1.511474609375, "step": null, "ts": 1663876015.535645}]}, "version": 195}
{"obj": {"type": "LogFloats", "path": ["monitoring", "cpu"], "values": [{"value": 13.1, "step": null, "ts": 1663876025.5413837}]}, "version": 196}
{"obj": {"type": "LogFloats", "path": ["monitoring", "memory"], "values": [{"value": 4.494594573974609, "step": null, "ts": 1663876025.5413837}]}, "version": 197}
{"obj": {"type": "LogFloats", "path": ["monitoring", "gpu_memory"], "values": [{"value": 1.511474609375, "step": null, "ts": 1663876025.5413837}]}, "version": 198}
{"obj": {"type": "LogFloats", "path": ["monitoring", "cpu"], "values": [{"value": 31.6, "step": null, "ts": 1663876035.5467584}]}, "version": 199}
{"obj": {"type": "LogFloats", "path": ["monitoring", "memory"], "values": [{"value": 6.265094757080078, "step": null, "ts": 1663876035.5467584}]}, "version": 200}
{"obj": {"type": "LogFloats", "path": ["monitoring", "gpu_memory"], "values": [{"value": 1.513427734375, "step": null, "ts": 1663876035.5467584}]}, "version": 201}
{"obj": {"type": "LogFloats", "path": ["monitoring", "cpu"], "values": [{"value": 51.1, "step": null, "ts": 1663876045.557031}]}, "version": 202}
{"obj": {"type": "LogFloats", "path": ["monitoring", "memory"], "values": [{"value": 9.88875961303711, "step": null, "ts": 1663876045.557031}]}, "version": 203}
{"obj": {"type": "LogFloats", "path": ["monitoring", "gpu_memory"], "values": [{"value": 1.513427734375, "step": null, "ts": 1663876045.557031}]}, "version": 204}
{"obj": {"type": "LogFloats", "path": ["monitoring", "cpu"], "values": [{"value": 33.2, "step": null, "ts": 1663876055.564588}]}, "version": 205}
{"obj": {"type": "LogFloats", "path": ["monitoring", "memory"], "values": [{"value": 3.848186492919922, "step": null, "ts": 1663876055.564588}]}, "version": 206}
{"obj": {"type": "LogFloats", "path": ["monitoring", "gpu_memory"], "values": [{"value": 1.513427734375, "step": null, "ts": 1663876055.564588}]}, "version": 207}
{"obj": {"type": "LogFloats", "path": ["monitoring", "cpu"], "values": [{"value": 31.2, "step": null, "ts": 1663876065.5718865}]}, "version": 208}
{"obj": {"type": "LogFloats", "path": ["monitoring", "memory"], "values": [{"value": 5.755924224853516, "step": null, "ts": 1663876065.5718865}]}, "version": 209}
{"obj": {"type": "LogFloats", "path": ["monitoring", "gpu_memory"], "values": [{"value": 1.513427734375, "step": null, "ts": 1663876065.5718865}]}, "version": 210}
{"obj": {"type": "LogFloats", "path": ["monitoring", "cpu"], "values": [{"value": 25.9, "step": null, "ts": 1663876075.5794282}]}, "version": 211}
{"obj": {"type": "LogFloats", "path": ["monitoring", "memory"], "values": [{"value": 4.744682312011719, "step": null, "ts": 1663876075.5794282}]}, "version": 212}
{"obj": {"type": "LogFloats", "path": ["monitoring", "gpu_memory"], "values": [{"value": 1.513427734375, "step": null, "ts": 1663876075.5794282}]}, "version": 213}
{"obj": {"type": "LogFloats", "path": ["monitoring", "cpu"], "values": [{"value": 25.7, "step": null, "ts": 1663876085.5866406}]}, "version": 214}
{"obj": {"type": "LogFloats", "path": ["monitoring", "memory"], "values": [{"value": 5.795661926269531, "step": null, "ts": 1663876085.5866406}]}, "version": 215}
{"obj": {"type": "LogFloats", "path": ["monitoring", "gpu_memory"], "values": [{"value": 1.513427734375, "step": null, "ts": 1663876085.5866406}]}, "version": 216}
{"obj": {"type": "LogFloats", "path": ["monitoring", "cpu"], "values": [{"value": 13.9, "step": null, "ts": 1663876095.593356}]}, "version": 217}
{"obj": {"type": "LogFloats", "path": ["monitoring", "memory"], "values": [{"value": 3.5010032653808594, "step": null, "ts": 1663876095.593356}]}, "version": 218}
{"obj": {"type": "LogFloats", "path": ["monitoring", "gpu"], "values": [{"value": 80.0, "step": null, "ts": 1663876095.593356}]}, "version": 219}
{"obj": {"type": "LogFloats", "path": ["monitoring", "gpu_memory"], "values": [{"value": 15.253662109375, "step": null, "ts": 1663876095.593356}]}, "version": 220}
{"obj": {"type": "LogFloats", "path": ["monitoring", "cpu"], "values": [{"value": 13.2, "step": null, "ts": 1663876105.6005564}]}, "version": 221}
{"obj": {"type": "LogFloats", "path": ["monitoring", "memory"], "values": [{"value": 3.5010414123535156, "step": null, "ts": 1663876105.6005564}]}, "version": 222}
{"obj": {"type": "LogFloats", "path": ["monitoring", "gpu"], "values": [{"value": 79.0, "step": null, "ts": 1663876105.6005564}]}, "version": 223}
{"obj": {"type": "LogFloats", "path": ["monitoring", "gpu_memory"], "values": [{"value": 15.253662109375, "step": null, "ts": 1663876105.6005564}]}, "version": 224}
{"obj": {"type": "LogFloats", "path": ["monitoring", "cpu"], "values": [{"value": 13.1, "step": null, "ts": 1663876115.6078498}]}, "version": 225}
{"obj": {"type": "LogFloats", "path": ["monitoring", "memory"], "values": [{"value": 3.502300262451172, "step": null, "ts": 1663876115.6078498}]}, "version": 226}
{"obj": {"type": "LogFloats", "path": ["monitoring", "gpu"], "values": [{"value": 100.0, "step": null, "ts": 1663876115.6078498}]}, "version": 227}
{"obj": {"type": "LogFloats", "path": ["monitoring", "gpu_memory"], "values": [{"value": 15.253662109375, "step": null, "ts": 1663876115.6078498}]}, "version": 228}
{"obj": {"type": "LogFloats", "path": ["monitoring", "cpu"], "values": [{"value": 13.0, "step": null, "ts": 1663876125.6279242}]}, "version": 229}
{"obj": {"type": "LogFloats", "path": ["monitoring", "memory"], "values": [{"value": 3.500804901123047, "step": null, "ts": 1663876125.6279242}]}, "version": 230}
{"obj": {"type": "LogFloats", "path": ["monitoring", "gpu"], "values": [{"value": 100.0, "step": null, "ts": 1663876125.6279242}]}, "version": 231}
{"obj": {"type": "LogFloats", "path": ["monitoring", "gpu_memory"], "values": [{"value": 15.253662109375, "step": null, "ts": 1663876125.6279242}]}, "version": 232}
{"obj": {"type": "LogFloats", "path": ["monitoring", "cpu"], "values": [{"value": 13.1, "step": null, "ts": 1663876135.636682}]}, "version": 233}
{"obj": {"type": "LogFloats", "path": ["monitoring", "memory"], "values": [{"value": 3.5012054443359375, "step": null, "ts": 1663876135.636682}]}, "version": 234}
{"obj": {"type": "LogFloats", "path": ["monitoring", "gpu"], "values": [{"value": 100.0, "step": null, "ts": 1663876135.636682}]}, "version": 235}
{"obj": {"type": "LogFloats", "path": ["monitoring", "gpu_memory"], "values": [{"value": 15.253662109375, "step": null, "ts": 1663876135.636682}]}, "version": 236}
{"obj": {"type": "LogFloats", "path": ["monitoring", "cpu"], "values": [{"value": 13.0, "step": null, "ts": 1663876145.643365}]}, "version": 237}
{"obj": {"type": "LogFloats", "path": ["monitoring", "memory"], "values": [{"value": 3.501239776611328, "step": null, "ts": 1663876145.643365}]}, "version": 238}
{"obj": {"type": "LogFloats", "path": ["monitoring", "gpu"], "values": [{"value": 100.0, "step": null, "ts": 1663876145.643365}]}, "version": 239}
{"obj": {"type": "LogFloats", "path": ["monitoring", "gpu_memory"], "values": [{"value": 15.255615234375, "step": null, "ts": 1663876145.643365}]}, "version": 240}
{"obj": {"type": "LogFloats", "path": ["monitoring", "cpu"], "values": [{"value": 13.1, "step": null, "ts": 1663876155.6504579}]}, "version": 241}
{"obj": {"type": "LogFloats", "path": ["monitoring", "memory"], "values": [{"value": 3.50079345703125, "step": null, "ts": 1663876155.6504579}]}, "version": 242}
{"obj": {"type": "LogFloats", "path": ["monitoring", "gpu"], "values": [{"value": 100.0, "step": null, "ts": 1663876155.6504579}]}, "version": 243}
{"obj": {"type": "LogFloats", "path": ["monitoring", "gpu_memory"], "values": [{"value": 15.255615234375, "step": null, "ts": 1663876155.6504579}]}, "version": 244}
{"obj": {"type": "LogFloats", "path": ["monitoring", "cpu"], "values": [{"value": 13.1, "step": null, "ts": 1663876165.6578043}]}, "version": 245}
{"obj": {"type": "LogFloats", "path": ["monitoring", "memory"], "values": [{"value": 3.5023269653320312, "step": null, "ts": 1663876165.6578043}]}, "version": 246}
{"obj": {"type": "LogFloats", "path": ["monitoring", "gpu"], "values": [{"value": 83.0, "step": null, "ts": 1663876165.6578043}]}, "version": 247}
{"obj": {"type": "LogFloats", "path": ["monitoring", "gpu_memory"], "values": [{"value": 15.255615234375, "step": null, "ts": 1663876165.6578043}]}, "version": 248}
{"obj": {"type": "LogFloats", "path": ["monitoring", "cpu"], "values": [{"value": 13.3, "step": null, "ts": 1663876175.6665938}]}, "version": 249}
{"obj": {"type": "LogFloats", "path": ["monitoring", "memory"], "values": [{"value": 3.5008277893066406, "step": null, "ts": 1663876175.6665938}]}, "version": 250}
{"obj": {"type": "LogFloats", "path": ["monitoring", "gpu"], "values": [{"value": 81.0, "step": null, "ts": 1663876175.6665938}]}, "version": 251}
{"obj": {"type": "LogFloats", "path": ["monitoring", "gpu_memory"], "values": [{"value": 15.255615234375, "step": null, "ts": 1663876175.6665938}]}, "version": 252}
{"obj": {"type": "LogFloats", "path": ["monitoring", "cpu"], "values": [{"value": 13.1, "step": null, "ts": 1663876185.6738393}]}, "version": 253}
{"obj": {"type": "LogFloats", "path": ["monitoring", "memory"], "values": [{"value": 3.5024452209472656, "step": null, "ts": 1663876185.6738393}]}, "version": 254}
{"obj": {"type": "LogFloats", "path": ["monitoring", "gpu"], "values": [{"value": 76.0, "step": null, "ts": 1663876185.6738393}]}, "version": 255}
{"obj": {"type": "LogFloats", "path": ["monitoring", "gpu_memory"], "values": [{"value": 15.255615234375, "step": null, "ts": 1663876185.6738393}]}, "version": 256}
{"obj": {"type": "LogFloats", "path": ["monitoring", "cpu"], "values": [{"value": 13.1, "step": null, "ts": 1663876195.6834245}]}, "version": 257}
{"obj": {"type": "LogFloats", "path": ["monitoring", "memory"], "values": [{"value": 3.502399444580078, "step": null, "ts": 1663876195.6834245}]}, "version": 258}
{"obj": {"type": "LogFloats", "path": ["monitoring", "gpu"], "values": [{"value": 82.0, "step": null, "ts": 1663876195.6834245}]}, "version": 259}
{"obj": {"type": "LogFloats", "path": ["monitoring", "gpu_memory"], "values": [{"value": 15.255615234375, "step": null, "ts": 1663876195.6834245}]}, "version": 260}
{"obj": {"type": "AssignFloat", "path": ["train", "{'auroc': tensor(0.9384, device='cuda:0'), 'ap': tensor(0.9500, device='cuda:0')}"], "value": 0.938413143157959}, "version": 261}
{"obj": {"type": "LogFloats", "path": ["monitoring", "cpu"], "values": [{"value": 13.2, "step": null, "ts": 1663876205.690995}]}, "version": 262}
{"obj": {"type": "LogFloats", "path": ["monitoring", "memory"], "values": [{"value": 3.5015182495117188, "step": null, "ts": 1663876205.690995}]}, "version": 263}
{"obj": {"type": "LogFloats", "path": ["monitoring", "gpu"], "values": [{"value": 94.0, "step": null, "ts": 1663876205.690995}]}, "version": 264}
{"obj": {"type": "LogFloats", "path": ["monitoring", "gpu_memory"], "values": [{"value": 15.255615234375, "step": null, "ts": 1663876205.690995}]}, "version": 265}
{"obj": {"type": "LogFloats", "path": ["monitoring", "cpu"], "values": [{"value": 14.7, "step": null, "ts": 1663876215.6988103}]}, "version": 266}
{"obj": {"type": "LogFloats", "path": ["monitoring", "memory"], "values": [{"value": 3.5050621032714844, "step": null, "ts": 1663876215.6988103}]}, "version": 267}
{"obj": {"type": "LogFloats", "path": ["monitoring", "gpu"], "values": [{"value": 99.0, "step": null, "ts": 1663876215.6988103}]}, "version": 268}
{"obj": {"type": "LogFloats", "path": ["monitoring", "gpu_memory"], "values": [{"value": 15.255615234375, "step": null, "ts": 1663876215.6988103}]}, "version": 269}
{"obj": {"type": "LogFloats", "path": ["monitoring", "cpu"], "values": [{"value": 16.8, "step": null, "ts": 1663876225.7072341}]}, "version": 270}
{"obj": {"type": "LogFloats", "path": ["monitoring", "memory"], "values": [{"value": 3.5022811889648438, "step": null, "ts": 1663876225.7072341}]}, "version": 271}
{"obj": {"type": "LogFloats", "path": ["monitoring", "gpu"], "values": [{"value": 100.0, "step": null, "ts": 1663876225.7072341}]}, "version": 272}
{"obj": {"type": "LogFloats", "path": ["monitoring", "gpu_memory"], "values": [{"value": 15.255615234375, "step": null, "ts": 1663876225.7072341}]}, "version": 273}
{"obj": {"type": "LogStrings", "path": ["monitoring", "traceback"], "values": [{"value": "An uncaught exception occurred while run was active on worker 0091fd39faba.", "step": null, "ts": 1663876235.1266909}, {"value": "Marking run as failed", "step": null, "ts": 1663876235.1266909}, {"value": "Traceback:", "step": null, "ts": 1663876235.1266909}, {"value": "  File \"script/run.py\", line 85, in <module>\n", "step": null, "ts": 1663876235.1266909}, {"value": "  File \"script/run.py\", line 32, in train_and_validate\n", "step": null, "ts": 1663876235.1266909}, {"value": "  File \"/usr/local/lib/python3.7/dist-packages/torchdrug/core/engine.py\", line 155, in train\n    loss, metric = model(batch)\n", "step": null, "ts": 1663876235.1266909}, {"value": "  File \"/usr/local/lib/python3.7/dist-packages/torch/nn/modules/module.py\", line 889, in _call_impl\n    result = self.forward(*input, **kwargs)\n", "step": null, "ts": 1663876235.1266909}, {"value": "  File \"/content/drive/MyDrive/Colab Notebooks/partC/NBFNet/nbfnet/task.py\", line 134, in forward\n    pred, target = self.predict_and_target(batch, all_loss, metric)\n", "step": null, "ts": 1663876235.1266909}, {"value": "  File \"/content/drive/MyDrive/Colab Notebooks/partC/NBFNet/nbfnet/task.py\", line 185, in predict_and_target\n    neg_h_index, neg_t_index = self._strict_negative(batch_size * num_negative, self.split)\n", "step": null, "ts": 1663876235.1266909}, {"value": "  File \"/usr/local/lib/python3.7/dist-packages/torch/autograd/grad_mode.py\", line 27, in decorate_context\n    return func(*args, **kwargs)\n", "step": null, "ts": 1663876235.1266909}]}, "version": 274}
{"obj": {"type": "LogStrings", "path": ["monitoring", "traceback"], "values": [{"value": "  File \"/content/drive/MyDrive/Colab Notebooks/partC/NBFNet/nbfnet/task.py\", line 164, in _strict_negative\n    edge_index, num_t_truth = graph.match(pattern)\n", "step": null, "ts": 1663876235.1266909}, {"value": "  File \"/usr/local/lib/python3.7/dist-packages/torchdrug/data/graph.py\", line 511, in match\n    ranges = inverted_range.get(type_edge, default=0)\n", "step": null, "ts": 1663876235.1266909}, {"value": "  File \"/usr/local/lib/python3.7/dist-packages/torchdrug/data/dictionary.py\", line 231, in get\n    keys = torch.as_tensor(keys, dtype=torch.long, device=self.device)\n", "step": null, "ts": 1663876235.1266909}, {"value": "  File \"/usr/local/lib/python3.7/dist-packages/torchdrug/data/dictionary.py\", line 259, in device\n    return self.keys.device\n", "step": null, "ts": 1663876235.1266909}, {"value": "", "step": null, "ts": 1663876235.1266909}]}, "version": 275}
{"obj": {"type": "AssignBool", "path": ["sys", "failed"], "value": true}, "version": 276}
{"obj": {"type": "LogStrings", "path": ["monitoring", "stderr"], "values": [{"value": "Traceback (most recent call last):\n", "step": null, "ts": 1663876235.1304855}]}, "version": 277}
{"obj": {"type": "LogStrings", "path": ["monitoring", "stderr"], "values": [{"value": "  File \"script/run.py\", line 85, in <module>\n", "step": null, "ts": 1663876235.1314926}]}, "version": 278}
{"obj": {"type": "LogStrings", "path": ["monitoring", "stderr"], "values": [{"value": "    ", "step": null, "ts": 1663876235.133328}]}, "version": 279}
{"obj": {"type": "LogStrings", "path": ["monitoring", "stderr"], "values": [{"value": "train_and_validate(cfg, solver)", "step": null, "ts": 1663876235.1344843}]}, "version": 280}
{"obj": {"type": "LogStrings", "path": ["monitoring", "stderr"], "values": [{"value": "\n", "step": null, "ts": 1663876235.1356006}]}, "version": 281}
{"obj": {"type": "LogStrings", "path": ["monitoring", "stderr"], "values": [{"value": "  File \"script/run.py\", line 32, in train_and_validate\n", "step": null, "ts": 1663876235.1366563}]}, "version": 282}
{"obj": {"type": "LogStrings", "path": ["monitoring", "stderr"], "values": [{"value": "    ", "step": null, "ts": 1663876235.1383772}]}, "version": 283}
{"obj": {"type": "LogStrings", "path": ["monitoring", "stderr"], "values": [{"value": "solver.train(**kwargs)", "step": null, "ts": 1663876235.1394331}]}, "version": 284}
{"obj": {"type": "LogStrings", "path": ["monitoring", "stderr"], "values": [{"value": "\n", "step": null, "ts": 1663876235.1405196}]}, "version": 285}
{"obj": {"type": "LogStrings", "path": ["monitoring", "stderr"], "values": [{"value": "  File \"/usr/local/lib/python3.7/dist-packages/torchdrug/core/engine.py\", line 155, in train\n", "step": null, "ts": 1663876235.141456}]}, "version": 286}
{"obj": {"type": "LogStrings", "path": ["monitoring", "stderr"], "values": [{"value": "    ", "step": null, "ts": 1663876235.1425338}]}, "version": 287}
{"obj": {"type": "LogStrings", "path": ["monitoring", "stderr"], "values": [{"value": "loss, metric = model(batch)", "step": null, "ts": 1663876235.1435761}]}, "version": 288}
{"obj": {"type": "LogStrings", "path": ["monitoring", "stderr"], "values": [{"value": "\n", "step": null, "ts": 1663876235.1445177}]}, "version": 289}
{"obj": {"type": "LogStrings", "path": ["monitoring", "stderr"], "values": [{"value": "  File \"/usr/local/lib/python3.7/dist-packages/torch/nn/modules/module.py\", line 889, in _call_impl\n", "step": null, "ts": 1663876235.14557}]}, "version": 290}
{"obj": {"type": "LogStrings", "path": ["monitoring", "stderr"], "values": [{"value": "    ", "step": null, "ts": 1663876235.1468678}]}, "version": 291}
{"obj": {"type": "LogStrings", "path": ["monitoring", "stderr"], "values": [{"value": "result = self.forward(*input, **kwargs)", "step": null, "ts": 1663876235.147958}]}, "version": 292}
{"obj": {"type": "LogStrings", "path": ["monitoring", "stderr"], "values": [{"value": "\n", "step": null, "ts": 1663876235.1489563}]}, "version": 293}
{"obj": {"type": "LogStrings", "path": ["monitoring", "stderr"], "values": [{"value": "  File \"/content/drive/MyDrive/Colab Notebooks/partC/NBFNet/nbfnet/task.py\", line 134, in forward\n", "step": null, "ts": 1663876235.1500192}]}, "version": 294}
{"obj": {"type": "LogStrings", "path": ["monitoring", "stderr"], "values": [{"value": "    ", "step": null, "ts": 1663876235.1671143}]}, "version": 295}
{"obj": {"type": "LogStrings", "path": ["monitoring", "stderr"], "values": [{"value": "pred, target = self.predict_and_target(batch, all_loss, metric)", "step": null, "ts": 1663876235.1702867}]}, "version": 296}
{"obj": {"type": "LogStrings", "path": ["monitoring", "stderr"], "values": [{"value": "\n", "step": null, "ts": 1663876235.1713808}]}, "version": 297}
{"obj": {"type": "LogStrings", "path": ["monitoring", "stderr"], "values": [{"value": "  File \"/content/drive/MyDrive/Colab Notebooks/partC/NBFNet/nbfnet/task.py\", line 185, in predict_and_target\n", "step": null, "ts": 1663876235.1724622}]}, "version": 298}
{"obj": {"type": "LogStrings", "path": ["monitoring", "stderr"], "values": [{"value": "    ", "step": null, "ts": 1663876235.1744773}]}, "version": 299}
{"obj": {"type": "LogStrings", "path": ["monitoring", "stderr"], "values": [{"value": "neg_h_index, neg_t_index = self._strict_negative(batch_size * num_negative, self.split)", "step": null, "ts": 1663876235.1755505}]}, "version": 300}
{"obj": {"type": "LogStrings", "path": ["monitoring", "stderr"], "values": [{"value": "\n", "step": null, "ts": 1663876235.1765425}]}, "version": 301}
{"obj": {"type": "LogStrings", "path": ["monitoring", "stderr"], "values": [{"value": "  File \"/usr/local/lib/python3.7/dist-packages/torch/autograd/grad_mode.py\", line 27, in decorate_context\n", "step": null, "ts": 1663876235.1775749}]}, "version": 302}
{"obj": {"type": "LogStrings", "path": ["monitoring", "stderr"], "values": [{"value": "    ", "step": null, "ts": 1663876235.1786716}]}, "version": 303}
{"obj": {"type": "LogStrings", "path": ["monitoring", "stderr"], "values": [{"value": "return func(*args, **kwargs)", "step": null, "ts": 1663876235.1798692}]}, "version": 304}
{"obj": {"type": "LogStrings", "path": ["monitoring", "stderr"], "values": [{"value": "\n", "step": null, "ts": 1663876235.180936}]}, "version": 305}
{"obj": {"type": "LogStrings", "path": ["monitoring", "stderr"], "values": [{"value": "  File \"/content/drive/MyDrive/Colab Notebooks/partC/NBFNet/nbfnet/task.py\", line 164, in _strict_negative\n", "step": null, "ts": 1663876235.1820009}]}, "version": 306}
{"obj": {"type": "LogStrings", "path": ["monitoring", "stderr"], "values": [{"value": "    ", "step": null, "ts": 1663876235.1838565}]}, "version": 307}
{"obj": {"type": "LogStrings", "path": ["monitoring", "stderr"], "values": [{"value": "edge_index, num_t_truth = graph.match(pattern)", "step": null, "ts": 1663876235.184847}]}, "version": 308}
{"obj": {"type": "LogStrings", "path": ["monitoring", "stderr"], "values": [{"value": "\n", "step": null, "ts": 1663876235.1858215}]}, "version": 309}
{"obj": {"type": "LogStrings", "path": ["monitoring", "stderr"], "values": [{"value": "  File \"/usr/local/lib/python3.7/dist-packages/torchdrug/data/graph.py\", line 511, in match\n", "step": null, "ts": 1663876235.186894}]}, "version": 310}
{"obj": {"type": "LogStrings", "path": ["monitoring", "stderr"], "values": [{"value": "    ", "step": null, "ts": 1663876235.1880083}]}, "version": 311}
{"obj": {"type": "LogStrings", "path": ["monitoring", "stderr"], "values": [{"value": "ranges = inverted_range.get(type_edge, default=0)", "step": null, "ts": 1663876235.1890655}]}, "version": 312}
{"obj": {"type": "LogStrings", "path": ["monitoring", "stderr"], "values": [{"value": "\n", "step": null, "ts": 1663876235.190154}]}, "version": 313}
{"obj": {"type": "LogStrings", "path": ["monitoring", "stderr"], "values": [{"value": "  File \"/usr/local/lib/python3.7/dist-packages/torchdrug/data/dictionary.py\", line 231, in get\n", "step": null, "ts": 1663876235.1911757}]}, "version": 314}
{"obj": {"type": "LogStrings", "path": ["monitoring", "stderr"], "values": [{"value": "    ", "step": null, "ts": 1663876235.1924436}]}, "version": 315}
{"obj": {"type": "LogStrings", "path": ["monitoring", "stderr"], "values": [{"value": "keys = torch.as_tensor(keys, dtype=torch.long, device=self.device)", "step": null, "ts": 1663876235.1936026}]}, "version": 316}
{"obj": {"type": "LogStrings", "path": ["monitoring", "stderr"], "values": [{"value": "\n", "step": null, "ts": 1663876235.1945965}]}, "version": 317}
{"obj": {"type": "LogStrings", "path": ["monitoring", "stderr"], "values": [{"value": "  File \"/usr/local/lib/python3.7/dist-packages/torchdrug/data/dictionary.py\", line 259, in device\n", "step": null, "ts": 1663876235.195609}]}, "version": 318}
{"obj": {"type": "LogStrings", "path": ["monitoring", "stderr"], "values": [{"value": "    ", "step": null, "ts": 1663876235.1968176}]}, "version": 319}
{"obj": {"type": "LogStrings", "path": ["monitoring", "stderr"], "values": [{"value": "return self.keys.device", "step": null, "ts": 1663876235.1978767}]}, "version": 320}
{"obj": {"type": "LogStrings", "path": ["monitoring", "stderr"], "values": [{"value": "\n", "step": null, "ts": 1663876235.1988668}]}, "version": 321}
{"obj": {"type": "LogStrings", "path": ["monitoring", "stderr"], "values": [{"value": "KeyboardInterrupt", "step": null, "ts": 1663876235.199925}]}, "version": 322}
{"obj": {"type": "LogStrings", "path": ["monitoring", "stderr"], "values": [{"value": "", "step": null, "ts": 1663876235.2009706}]}, "version": 323}
{"obj": {"type": "LogStrings", "path": ["monitoring", "stderr"], "values": [{"value": "\n", "step": null, "ts": 1663876235.2019484}]}, "version": 324}
{"obj": {"type": "LogStrings", "path": ["monitoring", "stdout"], "values": [{"value": "Shutting down background jobs, please wait a moment...\n", "step": null, "ts": 1663876235.2032967}]}, "version": 325}
